This is pdfTeX, Version 3.141592653-2.6-1.40.25 (MiKTeX 24.1) (preloaded format=pdflatex 2026.1.20)  8 FEB 2026 17:58
entering extended mode
 restricted \write18 enabled.
 %&-line parsing enabled.
**./output/Gramatica-Normativa-Kaqchikel_páginas_160-164_version_1.tex
(output/Gramatica-Normativa-Kaqchikel_páginas_160-164_version_1.tex
LaTeX2e <2023-11-01> patch level 1
L3 programming layer <2024-01-04>
(C:\Users\elcar\AppData\Local\Programs\MiKTeX\tex/latex/base\article.cls
Document Class: article 2023/05/17 v1.4n Standard LaTeX document class
(C:\Users\elcar\AppData\Local\Programs\MiKTeX\tex/latex/base\size10.clo
File: size10.clo 2023/05/17 v1.4n Standard LaTeX file (size option)
)
\c@part=\count187
\c@section=\count188
\c@subsection=\count189
\c@subsubsection=\count190
\c@paragraph=\count191
\c@subparagraph=\count192
\c@figure=\count193
\c@table=\count194
\abovecaptionskip=\skip48
\belowcaptionskip=\skip49
\bibindent=\dimen140
)
(C:\Users\elcar\AppData\Local\Programs\MiKTeX\tex/latex/base\fontenc.sty
Package: fontenc 2021/04/29 v2.0v Standard LaTeX package
)
(C:\Users\elcar\AppData\Local\Programs\MiKTeX\tex/latex/base\inputenc.sty
Package: inputenc 2021/02/14 v1.3d Input encoding file
\inpenc@prehook=\toks17
\inpenc@posthook=\toks18
)
(C:\Users\elcar\AppData\Local\Programs\MiKTeX\tex/latex/lm\lmodern.sty
Package: lmodern 2015/05/01 v1.6.1 Latin Modern Fonts
LaTeX Font Info:    Overwriting symbol font `operators' in version `normal'
(Font)                  OT1/cmr/m/n --> OT1/lmr/m/n on input line 22.
LaTeX Font Info:    Overwriting symbol font `letters' in version `normal'
(Font)                  OML/cmm/m/it --> OML/lmm/m/it on input line 23.
LaTeX Font Info:    Overwriting symbol font `symbols' in version `normal'
(Font)                  OMS/cmsy/m/n --> OMS/lmsy/m/n on input line 24.
LaTeX Font Info:    Overwriting symbol font `largesymbols' in version `normal'
(Font)                  OMX/cmex/m/n --> OMX/lmex/m/n on input line 25.
LaTeX Font Info:    Overwriting symbol font `operators' in version `bold'
(Font)                  OT1/cmr/bx/n --> OT1/lmr/bx/n on input line 26.
LaTeX Font Info:    Overwriting symbol font `letters' in version `bold'
(Font)                  OML/cmm/b/it --> OML/lmm/b/it on input line 27.
LaTeX Font Info:    Overwriting symbol font `symbols' in version `bold'
(Font)                  OMS/cmsy/b/n --> OMS/lmsy/b/n on input line 28.
LaTeX Font Info:    Overwriting symbol font `largesymbols' in version `bold'
(Font)                  OMX/cmex/m/n --> OMX/lmex/m/n on input line 29.
LaTeX Font Info:    Overwriting math alphabet `\mathbf' in version `normal'
(Font)                  OT1/cmr/bx/n --> OT1/lmr/bx/n on input line 31.
LaTeX Font Info:    Overwriting math alphabet `\mathsf' in version `normal'
(Font)                  OT1/cmss/m/n --> OT1/lmss/m/n on input line 32.
LaTeX Font Info:    Overwriting math alphabet `\mathit' in version `normal'
(Font)                  OT1/cmr/m/it --> OT1/lmr/m/it on input line 33.
LaTeX Font Info:    Overwriting math alphabet `\mathtt' in version `normal'
(Font)                  OT1/cmtt/m/n --> OT1/lmtt/m/n on input line 34.
LaTeX Font Info:    Overwriting math alphabet `\mathbf' in version `bold'
(Font)                  OT1/cmr/bx/n --> OT1/lmr/bx/n on input line 35.
LaTeX Font Info:    Overwriting math alphabet `\mathsf' in version `bold'
(Font)                  OT1/cmss/bx/n --> OT1/lmss/bx/n on input line 36.
LaTeX Font Info:    Overwriting math alphabet `\mathit' in version `bold'
(Font)                  OT1/cmr/bx/it --> OT1/lmr/bx/it on input line 37.
LaTeX Font Info:    Overwriting math alphabet `\mathtt' in version `bold'
(Font)                  OT1/cmtt/m/n --> OT1/lmtt/m/n on input line 38.
)
(C:\Users\elcar\AppData\Local\Programs\MiKTeX\tex/latex/base\textcomp.sty
Package: textcomp 2020/02/02 v2.0n Standard LaTeX package
)
(C:\Users\elcar\AppData\Local\Programs\MiKTeX\tex/latex/lastpage\lastpage.sty
Package: lastpage 2025/08/14 v2.1h lastpage: 2.09 or 2e? (HMM)

(C:\Users\elcar\AppData\Local\Programs\MiKTeX\tex/latex/lastpage\lastpage2e.sty
Package: lastpage2e 2025/08/14 v2.1h Decide which 2e lastpage version to use (H
MM)

(C:\Users\elcar\AppData\Local\Programs\MiKTeX\tex/latex/lastpage\lastpageclassi
c.sty
Package: lastpageclassic 2025/08/14 v2.1h Refers to last page's name (HMM; JPG)

) 
))
(C:\Users\elcar\AppData\Local\Programs\MiKTeX\tex/latex/geometry\geometry.sty
Package: geometry 2020/01/02 v5.9 Page Geometry

(C:\Users\elcar\AppData\Local\Programs\MiKTeX\tex/latex/graphics\keyval.sty
Package: keyval 2022/05/29 v1.15 key=value parser (DPC)
\KV@toks@=\toks19
)
(C:\Users\elcar\AppData\Local\Programs\MiKTeX\tex/generic/iftex\ifvtex.sty
Package: ifvtex 2019/10/25 v1.7 ifvtex legacy package. Use iftex instead.

(C:\Users\elcar\AppData\Local\Programs\MiKTeX\tex/generic/iftex\iftex.sty
Package: iftex 2022/02/03 v1.0f TeX engine tests
))
\Gm@cnth=\count195
\Gm@cntv=\count196
\c@Gm@tempcnt=\count197
\Gm@bindingoffset=\dimen141
\Gm@wd@mp=\dimen142
\Gm@odd@mp=\dimen143
\Gm@even@mp=\dimen144
\Gm@layoutwidth=\dimen145
\Gm@layoutheight=\dimen146
\Gm@layouthoffset=\dimen147
\Gm@layoutvoffset=\dimen148
\Gm@dimlist=\toks20

(C:\Users\elcar\AppData\Local\Programs\MiKTeX\tex/latex/geometry\geometry.cfg))
(C:\Users\elcar\AppData\Local\Programs\MiKTeX\tex/latex/expex\expex.sty
Package: expex 5/1/2017 v5.1b LaTex wrapper for expex.tex (JF)

(C:\Users\elcar\AppData\Local\Programs\MiKTeX\tex/latex/xkeyval\xkeyval.sty
Package: xkeyval 2022/06/16 v2.9 package option processing (HA)

(C:\Users\elcar\AppData\Local\Programs\MiKTeX\tex/generic/xkeyval\xkeyval.tex
(C:\Users\elcar\AppData\Local\Programs\MiKTeX\tex/generic/xkeyval\xkvutils.tex
\XKV@toks=\toks21
\XKV@tempa@toks=\toks22
)
\XKV@depth=\count198
File: xkeyval.tex 2014/12/03 v2.7a key=value parser (HA)
)) (C:\Users\elcar\AppData\Local\Programs\MiKTeX\tex/generic/expex\expex.tex
File: expex.tex 5/25/2017 v5.1b ExPex linguistics example formatter (JF)
\ep@dima=\dimen149
\ep@dimb=\dimen150
\ep@dimc=\dimen151
\ep@cnta=\count199
\epc@b=\count266
\excnt=\count267
\numbox=\box51
\epd@numright=\dimen152
\pexcnt=\count268
\epd@labelleft=\dimen153
\epd@labelright=\dimen154
\epd@textleft=\dimen155
\epd@preambleleft=\dimen156
\epd@sampleexnowidth=\dimen157
\ep@everylabel=\toks23
\exnobox=\box52
\ling@tagsfile=\write3
\ling@tagsin=\read2
\glstrutbox=\box53
\ep@cascadeindent=\dimen158
\ep@hangindentamount=\dimen159
\ep@cascadecount=\count269
\gltoks@a=\toks24
\gltoks@b=\toks25
\glw@maxht=\dimen160
\glw@maxdp=\dimen161
\@itemtype=\count270
\gl@maxdplast=\dimen162
\gltoks@sofar=\toks26
\gltoks@every=\toks27
\gltoks@next=\toks28
\debug@glword=\box54
\@glaparsestate=\count271
\glwcascade@pshapeindent=\dimen163
\glwcascade@pshapelinewd=\dimen164
\ssleftwd=\dimen165
\ssrightwd=\dimen166
))
(C:\Users\elcar\AppData\Local\Programs\MiKTeX\tex/latex/base\fontenc.sty
Package: fontenc 2021/04/29 v2.0v Standard LaTeX package
LaTeX Font Info:    Trying to load font information for T1+lmr on input line 11
2.

(C:\Users\elcar\AppData\Local\Programs\MiKTeX\tex/latex/lm\t1lmr.fd
File: t1lmr.fd 2015/05/01 v1.6.1 Font defs for Latin Modern
))
(C:\Users\elcar\AppData\Local\Programs\MiKTeX\tex/latex/l3backend\l3backend-pdf
tex.def
File: l3backend-pdftex.def 2024-01-04 L3 backend support: PDF output (pdfTeX)
\l__color_backend_stack_int=\count272
\l__pdf_internal_box=\box55
)
No file Gramatica-Normativa-Kaqchikel_páginas_160-164_version_1.aux.
\openout1 = `Gramatica-Normativa-Kaqchikel_páginas_160-164_version_1.aux'.

LaTeX Font Info:    Checking defaults for OML/cmm/m/it on input line 16.
LaTeX Font Info:    ... okay on input line 16.
LaTeX Font Info:    Checking defaults for OMS/cmsy/m/n on input line 16.
LaTeX Font Info:    ... okay on input line 16.
LaTeX Font Info:    Checking defaults for OT1/cmr/m/n on input line 16.
LaTeX Font Info:    ... okay on input line 16.
LaTeX Font Info:    Checking defaults for T1/cmr/m/n on input line 16.
LaTeX Font Info:    ... okay on input line 16.
LaTeX Font Info:    Checking defaults for TS1/cmr/m/n on input line 16.
LaTeX Font Info:    ... okay on input line 16.
LaTeX Font Info:    Checking defaults for OMX/cmex/m/n on input line 16.
LaTeX Font Info:    ... okay on input line 16.
LaTeX Font Info:    Checking defaults for U/cmr/m/n on input line 16.
LaTeX Font Info:    ... okay on input line 16.
*geometry* driver: auto-detecting
*geometry* detected driver: pdftex
*geometry* verbose mode - [ preamble ] result:
* driver: pdftex
* paper: <default>
* layout: <same size as paper>
* layoutoffset:(h,v)=(0.0pt,0.0pt)
* modes: 
* h-part:(L,W,R)=(71.13188pt, 472.03123pt, 71.13188pt)
* v-part:(T,H,B)=(71.13188pt, 652.70622pt, 71.13188pt)
* \paperwidth=614.295pt
* \paperheight=794.96999pt
* \textwidth=472.03123pt
* \textheight=652.70622pt
* \oddsidemargin=-1.1381pt
* \evensidemargin=-1.1381pt
* \topmargin=-38.1381pt
* \headheight=12.0pt
* \headsep=25.0pt
* \topskip=10.0pt
* \footskip=30.0pt
* \marginparwidth=65.0pt
* \marginparsep=11.0pt
* \columnsep=10.0pt
* \skip\footins=9.0pt plus 4.0pt minus 2.0pt
* \hoffset=0.0pt
* \voffset=0.0pt
* \mag=1000
* \@twocolumnfalse
* \@twosidefalse
* \@mparswitchfalse
* \@reversemarginfalse
* (1in=72.27pt=25.4mm, 1cm=28.453pt)

LaTeX Font Info:    Trying to load font information for OT1+lmr on input line 1
8.
(C:\Users\elcar\AppData\Local\Programs\MiKTeX\tex/latex/lm\ot1lmr.fd
File: ot1lmr.fd 2015/05/01 v1.6.1 Font defs for Latin Modern
)
LaTeX Font Info:    Trying to load font information for OML+lmm on input line 1
8.

(C:\Users\elcar\AppData\Local\Programs\MiKTeX\tex/latex/lm\omllmm.fd
File: omllmm.fd 2015/05/01 v1.6.1 Font defs for Latin Modern
)
LaTeX Font Info:    Trying to load font information for OMS+lmsy on input line 
18.

(C:\Users\elcar\AppData\Local\Programs\MiKTeX\tex/latex/lm\omslmsy.fd
File: omslmsy.fd 2015/05/01 v1.6.1 Font defs for Latin Modern
)
LaTeX Font Info:    Trying to load font information for OMX+lmex on input line 
18.

(C:\Users\elcar\AppData\Local\Programs\MiKTeX\tex/latex/lm\omxlmex.fd
File: omxlmex.fd 2015/05/01 v1.6.1 Font defs for Latin Modern
)
LaTeX Font Info:    External font `lmex10' loaded for size
(Font)              <12> on input line 18.
LaTeX Font Info:    External font `lmex10' loaded for size
(Font)              <8> on input line 18.
LaTeX Font Info:    External font `lmex10' loaded for size
(Font)              <6> on input line 18.


! LaTeX Error: Unicode character ۰ (U+06F0)
               not set up for use with LaTeX.

See the LaTeX manual or LaTeX Companion for explanation.
Type  H <return>  for immediate help.
 ...                                              
                                                  
l.26 ۰
       ۰۰/۰۰۰/۰۰۰/۰۰ Como adverbio (modificador en predicado verba...

You may provide a definition with
\DeclareUnicodeCharacter 


! LaTeX Error: Unicode character ۰ (U+06F0)
               not set up for use with LaTeX.

See the LaTeX manual or LaTeX Companion for explanation.
Type  H <return>  for immediate help.
 ...                                              
                                                  
l.26 ۰۰
         ۰/۰۰۰/۰۰۰/۰۰ Como adverbio (modificador en predicado verba...

You may provide a definition with
\DeclareUnicodeCharacter 


! LaTeX Error: Unicode character ۰ (U+06F0)
               not set up for use with LaTeX.

See the LaTeX manual or LaTeX Companion for explanation.
Type  H <return>  for immediate help.
 ...                                              
                                                  
l.26 ۰۰۰
           /۰۰۰/۰۰۰/۰۰ Como adverbio (modificador en predicado verba...

You may provide a definition with
\DeclareUnicodeCharacter 


! LaTeX Error: Unicode character ۰ (U+06F0)
               not set up for use with LaTeX.

See the LaTeX manual or LaTeX Companion for explanation.
Type  H <return>  for immediate help.
 ...                                              
                                                  
l.26 ۰۰۰/۰
              ۰۰/۰۰۰/۰۰ Como adverbio (modificador en predicado verba...

You may provide a definition with
\DeclareUnicodeCharacter 


! LaTeX Error: Unicode character ۰ (U+06F0)
               not set up for use with LaTeX.

See the LaTeX manual or LaTeX Companion for explanation.
Type  H <return>  for immediate help.
 ...                                              
                                                  
l.26 ۰۰۰/۰۰
                ۰/۰۰۰/۰۰ Como adverbio (modificador en predicado verba...

You may provide a definition with
\DeclareUnicodeCharacter 


! LaTeX Error: Unicode character ۰ (U+06F0)
               not set up for use with LaTeX.

See the LaTeX manual or LaTeX Companion for explanation.
Type  H <return>  for immediate help.
 ...                                              
                                                  
l.26 ۰۰۰/۰۰۰
                  /۰۰۰/۰۰ Como adverbio (modificador en predicado verba...

You may provide a definition with
\DeclareUnicodeCharacter 


! LaTeX Error: Unicode character ۰ (U+06F0)
               not set up for use with LaTeX.

See the LaTeX manual or LaTeX Companion for explanation.
Type  H <return>  for immediate help.
 ...                                              
                                                  
l.26 ۰۰۰/۰۰۰/۰
                     ۰۰/۰۰ Como adverbio (modificador en predicado verba...

You may provide a definition with
\DeclareUnicodeCharacter 


! LaTeX Error: Unicode character ۰ (U+06F0)
               not set up for use with LaTeX.

See the LaTeX manual or LaTeX Companion for explanation.
Type  H <return>  for immediate help.
 ...                                              
                                                  
l.26 ۰۰۰/۰۰۰/۰۰
                       ۰/۰۰ Como adverbio (modificador en predicado verba...

You may provide a definition with
\DeclareUnicodeCharacter 


! LaTeX Error: Unicode character ۰ (U+06F0)
               not set up for use with LaTeX.

See the LaTeX manual or LaTeX Companion for explanation.
Type  H <return>  for immediate help.
 ...                                              
                                                  
l.26 ۰۰۰/۰۰۰/۰۰۰
                         /۰۰ Como adverbio (modificador en predicado verba...

You may provide a definition with
\DeclareUnicodeCharacter 


! LaTeX Error: Unicode character ۰ (U+06F0)
               not set up for use with LaTeX.

See the LaTeX manual or LaTeX Companion for explanation.
Type  H <return>  for immediate help.
 ...                                              
                                                  
l.26 ۰۰۰/۰۰۰/۰۰۰/۰
                            ۰ Como adverbio (modificador en predicado verba...

You may provide a definition with
\DeclareUnicodeCharacter 


! LaTeX Error: Unicode character ۰ (U+06F0)
               not set up for use with LaTeX.

See the LaTeX manual or LaTeX Companion for explanation.
Type  H <return>  for immediate help.
 ...                                              
                                                  
l.26 ۰۰۰/۰۰۰/۰۰۰/۰۰
                               Como adverbio (modificador en predicado verba...

You may provide a definition with
\DeclareUnicodeCharacter 


! LaTeX Error: Unicode character ۰ (U+06F0)
               not set up for use with LaTeX.

See the LaTeX manual or LaTeX Companion for explanation.
Type  H <return>  for immediate help.
 ...                                              
                                                  
l.39 ۰
       ۰۰/۰/۰۰ %
You may provide a definition with
\DeclareUnicodeCharacter 


! LaTeX Error: Unicode character ۰ (U+06F0)
               not set up for use with LaTeX.

See the LaTeX manual or LaTeX Companion for explanation.
Type  H <return>  for immediate help.
 ...                                              
                                                  
l.39 ۰۰
         ۰/۰/۰۰ %
You may provide a definition with
\DeclareUnicodeCharacter 


! LaTeX Error: Unicode character ۰ (U+06F0)
               not set up for use with LaTeX.

See the LaTeX manual or LaTeX Companion for explanation.
Type  H <return>  for immediate help.
 ...                                              
                                                  
l.39 ۰۰۰
           /۰/۰۰ %
You may provide a definition with
\DeclareUnicodeCharacter 


! LaTeX Error: Unicode character ۰ (U+06F0)
               not set up for use with LaTeX.

See the LaTeX manual or LaTeX Companion for explanation.
Type  H <return>  for immediate help.
 ...                                              
                                                  
l.39 ۰۰۰/۰
              /۰۰ %
You may provide a definition with
\DeclareUnicodeCharacter 


! LaTeX Error: Unicode character ۰ (U+06F0)
               not set up for use with LaTeX.

See the LaTeX manual or LaTeX Companion for explanation.
Type  H <return>  for immediate help.
 ...                                              
                                                  
l.39 ۰۰۰/۰/۰
                 ۰ %
You may provide a definition with
\DeclareUnicodeCharacter 


! LaTeX Error: Unicode character ۰ (U+06F0)
               not set up for use with LaTeX.

See the LaTeX manual or LaTeX Companion for explanation.
Type  H <return>  for immediate help.
 ...                                              
                                                  
l.39 ۰۰۰/۰/۰۰
                    %
You may provide a definition with
\DeclareUnicodeCharacter 


! LaTeX Error: Unicode character ۰ (U+06F0)
               not set up for use with LaTeX.

See the LaTeX manual or LaTeX Companion for explanation.
Type  H <return>  for immediate help.
 ...                                              
                                                  
l.48 ۰
       ۰۰/۰/۰۰۰/۰ Sintagma verbal intransitivo %
You may provide a definition with
\DeclareUnicodeCharacter 


! LaTeX Error: Unicode character ۰ (U+06F0)
               not set up for use with LaTeX.

See the LaTeX manual or LaTeX Companion for explanation.
Type  H <return>  for immediate help.
 ...                                              
                                                  
l.48 ۰۰
         ۰/۰/۰۰۰/۰ Sintagma verbal intransitivo %
You may provide a definition with
\DeclareUnicodeCharacter 


! LaTeX Error: Unicode character ۰ (U+06F0)
               not set up for use with LaTeX.

See the LaTeX manual or LaTeX Companion for explanation.
Type  H <return>  for immediate help.
 ...                                              
                                                  
l.48 ۰۰۰
           /۰/۰۰۰/۰ Sintagma verbal intransitivo %
You may provide a definition with
\DeclareUnicodeCharacter 


! LaTeX Error: Unicode character ۰ (U+06F0)
               not set up for use with LaTeX.

See the LaTeX manual or LaTeX Companion for explanation.
Type  H <return>  for immediate help.
 ...                                              
                                                  
l.48 ۰۰۰/۰
              /۰۰۰/۰ Sintagma verbal intransitivo %
You may provide a definition with
\DeclareUnicodeCharacter 


! LaTeX Error: Unicode character ۰ (U+06F0)
               not set up for use with LaTeX.

See the LaTeX manual or LaTeX Companion for explanation.
Type  H <return>  for immediate help.
 ...                                              
                                                  
l.48 ۰۰۰/۰/۰
                 ۰۰/۰ Sintagma verbal intransitivo %
You may provide a definition with
\DeclareUnicodeCharacter 


! LaTeX Error: Unicode character ۰ (U+06F0)
               not set up for use with LaTeX.

See the LaTeX manual or LaTeX Companion for explanation.
Type  H <return>  for immediate help.
 ...                                              
                                                  
l.48 ۰۰۰/۰/۰۰
                   ۰/۰ Sintagma verbal intransitivo %
You may provide a definition with
\DeclareUnicodeCharacter 


! LaTeX Error: Unicode character ۰ (U+06F0)
               not set up for use with LaTeX.

See the LaTeX manual or LaTeX Companion for explanation.
Type  H <return>  for immediate help.
 ...                                              
                                                  
l.48 ۰۰۰/۰/۰۰۰
                     /۰ Sintagma verbal intransitivo %
You may provide a definition with
\DeclareUnicodeCharacter 


! LaTeX Error: Unicode character ۰ (U+06F0)
               not set up for use with LaTeX.

See the LaTeX manual or LaTeX Companion for explanation.
Type  H <return>  for immediate help.
 ...                                              
                                                  
l.48 ۰۰۰/۰/۰۰۰/۰
                         Sintagma verbal intransitivo %
You may provide a definition with
\DeclareUnicodeCharacter 


! LaTeX Error: Unicode character ۰ (U+06F0)
               not set up for use with LaTeX.

See the LaTeX manual or LaTeX Companion for explanation.
Type  H <return>  for immediate help.
 ...                                              
                                                  
l.57 ۰
       ۰۰/۰/۰۰۰/۰/ Modificadores del verbo intransitivo %
You may provide a definition with
\DeclareUnicodeCharacter 


! LaTeX Error: Unicode character ۰ (U+06F0)
               not set up for use with LaTeX.

See the LaTeX manual or LaTeX Companion for explanation.
Type  H <return>  for immediate help.
 ...                                              
                                                  
l.57 ۰۰
         ۰/۰/۰۰۰/۰/ Modificadores del verbo intransitivo %
You may provide a definition with
\DeclareUnicodeCharacter 


! LaTeX Error: Unicode character ۰ (U+06F0)
               not set up for use with LaTeX.

See the LaTeX manual or LaTeX Companion for explanation.
Type  H <return>  for immediate help.
 ...                                              
                                                  
l.57 ۰۰۰
           /۰/۰۰۰/۰/ Modificadores del verbo intransitivo %
You may provide a definition with
\DeclareUnicodeCharacter 


! LaTeX Error: Unicode character ۰ (U+06F0)
               not set up for use with LaTeX.

See the LaTeX manual or LaTeX Companion for explanation.
Type  H <return>  for immediate help.
 ...                                              
                                                  
l.57 ۰۰۰/۰
              /۰۰۰/۰/ Modificadores del verbo intransitivo %
You may provide a definition with
\DeclareUnicodeCharacter 


! LaTeX Error: Unicode character ۰ (U+06F0)
               not set up for use with LaTeX.

See the LaTeX manual or LaTeX Companion for explanation.
Type  H <return>  for immediate help.
 ...                                              
                                                  
l.57 ۰۰۰/۰/۰
                 ۰۰/۰/ Modificadores del verbo intransitivo %
You may provide a definition with
\DeclareUnicodeCharacter 


! LaTeX Error: Unicode character ۰ (U+06F0)
               not set up for use with LaTeX.

See the LaTeX manual or LaTeX Companion for explanation.
Type  H <return>  for immediate help.
 ...                                              
                                                  
l.57 ۰۰۰/۰/۰۰
                   ۰/۰/ Modificadores del verbo intransitivo %
You may provide a definition with
\DeclareUnicodeCharacter 


! LaTeX Error: Unicode character ۰ (U+06F0)
               not set up for use with LaTeX.

See the LaTeX manual or LaTeX Companion for explanation.
Type  H <return>  for immediate help.
 ...                                              
                                                  
l.57 ۰۰۰/۰/۰۰۰
                     /۰/ Modificadores del verbo intransitivo %
You may provide a definition with
\DeclareUnicodeCharacter 


! LaTeX Error: Unicode character ۰ (U+06F0)
               not set up for use with LaTeX.

See the LaTeX manual or LaTeX Companion for explanation.
Type  H <return>  for immediate help.
 ...                                              
                                                  
l.57 ۰۰۰/۰/۰۰۰/۰
                        / Modificadores del verbo intransitivo %
You may provide a definition with
\DeclareUnicodeCharacter 


! LaTeX Error: Unicode character ۰ (U+06F0)
               not set up for use with LaTeX.

See the LaTeX manual or LaTeX Companion for explanation.
Type  H <return>  for immediate help.
 ...                                              
                                                  
l.62 ۰
       ۰۰/۰/۰۰۰/۰/۰/۰ Partículas %
You may provide a definition with
\DeclareUnicodeCharacter 


! LaTeX Error: Unicode character ۰ (U+06F0)
               not set up for use with LaTeX.

See the LaTeX manual or LaTeX Companion for explanation.
Type  H <return>  for immediate help.
 ...                                              
                                                  
l.62 ۰۰
         ۰/۰/۰۰۰/۰/۰/۰ Partículas %
You may provide a definition with
\DeclareUnicodeCharacter 


! LaTeX Error: Unicode character ۰ (U+06F0)
               not set up for use with LaTeX.

See the LaTeX manual or LaTeX Companion for explanation.
Type  H <return>  for immediate help.
 ...                                              
                                                  
l.62 ۰۰۰
           /۰/۰۰۰/۰/۰/۰ Partículas %
You may provide a definition with
\DeclareUnicodeCharacter 


! LaTeX Error: Unicode character ۰ (U+06F0)
               not set up for use with LaTeX.

See the LaTeX manual or LaTeX Companion for explanation.
Type  H <return>  for immediate help.
 ...                                              
                                                  
l.62 ۰۰۰/۰
              /۰۰۰/۰/۰/۰ Partículas %
You may provide a definition with
\DeclareUnicodeCharacter 


! LaTeX Error: Unicode character ۰ (U+06F0)
               not set up for use with LaTeX.

See the LaTeX manual or LaTeX Companion for explanation.
Type  H <return>  for immediate help.
 ...                                              
                                                  
l.62 ۰۰۰/۰/۰
                 ۰۰/۰/۰/۰ Partículas %
You may provide a definition with
\DeclareUnicodeCharacter 


! LaTeX Error: Unicode character ۰ (U+06F0)
               not set up for use with LaTeX.

See the LaTeX manual or LaTeX Companion for explanation.
Type  H <return>  for immediate help.
 ...                                              
                                                  
l.62 ۰۰۰/۰/۰۰
                   ۰/۰/۰/۰ Partículas %
You may provide a definition with
\DeclareUnicodeCharacter 


! LaTeX Error: Unicode character ۰ (U+06F0)
               not set up for use with LaTeX.

See the LaTeX manual or LaTeX Companion for explanation.
Type  H <return>  for immediate help.
 ...                                              
                                                  
l.62 ۰۰۰/۰/۰۰۰
                     /۰/۰/۰ Partículas %
You may provide a definition with
\DeclareUnicodeCharacter 


! LaTeX Error: Unicode character ۰ (U+06F0)
               not set up for use with LaTeX.

See the LaTeX manual or LaTeX Companion for explanation.
Type  H <return>  for immediate help.
 ...                                              
                                                  
l.62 ۰۰۰/۰/۰۰۰/۰
                        /۰/۰ Partículas %
You may provide a definition with
\DeclareUnicodeCharacter 


! LaTeX Error: Unicode character ۰ (U+06F0)
               not set up for use with LaTeX.

See the LaTeX manual or LaTeX Companion for explanation.
Type  H <return>  for immediate help.
 ...                                              
                                                  
l.62 ۰۰۰/۰/۰۰۰/۰/۰
                           /۰ Partículas %
You may provide a definition with
\DeclareUnicodeCharacter 


! LaTeX Error: Unicode character ۰ (U+06F0)
               not set up for use with LaTeX.

See the LaTeX manual or LaTeX Companion for explanation.
Type  H <return>  for immediate help.
 ...                                              
                                                  
l.62 ۰۰۰/۰/۰۰۰/۰/۰/۰
                               Partículas %
You may provide a definition with
\DeclareUnicodeCharacter 


Package lastpage Warning: Rerun to get the references right on input line 73.


AED: lastpage setting LastPage
[1

{C:/Users/elcar/AppData/Local/MiKTeX/fonts/map/pdftex/pdftex.map}{C:/Users/elca
r/AppData/Local/Programs/MiKTeX/fonts/enc/dvips/lm/lm-ec.enc}]
(C:\Users\elcar\OneDrive\Documentos\MASTER\TFM\output\Gramatica-Normativa-Kaqch
ikel_páginas_160-164_version_1.aux)
 ***********
LaTeX2e <2023-11-01> patch level 1
L3 programming layer <2024-01-04>
 ***********


LaTeX Warning: Label(s) may have changed. Rerun to get cross-references right.

 ) 
Here is how much of TeX's memory you used:
 2387 strings out of 474486
 39985 string characters out of 5743755
 1931542 words of memory out of 5000000
 24666 multiletter control sequences out of 15000+600000
 584858 words of font info for 52 fonts, out of 8000000 for 9000
 1141 hyphenation exceptions out of 8191
 70i,6n,68p,298b,220s stack positions out of 10000i,1000n,20000p,200000b,200000s
<C:/Users/elcar/AppData/Local/Programs/MiKTeX/fonts/type1/public/lm/lmbx12.pf
b><C:/Users/elcar/AppData/Local/Programs/MiKTeX/fonts/type1/public/lm/lmr10.pfb
><C:/Users/elcar/AppData/Local/Programs/MiKTeX/fonts/type1/public/lm/lmr12.pfb>
<C:/Users/elcar/AppData/Local/Programs/MiKTeX/fonts/type1/public/lm/lmr17.pfb>
Output written on C:\Users\elcar\OneDrive\Documentos\MASTER\TFM\output\Gramatic
a-Normativa-Kaqchikel_páginas_160-164_version_1.pdf (1 page, 118067 bytes).
PDF statistics:
 27 PDF objects out of 1000 (max. 8388607)
 0 named destinations out of 1000 (max. 500000)
 1 words of extra memory for PDF output out of 10000 (max. 10000000)

