This is pdfTeX, Version 3.141592653-2.6-1.40.29 (TeX Live 2026) (preloaded format=pdflatex 2026.5.31)  31 MAY 2026 19:50
entering extended mode
 restricted \write18 enabled.
 file:line:error style messages enabled.
 %&-line parsing enabled.
**c:/Users/elcar/OneDrive/Documentos/MASTER/TFM/memoria/tfg-gim-v2.tex
(c:/Users/elcar/OneDrive/Documentos/MASTER/TFM/memoria/tfg-gim-v2.tex
LaTeX2e <2025-11-01>
L3 programming layer <2026-05-26>
(c:/texlive/2026/texmf-dist/tex/latex/koma-script/scrbook.cls
Document Class: scrbook 2026/02/02 v3.49.2 KOMA-Script document class (book)
(c:/texlive/2026/texmf-dist/tex/latex/koma-script/scrkbase.sty
Package: scrkbase 2026/02/02 v3.49.2 KOMA-Script package (KOMA-Script-dependent basics and keyval usage)
 (c:/texlive/2026/texmf-dist/tex/latex/koma-script/scrbase.sty
Package: scrbase 2026/02/02 v3.49.2 KOMA-Script package (KOMA-Script-independent basics and keyval usage)
 (c:/texlive/2026/texmf-dist/tex/latex/koma-script/scrlfile.sty
Package: scrlfile 2026/02/02 v3.49.2 KOMA-Script package (file load hooks)
 (c:/texlive/2026/texmf-dist/tex/latex/koma-script/scrlfile-hook.sty
Package: scrlfile-hook 2026/02/02 v3.49.2 KOMA-Script package (using LaTeX hooks)
 (c:/texlive/2026/texmf-dist/tex/latex/koma-script/scrlogo.sty
Package: scrlogo 2026/02/02 v3.49.2 KOMA-Script package (logo)
))) (c:/texlive/2026/texmf-dist/tex/latex/graphics/keyval.sty
Package: keyval 2022/05/29 v1.15 key=value parser (DPC)
\KV@toks@=\toks17
)
Applying: [2021/05/01] Usage of raw or classic option list on input line 254.
Already applied: [0000/00/00] Usage of raw or classic option list on input line 370.
)) (c:/texlive/2026/texmf-dist/tex/latex/koma-script/tocbasic.sty
Package: tocbasic 2026/02/02 v3.49.2 KOMA-Script package (handling toc-files)
\scr@dte@tocline@numberwidth=\skip49
\scr@dte@tocline@numbox=\box53
)
Package tocbasic Info: omitting babel extension for `toc'
(tocbasic)             because of feature `nobabel' available
(tocbasic)             for `toc' on input line 143.
Class scrbook Info: File `scrsize11pt.clo' used instead of
(scrbook)           file `scrsize11.clo' to setup font sizes on input line 2713.
 (c:/texlive/2026/texmf-dist/tex/latex/koma-script/scrsize11pt.clo
File: scrsize11pt.clo 2026/02/02 v3.49.2 KOMA-Script font size class option (11pt)
) (c:/texlive/2026/texmf-dist/tex/latex/koma-script/typearea.sty
Package: typearea 2026/02/02 v3.49.2 KOMA-Script package (type area)
\ta@bcor=\skip50
\ta@div=\count276
\ta@hblk=\skip51
\ta@vblk=\skip52
\ta@temp=\skip53
\footheight=\skip54
Package typearea Info: These are the values describing the layout:
(typearea)             DIV  = 10
(typearea)             BCOR = 0.0pt
(typearea)             \paperwidth      = 597.50793pt
(typearea)              \textwidth      = 418.25555pt
(typearea)              DIV departure   = -6%
(typearea)              \evensidemargin = 47.2316pt
(typearea)              \oddsidemargin  = -12.5192pt
(typearea)             \paperheight     = 845.04694pt
(typearea)              \textheight     = 595.80026pt
(typearea)              \topmargin      = -25.16531pt
(typearea)              \headheight     = 17.0pt
(typearea)              \headsep        = 20.40001pt
(typearea)              \topskip        = 11.0pt
(typearea)              \footskip       = 47.6pt
(typearea)              \baselineskip   = 13.6pt
(typearea)              on input line 1810.
)
\c@part=\count277
\c@chapter=\count278
\c@section=\count279
\c@subsection=\count280
\c@subsubsection=\count281
\c@paragraph=\count282
\c@subparagraph=\count283
\scr@dte@chapter@maxnumwidth=\skip55
Class scrbook Info: using compatibility default `afterindent=bysign'
(scrbook)           for `\chapter on input line 5945.
\scr@dte@section@maxnumwidth=\skip56
Class scrbook Info: using compatibility default `runin=bysign'
(scrbook)           for `\section on input line 5956.
Class scrbook Info: using compatibility default `afterindent=bysign'
(scrbook)           for `\section on input line 5956.
\scr@dte@part@maxnumwidth=\skip57
Class scrbook Info: using compatibility default `afterindent=true'
(scrbook)           for `\part on input line 5965.
\scr@dte@subsection@maxnumwidth=\skip58
Class scrbook Info: using compatibility default `runin=bysign'
(scrbook)           for `\subsection on input line 5975.
Class scrbook Info: using compatibility default `afterindent=bysign'
(scrbook)           for `\subsection on input line 5975.
\scr@dte@subsubsection@maxnumwidth=\skip59
Class scrbook Info: using compatibility default `runin=bysign'
(scrbook)           for `\subsubsection on input line 5985.
Class scrbook Info: using compatibility default `afterindent=bysign'
(scrbook)           for `\subsubsection on input line 5985.
\scr@dte@paragraph@maxnumwidth=\skip60
Class scrbook Info: using compatibility default `runin=bysign'
(scrbook)           for `\paragraph on input line 5996.
Class scrbook Info: using compatibility default `afterindent=bysign'
(scrbook)           for `\paragraph on input line 5996.
\scr@dte@subparagraph@maxnumwidth=\skip61
Class scrbook Info: using compatibility default `runin=bysign'
(scrbook)           for `\subparagraph on input line 6006.
Class scrbook Info: using compatibility default `afterindent=bysign'
(scrbook)           for `\subparagraph on input line 6006.
\abovecaptionskip=\skip62
\belowcaptionskip=\skip63
\c@pti@nb@sid@b@x=\box54
Package tocbasic Info: omitting babel extension for `lof'
(tocbasic)             because of feature `nobabel' available
(tocbasic)             for `lof' on input line 7242.
\scr@dte@figure@maxnumwidth=\skip64
\c@figure=\count284
Package tocbasic Info: omitting babel extension for `lot'
(tocbasic)             because of feature `nobabel' available
(tocbasic)             for `lot' on input line 7255.
\scr@dte@table@maxnumwidth=\skip65
\c@table=\count285
Class scrbook Info: Redefining `\numberline' on input line 7426.
\bibindent=\dimen150
) (c:/texlive/2026/texmf-dist/tex/latex/base/inputenc.sty
Package: inputenc 2024/02/08 v1.3d Input encoding file
\inpenc@prehook=\toks18
\inpenc@posthook=\toks19
) (c:/texlive/2026/texmf-dist/tex/generic/babel/babel.sty
Package: babel 2026/05/20 v26.8 The multilingual framework for LuaLaTeX, pdfLaTeX and XeLaTeX
\babel@savecnt=\count286
LaTeX Encoding Info:    Redeclaring text command \ij (encoding OT1) on input line 2084.
LaTeX Encoding Info:    Redeclaring text command \IJ (encoding OT1) on input line 2086.
LaTeX Encoding Info:    Redeclaring text command \ij (encoding T1) on input line 2088.
LaTeX Encoding Info:    Redeclaring text command \IJ (encoding T1) on input line 2089.
LaTeX Encoding Info:    Ignoring declaration for text command \ij (encoding ?) on input line 2090.
LaTeX Encoding Info:    Ignoring declaration for text command \IJ (encoding ?) on input line 2092.
LaTeX Encoding Info:    Ignoring declaration for text command \SS (encoding ?) on input line 2117.
\U@D=\dimen151
\l@unhyphenated=\language91
 (c:/texlive/2026/texmf-dist/tex/generic/babel/txtbabel.def)
\bbl@readstream=\read2
\bbl@dirlevel=\count287
 (c:/texlive/2026/texmf-dist/tex/generic/babel/locale/es/babel-spanish.tex)
Package babel Info: Importing font and identification data for spanish
(babel)             from babel-es.ini. Reported on input line 4356.
 (c:/texlive/2026/texmf-dist/tex/generic/babel-spanish/spanish.ldf
Language: spanish.ldf 2021/05/27 v5.0q Spanish support from the babel system
\es@quottoks=\toks20
\es@quotdepth=\count288
Package babel Info: Making " an active character on input line 570.
Package babel Info: Making . an active character on input line 675.
Package babel Info: Making < an active character on input line 722.
Package babel Info: Making > an active character on input line 722.
))
LaTeX Encoding Info:    Redeclaring text command \guillemotleft (encoding OT1) on input line 5.
LaTeX Encoding Info:    Redeclaring text command \guillemotright (encoding OT1) on input line 5.
 (c:/texlive/2026/texmf-dist/tex/latex/todonotes/todonotes.sty
Package: todonotes 2024/01/05 v1.1.7 Todonotes source and documentation.
Package: todonotes 2024/01/05
 (c:/texlive/2026/texmf-dist/tex/latex/base/ifthen.sty
Package: ifthen 2024/03/16 v1.1e Standard LaTeX ifthen package (DPC)
) (c:/texlive/2026/texmf-dist/tex/latex/xkeyval/xkeyval.sty
Package: xkeyval 2025/11/04 v2.10 package option processing (HA)
 (c:/texlive/2026/texmf-dist/tex/generic/xkeyval/xkeyval.tex (c:/texlive/2026/texmf-dist/tex/generic/xkeyval/xkvutils.tex
\XKV@toks=\toks21
\XKV@tempa@toks=\toks22
\XKV@tempb@toks=\toks23
)
\XKV@depth=\count289
File: xkeyval.tex 2014/12/03 v2.7a key=value parser (HA)
)) (c:/texlive/2026/texmf-dist/tex/latex/xcolor/xcolor.sty
Package: xcolor 2024/09/29 v3.02 LaTeX color extensions (UK)
 (c:/texlive/2026/texmf-dist/tex/latex/graphics-cfg/color.cfg
File: color.cfg 2016/01/02 v1.6 sample color configuration
)
Package xcolor Info: Driver file: pdftex.def on input line 274.
 (c:/texlive/2026/texmf-dist/tex/latex/graphics-def/pdftex.def
File: pdftex.def 2025/09/29 v1.2d Graphics/color driver for pdftex
) (c:/texlive/2026/texmf-dist/tex/latex/graphics/mathcolor.ltx)
Package xcolor Info: Model `cmy' substituted by `cmy0' on input line 1349.
Package xcolor Info: Model `hsb' substituted by `rgb' on input line 1353.
Package xcolor Info: Model `RGB' extended on input line 1365.
Package xcolor Info: Model `HTML' substituted by `rgb' on input line 1367.
Package xcolor Info: Model `Hsb' substituted by `hsb' on input line 1368.
Package xcolor Info: Model `tHsb' substituted by `hsb' on input line 1369.
Package xcolor Info: Model `HSB' substituted by `hsb' on input line 1370.
Package xcolor Info: Model `Gray' substituted by `gray' on input line 1371.
Package xcolor Info: Model `wave' substituted by `hsb' on input line 1372.
) (c:/texlive/2026/texmf-dist/tex/latex/pgf/frontendlayer/tikz.sty (c:/texlive/2026/texmf-dist/tex/latex/pgf/basiclayer/pgf.sty (c:/texlive/2026/texmf-dist/tex/latex/pgf/utilities/pgfrcs.sty (c:/texlive/2026/texmf-dist/tex/generic/pgf/utilities/pgfutil-common.tex
\pgfutil@everybye=\toks24
\pgfutil@tempdima=\dimen152
\pgfutil@tempdimb=\dimen153
) (c:/texlive/2026/texmf-dist/tex/generic/pgf/utilities/pgfutil-latex.def
\pgfutil@abb=\box55
) (c:/texlive/2026/texmf-dist/tex/generic/pgf/utilities/pgfrcs.code.tex (c:/texlive/2026/texmf-dist/tex/generic/pgf/pgf.revision.tex)
Package: pgfrcs 2025-08-29 v3.1.11a (3.1.11a)
))
Package: pgf 2025-08-29 v3.1.11a (3.1.11a)
 (c:/texlive/2026/texmf-dist/tex/latex/pgf/basiclayer/pgfcore.sty (c:/texlive/2026/texmf-dist/tex/latex/graphics/graphicx.sty
Package: graphicx 2024/12/31 v1.2e Enhanced LaTeX Graphics (DPC,SPQR)
 (c:/texlive/2026/texmf-dist/tex/latex/graphics/graphics.sty
Package: graphics 2024/08/06 v1.4g Standard LaTeX Graphics (DPC,SPQR)
 (c:/texlive/2026/texmf-dist/tex/latex/graphics/trig.sty
Package: trig 2023/12/02 v1.11 sin cos tan (DPC)
) (c:/texlive/2026/texmf-dist/tex/latex/graphics-cfg/graphics.cfg
File: graphics.cfg 2016/06/04 v1.11 sample graphics configuration
)
Package graphics Info: Driver file: pdftex.def on input line 106.
)
\Gin@req@height=\dimen154
\Gin@req@width=\dimen155
) (c:/texlive/2026/texmf-dist/tex/latex/pgf/systemlayer/pgfsys.sty (c:/texlive/2026/texmf-dist/tex/generic/pgf/systemlayer/pgfsys.code.tex
Package: pgfsys 2025-08-29 v3.1.11a (3.1.11a)
 (c:/texlive/2026/texmf-dist/tex/generic/pgf/utilities/pgfkeys.code.tex
\pgfkeys@pathtoks=\toks25
\pgfkeys@temptoks=\toks26
 (c:/texlive/2026/texmf-dist/tex/generic/pgf/utilities/pgfkeyslibraryfiltered.code.tex
\pgfkeys@tmptoks=\toks27
))
\pgf@x=\dimen156
\pgf@y=\dimen157
\pgf@xa=\dimen158
\pgf@ya=\dimen159
\pgf@xb=\dimen160
\pgf@yb=\dimen161
\pgf@xc=\dimen162
\pgf@yc=\dimen163
\pgf@xd=\dimen164
\pgf@yd=\dimen165
\w@pgf@writea=\write3
\r@pgf@reada=\read3
\c@pgf@counta=\count290
\c@pgf@countb=\count291
\c@pgf@countc=\count292
\c@pgf@countd=\count293
\t@pgf@toka=\toks28
\t@pgf@tokb=\toks29
\t@pgf@tokc=\toks30
\pgf@sys@id@count=\count294
 (c:/texlive/2026/texmf-dist/tex/generic/pgf/systemlayer/pgf.cfg
File: pgf.cfg 2025-08-29 v3.1.11a (3.1.11a)
)
Driver file for pgf: pgfsys-pdftex.def
 (c:/texlive/2026/texmf-dist/tex/generic/pgf/systemlayer/pgfsys-pdftex.def
File: pgfsys-pdftex.def 2025-08-29 v3.1.11a (3.1.11a)
 (c:/texlive/2026/texmf-dist/tex/generic/pgf/systemlayer/pgfsys-common-pdf.def
File: pgfsys-common-pdf.def 2025-08-29 v3.1.11a (3.1.11a)
))) (c:/texlive/2026/texmf-dist/tex/generic/pgf/systemlayer/pgfsyssoftpath.code.tex
File: pgfsyssoftpath.code.tex 2025-08-29 v3.1.11a (3.1.11a)
\pgfsyssoftpath@smallbuffer@items=\count295
\pgfsyssoftpath@bigbuffer@items=\count296
) (c:/texlive/2026/texmf-dist/tex/generic/pgf/systemlayer/pgfsysprotocol.code.tex
File: pgfsysprotocol.code.tex 2025-08-29 v3.1.11a (3.1.11a)
)) (c:/texlive/2026/texmf-dist/tex/generic/pgf/basiclayer/pgfcore.code.tex
Package: pgfcore 2025-08-29 v3.1.11a (3.1.11a)
 (c:/texlive/2026/texmf-dist/tex/generic/pgf/math/pgfmath.code.tex (c:/texlive/2026/texmf-dist/tex/generic/pgf/math/pgfmathutil.code.tex) (c:/texlive/2026/texmf-dist/tex/generic/pgf/math/pgfmathparser.code.tex
\pgfmath@dimen=\dimen166
\pgfmath@count=\count297
\pgfmath@box=\box56
\pgfmath@toks=\toks31
\pgfmath@stack@operand=\toks32
\pgfmath@stack@operation=\toks33
) (c:/texlive/2026/texmf-dist/tex/generic/pgf/math/pgfmathfunctions.code.tex) (c:/texlive/2026/texmf-dist/tex/generic/pgf/math/pgfmathfunctions.basic.code.tex) (c:/texlive/2026/texmf-dist/tex/generic/pgf/math/pgfmathfunctions.trigonometric.code.tex) (c:/texlive/2026/texmf-dist/tex/generic/pgf/math/pgfmathfunctions.random.code.tex) (c:/texlive/2026/texmf-dist/tex/generic/pgf/math/pgfmathfunctions.comparison.code.tex) (c:/texlive/2026/texmf-dist/tex/generic/pgf/math/pgfmathfunctions.base.code.tex) (c:/texlive/2026/texmf-dist/tex/generic/pgf/math/pgfmathfunctions.round.code.tex) (c:/texlive/2026/texmf-dist/tex/generic/pgf/math/pgfmathfunctions.misc.code.tex) (c:/texlive/2026/texmf-dist/tex/generic/pgf/math/pgfmathfunctions.integerarithmetics.code.tex) (c:/texlive/2026/texmf-dist/tex/generic/pgf/math/pgfmathcalc.code.tex) (c:/texlive/2026/texmf-dist/tex/generic/pgf/math/pgfmathfloat.code.tex
\c@pgfmathroundto@lastzeros=\count298
)) (c:/texlive/2026/texmf-dist/tex/generic/pgf/math/pgfint.code.tex) (c:/texlive/2026/texmf-dist/tex/generic/pgf/basiclayer/pgfcorepoints.code.tex
File: pgfcorepoints.code.tex 2025-08-29 v3.1.11a (3.1.11a)
\pgf@picminx=\dimen167
\pgf@picmaxx=\dimen168
\pgf@picminy=\dimen169
\pgf@picmaxy=\dimen170
\pgf@pathminx=\dimen171
\pgf@pathmaxx=\dimen172
\pgf@pathminy=\dimen173
\pgf@pathmaxy=\dimen174
\pgf@xx=\dimen175
\pgf@xy=\dimen176
\pgf@yx=\dimen177
\pgf@yy=\dimen178
\pgf@zx=\dimen179
\pgf@zy=\dimen180
) (c:/texlive/2026/texmf-dist/tex/generic/pgf/basiclayer/pgfcorepathconstruct.code.tex
File: pgfcorepathconstruct.code.tex 2025-08-29 v3.1.11a (3.1.11a)
\pgf@path@lastx=\dimen181
\pgf@path@lasty=\dimen182
) (c:/texlive/2026/texmf-dist/tex/generic/pgf/basiclayer/pgfcorepathusage.code.tex
File: pgfcorepathusage.code.tex 2025-08-29 v3.1.11a (3.1.11a)
\pgf@shorten@end@additional=\dimen183
\pgf@shorten@start@additional=\dimen184
) (c:/texlive/2026/texmf-dist/tex/generic/pgf/basiclayer/pgfcorescopes.code.tex
File: pgfcorescopes.code.tex 2025-08-29 v3.1.11a (3.1.11a)
\pgfpic=\box57
\pgf@hbox=\box58
\pgf@layerbox@main=\box59
\pgf@picture@serial@count=\count299
) (c:/texlive/2026/texmf-dist/tex/generic/pgf/basiclayer/pgfcoregraphicstate.code.tex
File: pgfcoregraphicstate.code.tex 2025-08-29 v3.1.11a (3.1.11a)
\pgflinewidth=\dimen185
) (c:/texlive/2026/texmf-dist/tex/generic/pgf/basiclayer/pgfcoretransformations.code.tex
File: pgfcoretransformations.code.tex 2025-08-29 v3.1.11a (3.1.11a)
\pgf@pt@x=\dimen186
\pgf@pt@y=\dimen187
\pgf@pt@temp=\dimen188
) (c:/texlive/2026/texmf-dist/tex/generic/pgf/basiclayer/pgfcorequick.code.tex
File: pgfcorequick.code.tex 2025-08-29 v3.1.11a (3.1.11a)
) (c:/texlive/2026/texmf-dist/tex/generic/pgf/basiclayer/pgfcoreobjects.code.tex
File: pgfcoreobjects.code.tex 2025-08-29 v3.1.11a (3.1.11a)
) (c:/texlive/2026/texmf-dist/tex/generic/pgf/basiclayer/pgfcorepathprocessing.code.tex
File: pgfcorepathprocessing.code.tex 2025-08-29 v3.1.11a (3.1.11a)
) (c:/texlive/2026/texmf-dist/tex/generic/pgf/basiclayer/pgfcorearrows.code.tex
File: pgfcorearrows.code.tex 2025-08-29 v3.1.11a (3.1.11a)
\pgfarrowsep=\dimen189
) (c:/texlive/2026/texmf-dist/tex/generic/pgf/basiclayer/pgfcoreshade.code.tex
File: pgfcoreshade.code.tex 2025-08-29 v3.1.11a (3.1.11a)
\pgf@max=\dimen190
\pgf@sys@shading@range@num=\count300
\pgf@shadingcount=\count301
) (c:/texlive/2026/texmf-dist/tex/generic/pgf/basiclayer/pgfcoreimage.code.tex
File: pgfcoreimage.code.tex 2025-08-29 v3.1.11a (3.1.11a)
) (c:/texlive/2026/texmf-dist/tex/generic/pgf/basiclayer/pgfcoreexternal.code.tex
File: pgfcoreexternal.code.tex 2025-08-29 v3.1.11a (3.1.11a)
\pgfexternal@startupbox=\box60
) (c:/texlive/2026/texmf-dist/tex/generic/pgf/basiclayer/pgfcorelayers.code.tex
File: pgfcorelayers.code.tex 2025-08-29 v3.1.11a (3.1.11a)
) (c:/texlive/2026/texmf-dist/tex/generic/pgf/basiclayer/pgfcoretransparency.code.tex
File: pgfcoretransparency.code.tex 2025-08-29 v3.1.11a (3.1.11a)
) (c:/texlive/2026/texmf-dist/tex/generic/pgf/basiclayer/pgfcorepatterns.code.tex
File: pgfcorepatterns.code.tex 2025-08-29 v3.1.11a (3.1.11a)
) (c:/texlive/2026/texmf-dist/tex/generic/pgf/basiclayer/pgfcorerdf.code.tex
File: pgfcorerdf.code.tex 2025-08-29 v3.1.11a (3.1.11a)
))) (c:/texlive/2026/texmf-dist/tex/generic/pgf/modules/pgfmoduleshapes.code.tex
File: pgfmoduleshapes.code.tex 2025-08-29 v3.1.11a (3.1.11a)
\pgfnodeparttextbox=\box61
) (c:/texlive/2026/texmf-dist/tex/generic/pgf/modules/pgfmoduleplot.code.tex
File: pgfmoduleplot.code.tex 2025-08-29 v3.1.11a (3.1.11a)
) (c:/texlive/2026/texmf-dist/tex/latex/pgf/compatibility/pgfcomp-version-0-65.sty
Package: pgfcomp-version-0-65 2025-08-29 v3.1.11a (3.1.11a)
\pgf@nodesepstart=\dimen191
\pgf@nodesepend=\dimen192
) (c:/texlive/2026/texmf-dist/tex/latex/pgf/compatibility/pgfcomp-version-1-18.sty
Package: pgfcomp-version-1-18 2025-08-29 v3.1.11a (3.1.11a)
)) (c:/texlive/2026/texmf-dist/tex/latex/pgf/utilities/pgffor.sty (c:/texlive/2026/texmf-dist/tex/latex/pgf/utilities/pgfkeys.sty (c:/texlive/2026/texmf-dist/tex/generic/pgf/utilities/pgfkeys.code.tex)) (c:/texlive/2026/texmf-dist/tex/latex/pgf/math/pgfmath.sty (c:/texlive/2026/texmf-dist/tex/generic/pgf/math/pgfmath.code.tex)) (c:/texlive/2026/texmf-dist/tex/generic/pgf/utilities/pgffor.code.tex
Package: pgffor 2025-08-29 v3.1.11a (3.1.11a)
\pgffor@iter=\dimen193
\pgffor@skip=\dimen194
\pgffor@stack=\toks34
\pgffor@toks=\toks35
)) (c:/texlive/2026/texmf-dist/tex/generic/pgf/frontendlayer/tikz/tikz.code.tex
Package: tikz 2025-08-29 v3.1.11a (3.1.11a)
 (c:/texlive/2026/texmf-dist/tex/generic/pgf/libraries/pgflibraryplothandlers.code.tex
File: pgflibraryplothandlers.code.tex 2025-08-29 v3.1.11a (3.1.11a)
\pgf@plot@mark@count=\count302
\pgfplotmarksize=\dimen195
)
\tikz@lastx=\dimen196
\tikz@lasty=\dimen197
\tikz@lastxsaved=\dimen198
\tikz@lastysaved=\dimen199
\tikz@lastmovetox=\dimen256
\tikz@lastmovetoy=\dimen257
\tikzleveldistance=\dimen258
\tikzsiblingdistance=\dimen259
\tikz@figbox=\box62
\tikz@figbox@bg=\box63
\tikz@tempbox=\box64
\tikz@tempbox@bg=\box65
\tikztreelevel=\count303
\tikznumberofchildren=\count304
\tikznumberofcurrentchild=\count305
\tikz@fig@count=\count306
 (c:/texlive/2026/texmf-dist/tex/generic/pgf/modules/pgfmodulematrix.code.tex
File: pgfmodulematrix.code.tex 2025-08-29 v3.1.11a (3.1.11a)
\pgfmatrixcurrentrow=\count307
\pgfmatrixcurrentcolumn=\count308
\pgf@matrix@numberofcolumns=\count309
)
\tikz@expandcount=\count310
 (c:/texlive/2026/texmf-dist/tex/generic/pgf/frontendlayer/tikz/libraries/tikzlibrarytopaths.code.tex
File: tikzlibrarytopaths.code.tex 2025-08-29 v3.1.11a (3.1.11a)
))) (c:/texlive/2026/texmf-dist/tex/generic/pgf/frontendlayer/tikz/libraries/tikzlibrarypositioning.code.tex
File: tikzlibrarypositioning.code.tex 2025-08-29 v3.1.11a (3.1.11a)
) (c:/texlive/2026/texmf-dist/tex/latex/tools/calc.sty
Package: calc 2025/03/01 v4.3b Infix arithmetic (KKT,FJ)
\calc@Acount=\count311
\calc@Bcount=\count312
\calc@Adimen=\dimen260
\calc@Bdimen=\dimen261
\calc@Askip=\skip66
\calc@Bskip=\skip67
LaTeX Info: Redefining \setlength on input line 86.
LaTeX Info: Redefining \addtolength on input line 87.
\calc@Ccount=\count313
\calc@Cskip=\skip68
)
\c@@todonotes@numberoftodonotes=\count314
) (c:/texlive/2026/texmf-dist/tex/latex/biblatex/biblatex.sty
Package: biblatex 2025/07/10 v3.21 programmable bibliographies (PK/MW)
 (c:/texlive/2026/texmf-dist/tex/generic/pdftexcmds/pdftexcmds.sty
Package: pdftexcmds 2020-06-27 v0.33 Utility functions of pdfTeX for LuaTeX (HO)
 (c:/texlive/2026/texmf-dist/tex/generic/infwarerr/infwarerr.sty
Package: infwarerr 2019/12/03 v1.5 Providing info/warning/error messages (HO)
) (c:/texlive/2026/texmf-dist/tex/generic/iftex/iftex.sty
Package: iftex 2024/12/12 v1.0g TeX engine tests
) (c:/texlive/2026/texmf-dist/tex/generic/ltxcmds/ltxcmds.sty
Package: ltxcmds 2023-12-04 v1.26 LaTeX kernel commands for general use (HO)
)
Package pdftexcmds Info: \pdf@primitive is available.
Package pdftexcmds Info: \pdf@ifprimitive is available.
Package pdftexcmds Info: \pdfdraftmode found.
) (c:/texlive/2026/texmf-dist/tex/latex/etoolbox/etoolbox.sty
Package: etoolbox 2025/10/02 v2.5m e-TeX tools for LaTeX (JAW)
\etb@tempcnta=\count315
) (c:/texlive/2026/texmf-dist/tex/latex/kvoptions/kvoptions.sty
Package: kvoptions 2022-06-15 v3.15 Key value format for package options (HO)
 (c:/texlive/2026/texmf-dist/tex/latex/kvsetkeys/kvsetkeys.sty
Package: kvsetkeys 2022-10-05 v1.19 Key value parser (HO)
)) (c:/texlive/2026/texmf-dist/tex/latex/logreq/logreq.sty
Package: logreq 2010/08/04 v1.0 xml request logger
\lrq@indent=\count316
 (c:/texlive/2026/texmf-dist/tex/latex/logreq/logreq.def
File: logreq.def 2010/08/04 v1.0 logreq spec v1.0
)) (c:/texlive/2026/texmf-dist/tex/latex/url/url.sty
\Urlmuskip=\muskip17
Package: url 2013/09/16  ver 3.4  Verb mode for urls, etc.
)
\c@tabx@nest=\count317
\c@listtotal=\count318
\c@listcount=\count319
\c@liststart=\count320
\c@liststop=\count321
\c@citecount=\count322
\c@citetotal=\count323
\c@multicitecount=\count324
\c@multicitetotal=\count325
\c@instcount=\count326
\c@maxnames=\count327
\c@minnames=\count328
\c@maxitems=\count329
\c@minitems=\count330
\c@citecounter=\count331
\c@maxcitecounter=\count332
\c@savedcitecounter=\count333
\c@uniquelist=\count334
\c@uniquename=\count335
\c@refsection=\count336
\c@refsegment=\count337
\c@maxextratitle=\count338
\c@maxextratitleyear=\count339
\c@maxextraname=\count340
\c@maxextradate=\count341
\c@maxextraalpha=\count342
\c@abbrvpenalty=\count343
\c@highnamepenalty=\count344
\c@lownamepenalty=\count345
\c@maxparens=\count346
\c@parenlevel=\count347
\blx@tempcnta=\count348
\blx@tempcntb=\count349
\blx@tempcntc=\count350
\c@blx@maxsection=\count351
\blx@maxsegment@0=\count352
\blx@notetype=\count353
\blx@parenlevel@text=\count354
\blx@parenlevel@foot=\count355
\blx@sectionciteorder@0=\count356
\blx@sectionciteorderinternal@0=\count357
\blx@entrysetcounter=\count358
\blx@biblioinstance=\count359
\labelnumberwidth=\skip69
\labelalphawidth=\skip70
\biblabelsep=\skip71
\bibitemsep=\skip72
\bibnamesep=\skip73
\bibinitsep=\skip74
\bibparsep=\skip75
\bibhang=\skip76
\blx@bcfin=\read4
\blx@bcfout=\write4
\blx@langwohyphens=\language92
\c@mincomprange=\count360
\c@maxcomprange=\count361
\c@mincompwidth=\count362
Package biblatex Info: Trying to load biblatex default data model...
Package biblatex Info: ... file 'blx-dm.def' found.
 (c:/texlive/2026/texmf-dist/tex/latex/biblatex/blx-dm.def
File: blx-dm.def 2025/07/10 v3.21 biblatex datamodel (PK/MW)
)
Package biblatex Info: Trying to load biblatex style data model...
Package biblatex Info: ... file 'apa.dbx' found.
 (c:/texlive/2026/texmf-dist/tex/latex/biblatex-apa/apa.dbx
File: apa.dbx 2025/08/27 v9.20 APA biblatex style data model
)
Package biblatex Info: Trying to load biblatex custom data model...
Package biblatex Info: ... file 'biblatex-dm.cfg' not found.
\c@afterword=\count363
\c@savedafterword=\count364
\c@annotator=\count365
\c@savedannotator=\count366
\c@author=\count367
\c@savedauthor=\count368
\c@bookauthor=\count369
\c@savedbookauthor=\count370
\c@commentator=\count371
\c@savedcommentator=\count372
\c@editor=\count373
\c@savededitor=\count374
\c@editora=\count375
\c@savededitora=\count376
\c@editorb=\count377
\c@savededitorb=\count378
\c@editorc=\count379
\c@savededitorc=\count380
\c@foreword=\count381
\c@savedforeword=\count382
\c@holder=\count383
\c@savedholder=\count384
\c@introduction=\count385
\c@savedintroduction=\count386
\c@namea=\count387
\c@savednamea=\count388
\c@nameb=\count389
\c@savednameb=\count390
\c@namec=\count391
\c@savednamec=\count392
\c@translator=\count393
\c@savedtranslator=\count394
\c@shortauthor=\count395
\c@savedshortauthor=\count396
\c@shorteditor=\count397
\c@savedshorteditor=\count398
\c@narrator=\count399
\c@savednarrator=\count400
\c@execproducer=\count401
\c@savedexecproducer=\count402
\c@execdirector=\count403
\c@savedexecdirector=\count404
\c@with=\count405
\c@savedwith=\count406
\c@labelname=\count407
\c@savedlabelname=\count408
\c@institution=\count409
\c@savedinstitution=\count410
\c@lista=\count411
\c@savedlista=\count412
\c@listb=\count413
\c@savedlistb=\count414
\c@listc=\count415
\c@savedlistc=\count416
\c@listd=\count417
\c@savedlistd=\count418
\c@liste=\count419
\c@savedliste=\count420
\c@listf=\count421
\c@savedlistf=\count422
\c@location=\count423
\c@savedlocation=\count424
\c@organization=\count425
\c@savedorganization=\count426
\c@origlocation=\count427
\c@savedoriglocation=\count428
\c@origpublisher=\count429
\c@savedorigpublisher=\count430
\c@publisher=\count431
\c@savedpublisher=\count432
\c@language=\count433
\c@savedlanguage=\count434
\c@origlanguage=\count435
\c@savedoriglanguage=\count436
\c@citation=\count437
\c@savedcitation=\count438
\c@pageref=\count439
\c@savedpageref=\count440
\shorthandwidth=\skip77
\shortjournalwidth=\skip78
\shortserieswidth=\skip79
\shorttitlewidth=\skip80
\shortauthorwidth=\skip81
\shorteditorwidth=\skip82
\locallabelnumberwidth=\skip83
\locallabelalphawidth=\skip84
\localshorthandwidth=\skip85
\localshortjournalwidth=\skip86
\localshortserieswidth=\skip87
\localshorttitlewidth=\skip88
\localshortauthorwidth=\skip89
\localshorteditorwidth=\skip90
Package biblatex Info: Trying to load compatibility code...
Package biblatex Info: ... file 'blx-compat.def' found.
 (c:/texlive/2026/texmf-dist/tex/latex/biblatex/blx-compat.def
File: blx-compat.def 2025/07/10 v3.21 biblatex compatibility (PK/MW)
)
Package biblatex Info: Trying to load generic definitions...
Package biblatex Info: ... file 'biblatex.def' found.
 (c:/texlive/2026/texmf-dist/tex/latex/biblatex/biblatex.def
File: biblatex.def 2025/07/10 v3.21 biblatex compatibility (PK/MW)
\c@textcitecount=\count441
\c@textcitetotal=\count442
\c@textcitemaxnames=\count443
\c@biburlbigbreakpenalty=\count444
\c@biburlbreakpenalty=\count445
\c@biburlnumpenalty=\count446
\c@biburlucpenalty=\count447
\c@biburllcpenalty=\count448
\biburlbigskip=\muskip18
\biburlnumskip=\muskip19
\biburlucskip=\muskip20
\biburllcskip=\muskip21
\c@smartand=\count449
)
Package biblatex Info: Trying to load bibliography style 'apa'...
Package biblatex Info: ... file 'apa.bbx' found.
 (c:/texlive/2026/texmf-dist/tex/latex/biblatex-apa/apa.bbx
File: apa.bbx 2025/08/27 v9.20 APA biblatex references style
Package biblatex Info: Trying to load bibliography style 'standard'...
Package biblatex Info: ... file 'standard.bbx' found.
 (c:/texlive/2026/texmf-dist/tex/latex/biblatex/bbx/standard.bbx
File: standard.bbx 2025/07/10 v3.21 biblatex bibliography style (PK/MW)
\c@bbx:relatedcount=\count450
\c@bbx:relatedtotal=\count451
)
Package biblatex Info: Delimiter 'nameyeardelim' in context 'bib' already defined, overwriting.
Package biblatex Info: Delimiter 'nameyeardelim' in context 'biblist' already defined, overwriting.
Package biblatex Info: Delimiter 'nonameyeardelim' in context 'bib' already defined, overwriting.
Package biblatex Info: Delimiter 'nonameyeardelim' in context 'biblist' already defined, overwriting.
)
Package biblatex Info: Trying to load citation style 'apa'...
Package biblatex Info: ... file 'apa.cbx' found.
 (c:/texlive/2026/texmf-dist/tex/latex/biblatex-apa/apa.cbx
File: apa.cbx 2025/08/27 v9.20 APA biblatex citation style
Package biblatex Info: Delimiter 'nameyeardelim' in context '' already defined, overwriting.
Package biblatex Info: Delimiter 'andothersdelim' in context '' already defined, overwriting.
Package biblatex Info: Redefining '\fullcite'.
Package biblatex Info: Redefining '\citeauthor'.
Package biblatex Info: Redefining '\citeyear'.
Package biblatex Info: Redefining '\cite'.
Package biblatex Info: Redefining '\cites'.
Package biblatex Info: Redefining '\parencite'.
Package biblatex Info: Redefining '\parencites'.
Package biblatex Info: Redefining '\footcite'.
Package biblatex Info: Redefining '\footcites'.
Package biblatex Info: Redefining '\footcitetext'.
Package biblatex Info: Redefining '\footcitetexts'.
Package biblatex Info: Redefining '\smartcite'.
Package biblatex Info: Redefining '\smartcites'.
Package biblatex Info: Redefining '\textcite'.
Package biblatex Info: Redefining '\textcites'.
)
Package biblatex Info: Trying to load configuration file...
Package biblatex Info: ... file 'biblatex.cfg' found.
 (c:/texlive/2026/texmf-dist/tex/latex/biblatex/biblatex.cfg
File: biblatex.cfg 
)
Package biblatex Info: Input encoding 'utf8' detected.
Package biblatex Info: Document encoding is UTF8 ....
 (c:/texlive/2026/texmf-dist/tex/latex/l3kernel/expl3.sty
Package: expl3 2026-05-26 L3 programming layer (loader) 
 (c:/texlive/2026/texmf-dist/tex/latex/l3backend/l3backend-pdftex.def
File: l3backend-pdftex.def 2026-02-18 L3 backend support: PDF output (pdfTeX)
\l__color_backend_stack_int=\count452
))
Package biblatex Info: ... and expl3
(biblatex)             2026-05-26 L3 programming layer (loader) 
(biblatex)             is new enough (at least 2020/04/06),
(biblatex)             setting 'casechanger=expl3'.
 (c:/texlive/2026/texmf-dist/tex/latex/biblatex/blx-case-expl3.sty (c:/texlive/2026/texmf-dist/tex/latex/l3packages/xparse/xparse.sty
Package: xparse 2025-10-09 L3 Experimental document command parser
)
Package: blx-case-expl3 2025/07/10 v3.21 expl3 case changing code for biblatex
))

Class scrbook Warning: Usage of package `fancyhdr' together
(scrbook)              with a KOMA-Script class is not recommended.
(scrbook)              I'd suggest to use 
(scrbook)              package `scrlayer' or `scrlayer-scrpage', because
(scrbook)              they support KOMA-Script classes.
(scrbook)              With `fancyhdr' several features of class `scrbook'
(scrbook)              like options `headsepline', `footsepline' or command
(scrbook)              `\MakeMarkcase' and the commands `\setkomafont' and
(scrbook)              `\addtokomafont' for the page style elements need
(scrbook)              explicite user intervention to work.
(scrbook)              Nevertheless, using requested
(scrbook)              package `fancyhdr' on input line 14.

(c:/texlive/2026/texmf-dist/tex/latex/fancyhdr/fancyhdr.sty
Package: fancyhdr 2025/02/07 v5.2 Extensive control of page headers and footers
\f@nch@headwidth=\skip91
\f@nch@offset@elh=\skip92
\f@nch@offset@erh=\skip93
\f@nch@offset@olh=\skip94
\f@nch@offset@orh=\skip95
\f@nch@offset@elf=\skip96
\f@nch@offset@erf=\skip97
\f@nch@offset@olf=\skip98
\f@nch@offset@orf=\skip99
\f@nch@height=\skip100
\f@nch@footalignment=\skip101
\f@nch@widthL=\skip102
\f@nch@widthC=\skip103
\f@nch@widthR=\skip104
\@temptokenb=\toks36
) (c:/texlive/2026/texmf-dist/tex/latex/tools/afterpage.sty
Package: afterpage 2023/07/04 v1.08 After-Page Package (DPC)
\AP@output=\toks37
\AP@partial=\box66
\AP@footins=\box67
) (c:/texlive/2026/texmf-dist/tex/latex/tools/longtable.sty
Package: longtable 2025-10-13 v4.24 Multi-page Table package (DPC)
\LTleft=\skip105
\LTright=\skip106
\LTpre=\skip107
\LTpost=\skip108
\LTchunksize=\count453
\LTcapwidth=\dimen262
\LT@head=\box68
\LT@firsthead=\box69
\LT@foot=\box70
\LT@lastfoot=\box71
\LT@gbox=\box72
\LT@cols=\count454
\LT@rows=\count455
\c@LT@tables=\count456
\c@LT@chunks=\count457
\LT@p@ftn=\toks38
)
Class scrbook Info: longtable captions redefined on input line 17.
 (c:/texlive/2026/texmf-dist/tex/latex/colortbl/colortbl.sty
Package: colortbl 2026/05/01 v1.0l Color table columns (DPC)
 (c:/texlive/2026/texmf-dist/tex/latex/tools/array.sty
Package: array 2025/09/25 v2.6n Tabular extension package (FMi)
\col@sep=\dimen263
\ar@mcellbox=\box73
\extrarowheight=\dimen264
\NC@list=\toks39
\extratabsurround=\skip109
\backup@length=\skip110
\ar@cellbox=\box74
)
\everycr=\toks40
\minrowclearance=\skip111
\rownum=\count458
) (c:/texlive/2026/texmf-dist/tex/latex/pdfpages/pdfpages.sty
Package: pdfpages 2026/03/30 v0.6h Insert pages of external PDF documents (AM)
 (c:/texlive/2026/texmf-dist/tex/latex/eso-pic/eso-pic.sty
Package: eso-pic 2025/12/10 v3.0d eso-pic (RN)
\ESO@tempdima=\dimen265
\ESO@tempdimb=\dimen266
)
\AM@pagewidth=\dimen267
\AM@pageheight=\dimen268
\AM@fboxrule=\dimen269
 (c:/texlive/2026/texmf-dist/tex/latex/pdfpages/pppdftex.def
File: pppdftex.def 2026/03/30 v0.6h Pdfpages driver for pdfTeX (AM)
)
\pdfpages@includegraphics@status=\count459
\AM@pagebox=\box75
\AM@global@opts=\toks41
\AM@pagecnt=\count460
\AM@toc@title=\toks42
\AM@lof@heading=\toks43
\c@AM@survey=\count461
\AM@templatesizebox=\box76
) (c:/texlive/2026/texmf-dist/tex/latex/csquotes/csquotes.sty
Package: csquotes 2026-05-19 v5.2p context-sensitive quotations (JAW)
\csq@reset=\count462
\csq@gtype=\count463
\csq@glevel=\count464
\csq@qlevel=\count465
\csq@maxlvl=\count466
\csq@tshold=\count467
\csq@ltx@everypar=\toks44
 (c:/texlive/2026/texmf-dist/tex/latex/csquotes/csquotes.def
File: csquotes.def 2026-05-19 v5.2p csquotes generic definitions (JAW)
)
Package csquotes Info: Trying to load configuration file 'csquotes.cfg'...
Package csquotes Info: ... configuration file loaded successfully.
 (c:/texlive/2026/texmf-dist/tex/latex/csquotes/csquotes.cfg
File: csquotes.cfg 
)) (c:/texlive/2026/texmf-dist/tex/latex/tools/verbatim.sty
Package: verbatim 2024-01-22 v1.5x LaTeX2e package for verbatim enhancements
\every@verbatim=\toks45
\verbatim@line=\toks46
\verbatim@in@stream=\read5
) (c:/texlive/2026/texmf-dist/tex/latex/base/fontenc.sty
Package: fontenc 2025/07/18 v2.1d Standard LaTeX package
) (c:/texlive/2026/texmf-dist/tex/latex/libertine/libertine.sty
Package: libertine 2024/04/23 (Bob Tennent) Supports Libertine and Biolinum fonts for all LaTeX engines.
 (c:/texlive/2026/texmf-dist/tex/generic/iftex/ifxetex.sty
Package: ifxetex 2019/10/25 v0.7 ifxetex legacy package. Use iftex instead.
) (c:/texlive/2026/texmf-dist/tex/generic/iftex/ifluatex.sty
Package: ifluatex 2019/10/25 v1.5 ifluatex legacy package. Use iftex instead.
) (c:/texlive/2026/texmf-dist/tex/latex/base/textcomp.sty
Package: textcomp 2024/04/24 v2.1b Standard LaTeX package
) (c:/texlive/2026/texmf-dist/tex/latex/base/fontenc.sty
Package: fontenc 2025/07/18 v2.1d Standard LaTeX package
) (c:/texlive/2026/texmf-dist/tex/latex/fontaxes/fontaxes.sty
Package: fontaxes 2026-01-02 v2.0.2 Font selection axes (deprecated)
Applying: [2024-11-01] Use figureversions if present on input line 74.
 (c:/texlive/2026/texmf-dist/tex/latex/figureversions/figureversions.sty
Package: figureversions 2025-04-29 v1.0.1 Figure versions
)
Already applied: [0000-00-00] Fall back to v1 on input line 76.
)
LaTeX Info: Redefining \oldstylenums on input line 485.
 (c:/texlive/2026/texmf-dist/tex/latex/libertine/LinLibertine_I.tex)) (c:/texlive/2026/texmf-dist/tex/latex/tools/tabularx.sty
Package: tabularx 2023/12/11 v2.12a `tabularx' package (DPC)
\TX@col@width=\dimen270
\TX@old@table=\dimen271
\TX@old@col=\dimen272
\TX@target=\dimen273
\TX@delta=\dimen274
\TX@cols=\count468
\TX@ftn=\toks47
) (c:/texlive/2026/texmf-dist/tex/latex/multirow/multirow.sty
Package: multirow 2024/11/12 v2.9 Span multiple rows of a table
\multirow@colwidth=\skip112
\multirow@cntb=\count469
\multirow@dima=\skip113
\bigstrutjot=\dimen275
) (c:/texlive/2026/texmf-dist/tex/latex/tools/hhline.sty
Package: hhline 2020/01/04 v2.04 Table rule package (DPC)
) (c:/texlive/2026/texmf-dist/tex/latex/glossaries/base/glossaries.sty
Package: glossaries 2026/04/21 v5.1 (NLCT)
 (c:/texlive/2026/texmf-dist/tex/latex/mfirstuc/mfirstuc.sty
Package: mfirstuc 2025/04/03 v2.09 (NLCT)
\@glsmfirst=\toks48
\@glsmrest=\toks49
) (c:/texlive/2026/texmf-dist/tex/latex/xfor/xfor.sty
Package: xfor 2009/02/05 v1.05 (NLCT)
) (c:/texlive/2026/texmf-dist/tex/latex/amsmath/amsgen.sty
File: amsgen.sty 1999/11/30 v2.0 generic functions
\@emptytoks=\toks50
\ex@=\dimen276
) (c:/texlive/2026/texmf-dist/tex/latex/tracklang/tracklang.sty
Package: tracklang 2026/05/24 v1.6.8 (NLCT) Track Languages
 (c:/texlive/2026/texmf-dist/tex/generic/tracklang/tracklang.tex)
Package tracklang Info: Tracking dialect `spanish' (language `spanish') on input line 264.
Package tracklang Info: Tracking dialect `spanish' (language `spanish') on input line 264.
) (c:/texlive/2026/texmf-dist/tex/latex/translator/translator.sty
Package: translator 2021-05-31 v1.12d Easy translation of strings in LaTeX
) (c:/texlive/2026/texmf-dist/tex/latex/glossaries-spanish/glossaries-spanish.ldf
File: glossaries-spanish.ldf 2014/11/23 v1.0
 (c:/texlive/2026/texmf-dist/tex/latex/glossaries-spanish/glossaries-spanish-utf8.ldf)) (c:/texlive/2026/texmf-dist/tex/latex/datatool/datatool-base.sty
Package: datatool-base 2025/12/04 v3.4.3 (NLCT)
 (c:/texlive/2026/texmf-dist/tex/latex/amsmath/amsmath.sty
Package: amsmath 2025/07/09 v2.17z AMS math features
\@mathmargin=\skip114

For additional information on amsmath, use the `?' option.
(c:/texlive/2026/texmf-dist/tex/latex/amsmath/amstext.sty
Package: amstext 2024/11/17 v2.01 AMS text
) (c:/texlive/2026/texmf-dist/tex/latex/amsmath/amsbsy.sty
Package: amsbsy 1999/11/29 v1.2d Bold Symbols
\pmbraise@=\dimen277
) (c:/texlive/2026/texmf-dist/tex/latex/amsmath/amsopn.sty
Package: amsopn 2022/04/08 v2.04 operator names
)
\inf@bad=\count470
LaTeX Info: Redefining \frac on input line 233.
\uproot@=\count471
\leftroot@=\count472
LaTeX Info: Redefining \overline on input line 398.
LaTeX Info: Redefining \colon on input line 409.
\classnum@=\count473
\DOTSCASE@=\count474
LaTeX Info: Redefining \ldots on input line 495.
LaTeX Info: Redefining \dots on input line 498.
LaTeX Info: Redefining \cdots on input line 619.
\Mathstrutbox@=\box77
\strutbox@=\box78
LaTeX Info: Redefining \big on input line 721.
LaTeX Info: Redefining \Big on input line 722.
LaTeX Info: Redefining \bigg on input line 723.
LaTeX Info: Redefining \Bigg on input line 724.
\big@size=\dimen278
LaTeX Font Info:    Redeclaring font encoding OML on input line 742.
LaTeX Font Info:    Redeclaring font encoding OMS on input line 743.
\macc@depth=\count475
LaTeX Info: Redefining \bmod on input line 904.
LaTeX Info: Redefining \pmod on input line 909.
LaTeX Info: Redefining \smash on input line 939.
LaTeX Info: Redefining \relbar on input line 969.
LaTeX Info: Redefining \Relbar on input line 970.
\c@MaxMatrixCols=\count476
\dotsspace@=\muskip22
\c@parentequation=\count477
\dspbrk@lvl=\count478
\tag@help=\toks51
\row@=\count479
\column@=\count480
\maxfields@=\count481
\andhelp@=\toks52
\eqnshift@=\dimen279
\alignsep@=\dimen280
\tagshift@=\dimen281
\tagwidth@=\dimen282
\totwidth@=\dimen283
\lineht@=\dimen284
\@envbody=\toks53
\multlinegap=\skip115
\multlinetaggap=\skip116
\mathdisplay@stack=\toks54
LaTeX Info: Redefining \[ on input line 2950.
LaTeX Info: Redefining \] on input line 2951.
)
\l__datatool_tmpa_int=\count482
\l__datatool_tmpb_int=\count483
\l__datatool_tmpc_int=\count484
\l__datatool_tmpd_int=\count485
\l__datatool_count_int=\count486
\l__datatool_tmp_datatype_int=\count487
\l__datatool_tmpa_dim=\dimen285
\l__datatool_tmpb_dim=\dimen286
 (c:/texlive/2026/texmf-dist/tex/latex/datatool/datatool-l3fp.def
File: datatool-l3fp.def 2025/12/04 v3.4.3 (NLCT)
)
\@dtl@toks=\toks55
\@dtl@tmpcount=\count488
\dtl@tmplength=\skip117
\l__datatool_measure_box=\box79
\dtl@sortresult=\count489
 (c:/texlive/2026/texmf-dist/tex/latex/datatool/datatool-utf8.ldf
File: datatool-utf8.ldf 2025/12/04 v3.4.3 (NLCT)
)
\@dtl@datatype=\count490
\c_datatool_unknown_int=\count491
\l__datatool_year_int=\count492
\l__datatool_month_int=\count493
\l__datatool_day_int=\count494
\l__datatool_hour_int=\count495
\l__datatool_minute_int=\count496
\l__datatool_second_int=\count497
\l__datatool_tzhour_int=\count498
\l__datatool_tzminute_int=\count499
\l__datatool_julian_int=\count500
\l__datatool_local_julian_int=\count501
\l__datatool_prefix_int=\count502
\l__datatool_suffix_int=\count503
\@dtl@foreach@level=\count504


Package tracklang Warning: No `datatool' support for dialect `spanish'  on input line 9924.

\dtl@codeA=\count505
\dtl@codeB=\count506
)
\gls@level=\count507
\@gls@tmpb=\toks56
\gls@tmplen=\skip118
\l__glossaries_tmpa_dim=\dimen287
\l__glossaries_tmpb_dim=\dimen288
\glskeylisttok=\toks57
\glslabeltok=\toks58
\glsshorttok=\toks59
\glslongtok=\toks60
 (c:/texlive/2026/texmf-dist/tex/latex/glossaries/styles/glossary-hypernav.sty
Package: glossary-hypernav 2026/04/21 v5.1 (NLCT)
) (c:/texlive/2026/texmf-dist/tex/latex/glossaries/styles/glossary-list.sty
Package: glossary-list 2026/04/21 v5.1 (NLCT)
\glslistdottedwidth=\skip119
) (c:/texlive/2026/texmf-dist/tex/latex/glossaries/styles/glossary-long.sty
Package: glossary-long 2026/04/21 v5.1 (NLCT)
\glsdescwidth=\skip120
\glspagelistwidth=\skip121
) (c:/texlive/2026/texmf-dist/tex/latex/glossaries/styles/glossary-super.sty
Package: glossary-super 2026/04/21 v5.1 (NLCT)
 (c:/texlive/2026/texmf-dist/tex/latex/supertabular/supertabular.sty
Package: supertabular 2025/06/26 v4.2d the supertabular environment
\c@tracingst=\count508
\ST@wd=\dimen289
\ST@rightskip=\skip122
\ST@leftskip=\skip123
\ST@parfillskip=\skip124
\ST@pageleft=\dimen290
\ST@headht=\dimen291
\ST@tailht=\dimen292
\ST@pagesofar=\dimen293
\ST@pboxht=\dimen294
\ST@rowht=\dimen295
\ST@prevht=\dimen296
\ST@toadd=\dimen297
\ST@dimen=\dimen298
\ST@pbox=\box80
)) (c:/texlive/2026/texmf-dist/tex/latex/glossaries/styles/glossary-tree.sty
Package: glossary-tree 2026/04/21 v5.1 (NLCT)
\l__glossaries_tree_max_known_level_int=\count509
\l__glossaries_tree_offset_dim=\dimen299
\l__glossaries_tree_namewidth_dim=\dimen300
\l__glossaries_tree_symbolwidth_dim=\dimen301
\l__glossaries_tree_prenamesym_width_dim=\dimen302
\l__glossaries_tree_presubnamesym_width_dim=\dimen303
\l__glossaries_tree_namewidth_padding_dim=\dimen304
\l__glossaries_tree_symbolwidth_padding_dim=\dimen305
\l__glossaries_tree_namesymbolwidth_dim=\dimen306
\l__glossaries_tree_namesymbolwidth_padding_dim=\dimen307
\l__glossaries_tree_level_int=\count510
\glstreeindent=\skip125
)) (./glosario/entradas_glosario.tex) (c:/texlive/2026/texmf-dist/tex/latex/listings/listings.sty
\lst@mode=\count511
\lst@gtempboxa=\box81
\lst@token=\toks61
\lst@length=\count512
\lst@currlwidth=\dimen308
\lst@column=\count513
\lst@pos=\count514
\lst@lostspace=\dimen309
\lst@width=\dimen310
\lst@newlines=\count515
\lst@lineno=\count516
\lst@maxwidth=\dimen311
 (c:/texlive/2026/texmf-dist/tex/latex/listings/lstpatch.sty
File: lstpatch.sty 2025/11/14 1.11b (Carsten Heinz)
) (c:/texlive/2026/texmf-dist/tex/latex/listings/lstmisc.sty
File: lstmisc.sty 2025/11/14 1.11b (Carsten Heinz)
\c@lstnumber=\count517
\lst@skipnumbers=\count518
\lst@framebox=\box82
) (c:/texlive/2026/texmf-dist/tex/latex/listings/listings.cfg
File: listings.cfg 2025/11/14 1.11b listings configuration
))
Package: listings 2025/11/14 1.11b (Carsten Heinz)

==> First Aid for listings.sty no longer applied!
    Expected:
        2024/09/23 1.10c (Carsten Heinz)
    but found:
        2025/11/14 1.11b (Carsten Heinz)
    so I'm assuming it got fixed.
\c@teorema=\count519
\c@ejemplo=\count520
\c@definicion=\count521
(c:/texlive/2026/texmf-dist/tex/latex/hyperref/hyperref.sty
Package: hyperref 2026-04-24 v7.01q Hypertext links for LaTeX
 (c:/texlive/2026/texmf-dist/tex/generic/kvdefinekeys/kvdefinekeys.sty
Package: kvdefinekeys 2019-12-19 v1.6 Define keys (HO)
) (c:/texlive/2026/texmf-dist/tex/generic/pdfescape/pdfescape.sty
Package: pdfescape 2019/12/09 v1.15 Implements pdfTeX's escape features (HO)
) (c:/texlive/2026/texmf-dist/tex/latex/hycolor/hycolor.sty
Package: hycolor 2020-01-27 v1.10 Color options for hyperref/bookmark (HO)
) (c:/texlive/2026/texmf-dist/tex/latex/hyperref/nameref.sty
Package: nameref 2026-01-29 v2.58 Cross-referencing by name of section
 (c:/texlive/2026/texmf-dist/tex/latex/refcount/refcount.sty
Package: refcount 2019/12/15 v3.6 Data extraction from label references (HO)
) (c:/texlive/2026/texmf-dist/tex/generic/gettitlestring/gettitlestring.sty
Package: gettitlestring 2019/12/15 v1.6 Cleanup title references (HO)
)
\c@section@level=\count522
) (c:/texlive/2026/texmf-dist/tex/generic/stringenc/stringenc.sty
Package: stringenc 2019/11/29 v1.12 Convert strings between diff. encodings (HO)
)
\@linkdim=\dimen312
\Hy@linkcounter=\count523
\Hy@pagecounter=\count524
 (c:/texlive/2026/texmf-dist/tex/latex/hyperref/pd1enc.def
File: pd1enc.def 2026-04-24 v7.01q Hyperref: PDFDocEncoding definition (HO)
Now handling font encoding PD1 ...
... no UTF-8 mapping file for font encoding PD1
) (c:/texlive/2026/texmf-dist/tex/generic/intcalc/intcalc.sty
Package: intcalc 2019/12/15 v1.3 Expandable calculations with integers (HO)
)
\Hy@SavedSpaceFactor=\count525
 (c:/texlive/2026/texmf-dist/tex/latex/hyperref/puenc.def
File: puenc.def 2026-04-24 v7.01q Hyperref: PDF Unicode definition (HO)
Now handling font encoding PU ...
... no UTF-8 mapping file for font encoding PU
)
Package hyperref Info: Option `draft' set `true' on input line 4070.
Package hyperref Info: Hyper figures OFF on input line 4199.
Package hyperref Info: Link nesting OFF on input line 4204.
Package hyperref Info: Hyper index ON on input line 4207.
Package hyperref Info: Plain pages OFF on input line 4214.
Package hyperref Info: Backreferencing OFF on input line 4219.
Package hyperref Info: Implicit mode ON; LaTeX internals redefined.
Package hyperref Info: Bookmarks ON on input line 4466.
\c@Hy@tempcnt=\count526
LaTeX Info: Redefining \url on input line 4805.
\XeTeXLinkMargin=\dimen313
 (c:/texlive/2026/texmf-dist/tex/generic/bitset/bitset.sty
Package: bitset 2019/12/09 v1.3 Handle bit-vector datatype (HO)
 (c:/texlive/2026/texmf-dist/tex/generic/bigintcalc/bigintcalc.sty
Package: bigintcalc 2019/12/15 v1.5 Expandable calculations on big integers (HO)
))
\Fld@menulength=\count527
\Field@Width=\dimen314
\Fld@charsize=\dimen315
Package hyperref Info: Hyper figures OFF on input line 6091.
Package hyperref Info: Link nesting OFF on input line 6096.
Package hyperref Info: Hyper index ON on input line 6099.
Package hyperref Info: backreferencing OFF on input line 6106.
Package hyperref Info: Link coloring OFF on input line 6111.
Package hyperref Info: Link coloring with OCG OFF on input line 6116.
Package hyperref Info: PDF/A mode OFF on input line 6121.
\Hy@abspage=\count528
\c@Item=\count529
\c@Hfootnote=\count530
)
Package hyperref Info: Driver (autodetected): hpdftex.
 (c:/texlive/2026/texmf-dist/tex/latex/hyperref/hpdftex.def
File: hpdftex.def 2026-04-24 v7.01q Hyperref driver for pdfTeX
\Fld@listcount=\count531
\c@bookmark@seq@number=\count532
 (c:/texlive/2026/texmf-dist/tex/latex/rerunfilecheck/rerunfilecheck.sty
Package: rerunfilecheck 2025-06-21 v1.11 Rerun checks for auxiliary files (HO)
 (c:/texlive/2026/texmf-dist/tex/generic/uniquecounter/uniquecounter.sty
Package: uniquecounter 2019/12/15 v1.4 Provide unlimited unique counter (HO)
)
Package uniquecounter Info: New unique counter `rerunfilecheck' on input line 284.
)
\Hy@SectionHShift=\skip126
)
Package csquotes Info: Checking for multilingual support...
Package csquotes Info: ... found 'babel' package.
Package csquotes Info: Adjusting default style.
Package csquotes Info: Redefining alias 'default' -> 'spanish'.
Class scrbook Info: loading recommended package `bookmark'.
(scrbook)           Using `bookmark' together with `hyperref' is recommended,
(scrbook)           because of handling of possible bookmark level gaps.
(scrbook)           You can avoid loading `bookmark' with KOMA-Script option
(scrbook)           `bookmarkpackage=false' before \begin{document} and
(scrbook)           you can avoid this message adding:
(scrbook)             \usepackage{bookmark}
(scrbook)           before \begin{document} on input line 207.
Class scrbook Info: temporary deactivation of babel-spanish quoting  on input line 207.
 (c:/texlive/2026/texmf-dist/tex/latex/bookmark/bookmark.sty
Package: bookmark 2026-05-21 v1.32 PDF bookmarks (HO)
 (c:/texlive/2026/texmf-dist/tex/latex/bookmark/bkm-pdftex.def
File: bkm-pdftex.def 2026-05-21 v1.32 bookmark driver for pdfTeX (HO)
\BKM@id=\count533
))
Class scrbook Info: reactivation of babel-spanish quoting  on input line 207.
LaTeX Font Info:    Trying to load font information for T1+LinuxLibertineT-TLF on input line 207.
 (c:/texlive/2026/texmf-dist/tex/latex/libertine/T1LinuxLibertineT-TLF.fd
File: T1LinuxLibertineT-TLF.fd 2017/03/20 (autoinst) Font definitions for T1/LinuxLibertineT-TLF.
)
LaTeX Font Info:    Font shape `T1/LinuxLibertineT-TLF/m/n' will be
(Font)              scaled to size 10.95pt on input line 207.
 (./tfg-gim-v2.aux
LaTeX Info: Redefining \. on input line 17.
LaTeX Info: Redefining \% on input line 17.
Package babel Info: 'spanish' activates 'spanish' shorthands.
(babel)             Reported on input line 17.
\g__glossaries_gls_ref_acronym_int=\count534
)
\openout1 = `tfg-gim-v2.aux'.

LaTeX Font Info:    Checking defaults for OML/cmm/m/it on input line 207.
LaTeX Font Info:    ... okay on input line 207.
LaTeX Font Info:    Checking defaults for OMS/cmsy/m/n on input line 207.
LaTeX Font Info:    ... okay on input line 207.
LaTeX Font Info:    Checking defaults for OT1/cmr/m/n on input line 207.
LaTeX Font Info:    ... okay on input line 207.
LaTeX Font Info:    Checking defaults for T1/cmr/m/n on input line 207.
LaTeX Font Info:    ... okay on input line 207.
LaTeX Font Info:    Checking defaults for TS1/cmr/m/n on input line 207.
LaTeX Font Info:    ... okay on input line 207.
LaTeX Font Info:    Checking defaults for OMX/cmex/m/n on input line 207.
LaTeX Font Info:    ... okay on input line 207.
LaTeX Font Info:    Checking defaults for U/cmr/m/n on input line 207.
LaTeX Font Info:    ... okay on input line 207.
LaTeX Font Info:    Checking defaults for PD1/pdf/m/n on input line 207.
LaTeX Font Info:    ... okay on input line 207.
LaTeX Font Info:    Checking defaults for PU/pdf/m/n on input line 207.
LaTeX Font Info:    ... okay on input line 207.
LaTeX Info: Redefining \. on input line 207.
LaTeX Info: Redefining \% on input line 207.
 (c:/texlive/2026/texmf-dist/tex/context/base/mkii/supp-pdf.mkii
[Loading MPS to PDF converter (version 2006.09.02).]
\scratchcounter=\count535
\scratchdimen=\dimen316
\scratchbox=\box83
\nofMPsegments=\count536
\nofMParguments=\count537
\everyMPshowfont=\toks62
\MPscratchCnt=\count538
\MPscratchDim=\dimen317
\MPnumerator=\count539
\makeMPintoPDFobject=\count540
\everyMPtoPDFconversion=\toks63
) (c:/texlive/2026/texmf-dist/tex/latex/epstopdf-pkg/epstopdf-base.sty
Package: epstopdf-base 2020-01-24 v2.11 Base part for package epstopdf
Package epstopdf-base Info: Redefining graphics rule for `.eps' on input line 485.
 (c:/texlive/2026/texmf-dist/tex/latex/latexconfig/epstopdf-sys.cfg
File: epstopdf-sys.cfg 2010/07/13 v1.3 Configuration of (r)epstopdf for TeX Live
))
Package biblatex Info: Trying to load language 'spanish' -> 'spanish-apa'...
Package biblatex Info: ... file 'spanish-apa.lbx' found.
 (c:/texlive/2026/texmf-dist/tex/latex/biblatex-apa/spanish-apa.lbx
File: spanish-apa.lbx 2025/08/27 v9.20 APA biblatex localisation
Package biblatex Info: Trying to load language 'spanish'...
Package biblatex Info: ... file 'spanish.lbx' found.
 (c:/texlive/2026/texmf-dist/tex/latex/biblatex/lbx/spanish.lbx
File: spanish.lbx 2025/07/10 v3.21 biblatex localization (PK/MW)
)
Package biblatex Info: Trying to load language 'spanish'...
Package biblatex Info: ... file 'spanish.lbx' found.
 (c:/texlive/2026/texmf-dist/tex/latex/biblatex/lbx/spanish.lbx
File: spanish.lbx 2025/07/10 v3.21 biblatex localization (PK/MW)
))
Package biblatex Info: Input encoding 'utf8' detected.
Package biblatex Info: Automatic encoding selection.
(biblatex)             Assuming data encoding 'utf8'.
\openout4 = `tfg-gim-v2.bcf'.

Package biblatex Info: Trying to load bibliographic data...
Package biblatex Info: ... file 'tfg-gim-v2.bbl' found.
 (./tfg-gim-v2.bbl)
Package biblatex Info: Reference section=0 on input line 207.
Package biblatex Info: Reference segment=0 on input line 207.
 (c:/texlive/2026/texmf-dist/tex/latex/pdflscape/pdflscape.sty
Package: pdflscape 2025-06-23 v0.14 Display of landscape pages in PDF
 (c:/texlive/2026/texmf-dist/tex/latex/pdflscape/pdflscape-nometadata.sty
Package: pdflscape-nometadata 2025-06-23 v0.14 Display of landscape pages in PDF (HO)
 (c:/texlive/2026/texmf-dist/tex/latex/graphics/lscape.sty
Package: lscape 2020/05/28 v3.02 Landscape Pages (DPC)
)
Package pdflscape Info: Auto-detected driver: pdftex on input line 81.
))
\c@mv@tabular=\count541
\c@mv@boldtabular=\count542
\c@lstlisting=\count543
Package tocbasic Info: setting babel extension for `lol' on input line 207.
\scr@dte@lstlisting@maxnumwidth=\skip127


Package hyperref Warning: Draft mode on.

Package hyperref Info: Link coloring OFF on input line 207.
(./portada/portada.tex
\centeroffset=\skip128
<portada/portada-tfm.pdf, id=4, 597.55246pt x 845.07718pt>
LaTeX Font Info:    Trying to load font information for T1+LinuxLibertineMonoT-TLF on input line 8.
 (c:/texlive/2026/texmf-dist/tex/latex/libertine/T1LinuxLibertineMonoT-TLF.fd
File: T1LinuxLibertineMonoT-TLF.fd 2019/05/20 (autoinst) Font definitions for T1/LinuxLibertineMonoT-TLF.
)
LaTeX Font Info:    Font shape `T1/LinuxLibertineMonoT-TLF/m/n' in size <10.95> not available
(Font)              Font shape `T1/LinuxLibertineMonoT-TLF/regular/n' tried instead on input line 8.
LaTeX Font Info:    Font shape `T1/LinuxLibertineMonoT-TLF/regular/n' will be
(Font)              scaled to size 10.95pt on input line 8.
<portada/portada-tfm.pdf, id=6, page=1, 597.55246pt x 845.07718pt>
 [1{c:/texlive/2026/texmf-var/fonts/map/pdftex/updmap/pdftex.map}{c:/texlive/2026/texmf-dist/fonts/enc/dvips/libertine/lbtn_dhi6qf.enc}






]) (./portada/portada_2.tex [2


]
LaTeX Font Info:    Font shape `T1/LinuxLibertineT-TLF/m/n' will be
(Font)              scaled to size 24.88pt on input line 16.
LaTeX Font Info:    Font shape `T1/LinuxLibertineT-TLF/b/n' will be
(Font)              scaled to size 24.88pt on input line 16.
LaTeX Font Info:    Font shape `T1/LinuxLibertineT-TLF/m/n' will be
(Font)              scaled to size 12.0pt on input line 19.
LaTeX Font Info:    Font shape `T1/LinuxLibertineT-TLF/b/n' will be
(Font)              scaled to size 12.0pt on input line 19.

Overfull \hbox (29.8754pt too wide) in paragraph at lines 8--21
| $[]$ |
 []

LaTeX Font Info:    Font shape `T1/LinuxLibertineT-TLF/b/n' will be
(Font)              scaled to size 10.95pt on input line 26.
LaTeX Font Info:    Font shape `T1/LinuxLibertineT-TLF/m/n' will be
(Font)              scaled to size 10.0pt on input line 29.
LaTeX Font Info:    Font shape `T1/LinuxLibertineT-TLF/m/it' will be
(Font)              scaled to size 10.0pt on input line 29.
<imagenes/UA/logoim.jpg, id=16, 52.0344pt x 49.8663pt>
LaTeX Font Info:    Font shape `T1/LinuxLibertineT-TLF/m/sc' will be
(Font)              scaled to size 10.95pt on input line 35.
<imagenes/UA/logoeps.jpg, id=17, 146.2263pt x 53.9616pt>
<imagenes/UA/logoua.jpg, id=18, 183.3249pt x 37.5804pt>

Overfull \hbox (29.8754pt too wide) in paragraph at lines 23--54
| $[]$|
 []

[3{c:/texlive/2026/texmf-dist/fonts/enc/dvips/libertine/lbtn_nh77jq.enc}{c:/texlive/2026/texmf-dist/fonts/enc/dvips/libertine/lbtn_76gpa5.enc}{c:/texlive/2026/texmf-dist/fonts/enc/dvips/libertine/lbtn_7grukw.enc}{c:/texlive/2026/texmf-dist/fonts/enc/dvips/libertine/lbtn_ncsllp.enc}]) [4


]
chapter without number
LaTeX Font Info:    Trying to load font information for T1+LinuxBiolinumT-TLF on input line 217.
(c:/texlive/2026/texmf-dist/tex/latex/libertine/T1LinuxBiolinumT-TLF.fd
File: T1LinuxBiolinumT-TLF.fd 2017/03/20 (autoinst) Font definitions for T1/LinuxBiolinumT-TLF.
)
LaTeX Font Info:    Font shape `T1/LinuxBiolinumT-TLF/m/n' will be
(Font)              scaled to size 10.95pt on input line 217.
LaTeX Font Info:    Font shape `T1/LinuxBiolinumT-TLF/b/n' will be
(Font)              scaled to size 10.95pt on input line 217.
LaTeX Font Info:    Font shape `T1/LinuxBiolinumT-TLF/b/n' will be
(Font)              scaled to size 20.74pt on input line 217.
 [5{c:/texlive/2026/texmf-dist/fonts/enc/dvips/libertine/lbtn_25tcsq.enc}] [6


] [7] [8


] [9


] [10


] [11


] [12


] (./tfg-gim-v2.toc
LaTeX Info: Redefining \sptext on input line 1.
LaTeX Info: Redefining \. on input line 1.
LaTeX Info: Redefining \% on input line 1.
Package tocbasic Info: Using my definition of `\numberline' on input line 2.
LaTeX Font Info:    Font shape `T1/LinuxBiolinumT-TLF/b/sc' will be
(Font)              scaled to size 10.95pt on input line 2.
Package tocbasic Info: Using my definition of `\numberline' on input line 3.
Package tocbasic Info: Using my definition of `\numberline' on input line 4.
Package tocbasic Info: Using my definition of `\numberline' on input line 5.
Package tocbasic Info: Using my definition of `\numberline' on input line 6.
Package tocbasic Info: Using my definition of `\numberline' on input line 7.
Package tocbasic Info: Using my definition of `\numberline' on input line 8.
Package tocbasic Info: Using my definition of `\numberline' on input line 9.
Package tocbasic Info: Using my definition of `\numberline' on input line 12.
Package tocbasic Info: Using my definition of `\numberline' on input line 13.
Package tocbasic Info: Using my definition of `\numberline' on input line 14.
Package tocbasic Info: Using my definition of `\numberline' on input line 15.
Package tocbasic Info: Using my definition of `\numberline' on input line 16.
Package tocbasic Info: Using my definition of `\numberline' on input line 17.
Package tocbasic Info: Using my definition of `\numberline' on input line 18.
Package tocbasic Info: Using my definition of `\numberline' on input line 19.
Package tocbasic Info: Using my definition of `\numberline' on input line 20.
Package tocbasic Info: Using my definition of `\numberline' on input line 21.
Package tocbasic Info: Using my definition of `\numberline' on input line 22.
Package tocbasic Info: Using my definition of `\numberline' on input line 23.
Package tocbasic Info: Using my definition of `\numberline' on input line 27.
Package tocbasic Info: Using my definition of `\numberline' on input line 31.
Package tocbasic Info: Using my definition of `\numberline' on input line 32.
Package tocbasic Info: Using my definition of `\numberline' on input line 36.
Package tocbasic Info: Using my definition of `\numberline' on input line 39.
Package tocbasic Info: Using my definition of `\numberline' on input line 40.
Package tocbasic Info: Using my definition of `\numberline' on input line 41.
Package tocbasic Info: Using my definition of `\numberline' on input line 42.
Package tocbasic Info: Using my definition of `\numberline' on input line 43.
Package tocbasic Info: Using my definition of `\numberline' on input line 44.
Package tocbasic Info: Using my definition of `\numberline' on input line 45.
Package tocbasic Info: Using my definition of `\numberline' on input line 46.
Package tocbasic Info: Using my definition of `\numberline' on input line 47.
Package tocbasic Info: Using my definition of `\numberline' on input line 48.
Package tocbasic Info: Using my definition of `\numberline' on input line 49.
 [13


{c:/texlive/2026/texmf-dist/fonts/enc/dvips/libertine/lbtn_jtta5h.enc}]
Package tocbasic Info: Using my definition of `\numberline' on input line 50.
Package tocbasic Info: Using my definition of `\numberline' on input line 51.
Package tocbasic Info: Using my definition of `\numberline' on input line 52.
Package tocbasic Info: Using my definition of `\numberline' on input line 53.
Package tocbasic Info: Using my definition of `\numberline' on input line 54.
Package tocbasic Info: Using my definition of `\numberline' on input line 55.
Package tocbasic Info: Using my definition of `\numberline' on input line 57.
Package tocbasic Info: Using my definition of `\numberline' on input line 59.
Package tocbasic Info: Using my definition of `\numberline' on input line 60.
Package tocbasic Info: Using my definition of `\numberline' on input line 61.
Package tocbasic Info: Using my definition of `\numberline' on input line 62.
Package tocbasic Info: Using my definition of `\numberline' on input line 63.
Package tocbasic Info: Using my definition of `\numberline' on input line 64.
Package tocbasic Info: Using my definition of `\numberline' on input line 65.
Package tocbasic Info: Using my definition of `\numberline' on input line 66.
Package tocbasic Info: Using my definition of `\numberline' on input line 67.
Package tocbasic Info: Using my definition of `\numberline' on input line 68.
Package tocbasic Info: Using my definition of `\numberline' on input line 69.
Package tocbasic Info: Using my definition of `\numberline' on input line 70.
Package tocbasic Info: Using my definition of `\numberline' on input line 71.
Package tocbasic Info: Using my definition of `\numberline' on input line 72.
Package tocbasic Info: Using my definition of `\numberline' on input line 73.
Package tocbasic Info: Using my definition of `\numberline' on input line 74.
Package tocbasic Info: Using my definition of `\numberline' on input line 76.
Package tocbasic Info: Using my definition of `\numberline' on input line 77.
Package tocbasic Info: Using my definition of `\numberline' on input line 80.
Package tocbasic Info: Using my definition of `\numberline' on input line 96.
Package tocbasic Info: Using my definition of `\numberline' on input line 97.
Package tocbasic Info: Using my definition of `\numberline' on input line 102.
Package tocbasic Info: Using my definition of `\numberline' on input line 107.
Package tocbasic Info: Using my definition of `\numberline' on input line 112.
Package tocbasic Info: Using my definition of `\numberline' on input line 113.
Package tocbasic Info: Using my definition of `\numberline' on input line 119.
Package tocbasic Info: Using my definition of `\numberline' on input line 125.
Package tocbasic Info: Using my definition of `\numberline' on input line 129.
Package tocbasic Info: Using my definition of `\numberline' on input line 130.
Package tocbasic Info: Using my definition of `\numberline' on input line 131.
Package tocbasic Info: Using my definition of `\numberline' on input line 132.
Package tocbasic Info: Using my definition of `\numberline' on input line 136.
Package tocbasic Info: Using my definition of `\numberline' on input line 141.
Package tocbasic Info: Using my definition of `\numberline' on input line 147.
LaTeX Font Info:    Font shape `T1/LinuxLibertineT-TLF/b/sc' will be
(Font)              scaled to size 10.95pt on input line 152.
LaTeX Info: Redefining \sptext on input line 152.
LaTeX Info: Redefining \. on input line 152.
LaTeX Info: Redefining \% on input line 152.
Package babel Info: 'spanish' activates 'spanish' shorthands.
(babel)             Reported on input line 152.
 [14{c:/texlive/2026/texmf-dist/fonts/enc/dvips/libertine/lbtn_tlukpt.enc}]
Package tocbasic Info: Using my definition of `\numberline' on input line 152.
Package tocbasic Info: Using my definition of `\numberline' on input line 156.
Package tocbasic Info: Using my definition of `\numberline' on input line 157.
Package tocbasic Info: Using my definition of `\numberline' on input line 158.
Package tocbasic Info: Using my definition of `\numberline' on input line 159.
Package tocbasic Info: Using my definition of `\numberline' on input line 160.
Package tocbasic Info: Using my definition of `\numberline' on input line 161.
Package tocbasic Info: Using my definition of `\numberline' on input line 162.
Package tocbasic Info: Using my definition of `\numberline' on input line 163.
Package tocbasic Info: Using my definition of `\numberline' on input line 164.
Package tocbasic Info: Using my definition of `\numberline' on input line 165.
Package tocbasic Info: Using my definition of `\numberline' on input line 166.
Package tocbasic Info: Using my definition of `\numberline' on input line 168.
Package tocbasic Info: Using my definition of `\numberline' on input line 169.
Package tocbasic Info: Using my definition of `\numberline' on input line 170.
)
\tf@toc=\write5
\openout5 = `tfg-gim-v2.toc'.

LaTeX Info: Redefining \. on input line 311.
LaTeX Info: Redefining \% on input line 311.
 [15] [16


] (./tfg-gim-v2.lof
LaTeX Info: Redefining \sptext on input line 1.
LaTeX Info: Redefining \. on input line 1.
LaTeX Info: Redefining \% on input line 1.
Package tocbasic Info: Using my definition of `\numberline' on input line 5.
Package tocbasic Info: Using my definition of `\numberline' on input line 6.
Package tocbasic Info: Using my definition of `\numberline' on input line 7.
Package tocbasic Info: Using my definition of `\numberline' on input line 9.
Package tocbasic Info: Using my definition of `\numberline' on input line 10.
Package tocbasic Info: Using my definition of `\numberline' on input line 11.
Package tocbasic Info: Using my definition of `\numberline' on input line 12.
Package tocbasic Info: Using my definition of `\numberline' on input line 15.
Package tocbasic Info: Using my definition of `\numberline' on input line 17.
Package tocbasic Info: Using my definition of `\numberline' on input line 18.
)
\tf@lof=\write6
\openout6 = `tfg-gim-v2.lof'.

 [17] [18


] (./tfg-gim-v2.lot
LaTeX Info: Redefining \sptext on input line 1.
LaTeX Info: Redefining \. on input line 1.
LaTeX Info: Redefining \% on input line 1.
)
\tf@lot=\write7
\openout7 = `tfg-gim-v2.lot'.

 [19] [20


] (./tfg-gim-v2.lol
LaTeX Info: Redefining \sptext on input line 1.
LaTeX Info: Redefining \. on input line 1.
LaTeX Info: Redefining \% on input line 1.
)
\tf@lol=\write8
\openout8 = `tfg-gim-v2.lol'.

 [21] [22


]
chapter 1.
[1


] [2


]
chapter 2.
LaTeX Font Info:    Font shape `T1/LinuxBiolinumT-TLF/b/n' will be
(Font)              scaled to size 14.4pt on input line 339.
Package hyperref Info: bookmark level for unknown todo defaults to 0 on input line 340.
[3]
LaTeX Font Info:    Font shape `T1/LinuxBiolinumT-TLF/b/n' will be
(Font)              scaled to size 12.0pt on input line 360.
LaTeX Info: Redefining \. on input line 376.
LaTeX Info: Redefining \% on input line 376.
 [4]
LaTeX Font Info:    Font shape `T1/LinuxLibertineT-TLF/m/it' will be
(Font)              scaled to size 10.95pt on input line 387.
<imagenes/code/angular_components.png, id=102, 561.09625pt x 310.15875pt>
LaTeX Info: Redefining \. on input line 402.
LaTeX Info: Redefining \% on input line 402.
 [5]
<imagenes/scheme/react_virtual_dom.png, id=106, 816.04875pt x 389.455pt>
LaTeX Info: Redefining \. on input line 424.
LaTeX Info: Redefining \% on input line 424.
 [6]
LaTeX Info: Redefining \. on input line 440.
LaTeX Info: Redefining \% on input line 440.
 [7]
<imagenes/scheme/spring_boot_layers.png, id=113, 1084.05pt x 501.875pt>
LaTeX Info: Redefining \. on input line 463.
LaTeX Info: Redefining \% on input line 463.
 [8]
LaTeX Info: Redefining \. on input line 493.
LaTeX Info: Redefining \% on input line 493.
 [9]
LaTeX Info: Redefining \. on input line 527.
LaTeX Info: Redefining \% on input line 527.
 [10]
LaTeX Info: Redefining \. on input line 556.
LaTeX Info: Redefining \% on input line 556.
 [11]
LaTeX Info: Redefining \. on input line 581.
LaTeX Info: Redefining \% on input line 581.
 [12]
LaTeX Info: Redefining \. on input line 606.
LaTeX Info: Redefining \% on input line 606.
 [13]
LaTeX Info: Redefining \. on input line 619.
LaTeX Info: Redefining \% on input line 619.
 [14]
chapter 3.
[15


]
LaTeX Font Info:    Font shape `T1/LinuxLibertineT-TLF/m/n' will be
(Font)              scaled to size 8.0pt on input line 642.
LaTeX Font Info:    Font shape `T1/LinuxLibertineT-TLF/m/n' will be
(Font)              scaled to size 9.0pt on input line 642.
LaTeX Font Info:    Font shape `T1/LinuxLibertineT-TLF/m/n' will be
(Font)              scaled to size 6.0pt on input line 642.
<imagenes/charts/java_stadistics.jpg, id=140, 2409.0pt x 3824.2875pt>
<imagenes/charts/spring_boot_stadistics.pdf, id=141, 940.3941pt x 670.09668pt>
LaTeX Info: Redefining \. on input line 671.
LaTeX Info: Redefining \% on input line 671.
 [16]
LaTeX Info: Redefining \. on input line 671.
LaTeX Info: Redefining \% on input line 671.
 [17]
Underfull \vbox (badness 10000) has occurred while \output is active []

LaTeX Info: Redefining \. on input line 681.
LaTeX Info: Redefining \% on input line 681.
 [18]
<imagenes/charts/thymeleaf_usage.png, id=151, 803.0pt x 200.75pt>
LaTeX Info: Redefining \. on input line 702.
LaTeX Info: Redefining \% on input line 702.
 [19]
<imagenes/code/JPA_usage.pdf, id=156, 846.0878pt x 475.92438pt>
LaTeX Info: Redefining \. on input line 720.
LaTeX Info: Redefining \% on input line 720.
 [20]
chapter 4.
[21


] [22


]
chapter 5.
[23]

LaTeX Warning: File `imagenes/scheme/arquitectura_selecionada.png' not found on input line 794.

LaTeX Info: Redefining \. on input line 840.
LaTeX Info: Redefining \% on input line 840.
[24]
LaTeX Info: Redefining \. on input line 840.
LaTeX Info: Redefining \% on input line 840.
 [25]
LaTeX Info: Redefining \. on input line 868.
LaTeX Info: Redefining \% on input line 868.
 [26]
LaTeX Info: Redefining \. on input line 901.
LaTeX Info: Redefining \% on input line 901.
 [27]
Overfull \hbox (14.37769pt too wide) in paragraph at lines 925--926
[]\T1/LinuxLibertineT-TLF/b/n/10.95 Password: \T1/LinuxLibertineT-TLF/m/n/10.95 $2a$10$HnIEMbmEeayF5fuz4LQH0OGWBPifFDX5/WMahhlS5AogsGK1Zh7tH |
 []


Overfull \hbox (19.75412pt too wide) in paragraph at lines 936--937
[]\T1/LinuxLibertineT-TLF/b/n/10.95 Password: \T1/LinuxLibertineT-TLF/m/n/10.95 `$2a$10$HnIEMbmEeayF5fuz4LQH0OGWBPifFDX5/WMahhlS5AogsGK1Zh7tG`|
 []

LaTeX Info: Redefining \. on input line 938.
LaTeX Info: Redefining \% on input line 938.
[28]
LaTeX Info: Redefining \. on input line 946.
LaTeX Info: Redefining \% on input line 946.
 [29] [30


]
chapter 6.
[31]
<imagenes/code/maven_pom_xml_example.pdf, id=196, 973.52245pt x 783.78723pt>
LaTeX Info: Redefining \. on input line 1000.
LaTeX Info: Redefining \% on input line 1000.
 [32] (c:/texlive/2026/texmf-dist/tex/latex/listings/lstlang1.sty
File: lstlang1.sty 2025/11/14 1.11b listings language file
)
LaTeX Font Info:    Font shape `T1/LinuxLibertineMonoT-TLF/m/n' in size <10> not available
(Font)              Font shape `T1/LinuxLibertineMonoT-TLF/regular/n' tried instead on input line 1020.
LaTeX Font Info:    Font shape `T1/LinuxLibertineMonoT-TLF/regular/n' will be
(Font)              scaled to size 10.0pt on input line 1020.

Overfull \hbox (63.81752pt too wide) in paragraph at lines 1040--1041
\T1/LinuxLibertineT-TLF/m/n/10.95 SQL sin ne-ce-si-dad de que el pro-gra-ma-dor es-cri-ba la con-sul-ta ex-plí-ci-ta-men-te en el \T1/LinuxLibertineMonoT-TLF/regular/n/10.95 DocumentRepository\T1/LinuxLibertineT-TLF/m/n/10.95 .|
 []


Overfull \hbox (40.99342pt too wide) in paragraph at lines 1048--1049
[]\T1/LinuxLibertineT-TLF/m/n/10.95 Esta fun-ción lla-ma al mé-to-do \T1/LinuxLibertineMonoT-TLF/regular/n/10.95 getNotReceivedDocuments \T1/LinuxLibertineT-TLF/m/n/10.95 del ser-vi-cio \T1/LinuxLibertineMonoT-TLF/regular/n/10.95 DocumentService|
 []

LaTeX Info: Redefining \. on input line 1050.
LaTeX Info: Redefining \% on input line 1050.
[33]
LaTeX Font Info:    Font shape `T1/LinuxLibertineMonoT-TLF/b/n' in size <10.95> not available
(Font)              Font shape `T1/LinuxLibertineMonoT-TLF/bold/n' tried instead on input line 1118.
LaTeX Font Info:    Font shape `T1/LinuxLibertineMonoT-TLF/bold/n' will be
(Font)              scaled to size 10.95pt on input line 1118.
LaTeX Info: Redefining \. on input line 1130.
LaTeX Info: Redefining \% on input line 1130.
 [34]
LaTeX Info: Redefining \. on input line 1220.
LaTeX Info: Redefining \% on input line 1220.
 [35]
LaTeX Info: Redefining \. on input line 1273.
LaTeX Info: Redefining \% on input line 1273.
 [36]
Overfull \hbox (23.71855pt too wide) in paragraph at lines 1273--1274
[]\T1/LinuxLibertineMonoT-TLF/regular/n/10.95 @RequestParam("psw-repeat") String passwordRepeat\T1/LinuxLibertineT-TLF/m/n/10.95 : Con-|
 []


Overfull \hbox (61.30579pt too wide) in paragraph at lines 1278--1279
[]\T1/LinuxLibertineT-TLF/m/n/10.95 La fun-ción lla-ma al mé-to-do \T1/LinuxLibertineMonoT-TLF/regular/n/10.95 createClientUser \T1/LinuxLibertineT-TLF/m/n/10.95 del ser-vi-cio \T1/LinuxLibertineMonoT-TLF/regular/n/10.95 ClientUserService\T1/LinuxLibertineT-TLF/m/n/10.95 ,|
 []


Overfull \hbox (172.24008pt too wide) in paragraph at lines 1323--1324
[]\T1/LinuxLibertineT-TLF/m/n/10.95 Se ge-ne-ra un có-di-go de con-fir-ma-ción úni-co uti-li-zan-do \T1/LinuxLibertineMonoT-TLF/regular/n/10.95 RandomStringUtils.randomAlphanumeric(30)\T1/LinuxLibertineT-TLF/m/n/10.95 .|
 []

LaTeX Info: Redefining \. on input line 1339.
LaTeX Info: Redefining \% on input line 1339.
[37]
LaTeX Info: Redefining \. on input line 1405.
LaTeX Info: Redefining \% on input line 1405.
 [38]
Overfull \hbox (26.26581pt too wide) in paragraph at lines 1412--1413
[]\T1/LinuxLibertineT-TLF/m/n/10.95 La fun-ción lla-ma al mé-to-do \T1/LinuxLibertineMonoT-TLF/regular/n/10.95 confirmUser \T1/LinuxLibertineT-TLF/m/n/10.95 del ser-vi-cio \T1/LinuxLibertineMonoT-TLF/regular/n/10.95 ClientUserService\T1/LinuxLibertineT-TLF/m/n/10.95 ,|
 []


Overfull \hbox (27.51643pt too wide) in paragraph at lines 1447--1448
\T1/LinuxLibertineT-TLF/m/n/10.95 za me-dian-te la fun-ción \T1/LinuxLibertineMonoT-TLF/regular/n/10.95 findByEmailAndConfirmationCodeAndStatus|
 []


Overfull \hbox (0.59465pt too wide) in paragraph at lines 1454--1455
[]\T1/LinuxLibertineT-TLF/m/n/10.95 Se de-vuel-ve un men-sa-je de éxi-to (\T1/LinuxLibertineMonoT-TLF/regular/n/10.95 ResponseEnum.CONFIRM_SUCCESS\T1/LinuxLibertineT-TLF/m/n/10.95 ). |
 []


Overfull \hbox (7.89064pt too wide) in paragraph at lines 1459--1460
\T1/LinuxLibertineT-TLF/m/n/10.95 vuel-ve un men-sa-je de ad-ver-ten-cia (\T1/LinuxLibertineMonoT-TLF/regular/n/10.95 ResponseEnum.CONFIRM_WARNING\T1/LinuxLibertineT-TLF/m/n/10.95 ). |
 []


Overfull \hbox (34.64772pt too wide) in paragraph at lines 1463--1464
[]\T1/LinuxLibertineT-TLF/m/n/10.95 La fun-ción \T1/LinuxLibertineMonoT-TLF/regular/n/10.95 getConfirmation \T1/LinuxLibertineT-TLF/m/n/10.95 y su co-rres-pon-dien-te mé-to-do en el ser-vi-cio, \T1/LinuxLibertineMonoT-TLF/regular/n/10.95 confirmUser\T1/LinuxLibertineT-TLF/m/n/10.95 ,|
 []

LaTeX Info: Redefining \. on input line 1468.
LaTeX Info: Redefining \% on input line 1468.
[39]
LaTeX Info: Redefining \. on input line 1540.
LaTeX Info: Redefining \% on input line 1540.
 [40]
Overfull \hbox (65.75906pt too wide) in paragraph at lines 1543--1544
[]\T1/LinuxLibertineT-TLF/m/n/10.95 Se cons-tru-yen las URLs pa-ra la re-cu-pe-ra-ción de con-tra-se-ńa (\T1/LinuxLibertineMonoT-TLF/regular/n/10.95 requestUpdatePasswordUrl\T1/LinuxLibertineT-TLF/m/n/10.95 )|
 []

LaTeX Font Info:    Font shape `T1/LinuxLibertineMonoT-TLF/m/n' in size <8> not available
(Font)              Font shape `T1/LinuxLibertineMonoT-TLF/regular/n' tried instead on input line 1549.
LaTeX Font Info:    Font shape `T1/LinuxLibertineMonoT-TLF/regular/n' will be
(Font)              scaled to size 8.0pt on input line 1549.

Overfull \hbox (253.20811pt too wide) in paragraph at lines 1549--1550
[]\T1/LinuxLibertineT-TLF/m/n/10.95 Se ve-ri-fi-ca si hay un men-sa-je de error al-ma-ce-na-do en la se-sión del usua-rio (\T1/LinuxLibertineMonoT-TLF/regular/n/10.95 request.getSession().getAttribute(.[]ror")\T1/LinuxLibertineT-TLF/m/n/10.95 ). |
 []

LaTeX Info: Redefining \. on input line 1588.
LaTeX Info: Redefining \% on input line 1588.
[41]
Overfull \hbox (33.83125pt too wide) in paragraph at lines 1588--1589
[]\T1/LinuxLibertineT-TLF/m/n/10.95 La fun-ción res-pon-de a una so-li-ci-tud HTTP GET en la ru-ta \T1/LinuxLibertineT-TLF/b/n/10.95 /user/requestUpdatePassword\T1/LinuxLibertineT-TLF/m/n/10.95 . |
 []


Overfull \hbox (39.15294pt too wide) in paragraph at lines 1613--1614
[]\T1/LinuxLibertineT-TLF/m/n/10.95 La fun-ción res-pon-de a una so-li-ci-tud HTTP POST en la ru-ta \T1/LinuxLibertineT-TLF/b/n/10.95 /user/requestUpdatePassword\T1/LinuxLibertineT-TLF/m/n/10.95 . |
 []

LaTeX Info: Redefining \. on input line 1661.
LaTeX Info: Redefining \% on input line 1661.
[42]
LaTeX Info: Redefining \. on input line 1785.
LaTeX Info: Redefining \% on input line 1785.
 [43]
LaTeX Info: Redefining \. on input line 1855.
LaTeX Info: Redefining \% on input line 1855.
 [44]
Overfull \hbox (73.40717pt too wide) in paragraph at lines 1951--1953
[]\T1/LinuxLibertineT-TLF/b/n/10.95 Campo \T1/LinuxLibertineMonoT-TLF/bold/n/10.95 clientAppId\T1/LinuxLibertineT-TLF/m/n/10.95 : Es-te cam-po es-tá ano-ta-do con \T1/LinuxLibertineMonoT-TLF/regular/n/10.95 @Column(name = ``CLIENT_APP_ID``)|
 []


Overfull \hbox (52.38318pt too wide) in paragraph at lines 1954--1956
[]\T1/LinuxLibertineT-TLF/b/n/10.95 Campo \T1/LinuxLibertineMonoT-TLF/bold/n/10.95 providerId\T1/LinuxLibertineT-TLF/m/n/10.95 : Es-te cam-po es-tá ano-ta-do con \T1/LinuxLibertineMonoT-TLF/regular/n/10.95 @Column(name = ``PROVIDER_ID``)|
 []

LaTeX Info: Redefining \. on input line 1959.
LaTeX Info: Redefining \% on input line 1959.
[45]
Overfull \hbox (73.9121pt too wide) in paragraph at lines 1959--1961
[]\T1/LinuxLibertineT-TLF/m/n/10.95 Estos cam-pos es-tán ano-ta-dos con [] y [],|
 []


Overfull \hbox (12.86043pt too wide) in paragraph at lines 1977--1978
[]\T1/LinuxLibertineT-TLF/m/n/10.95 En el ejem-plo an-te-rior, se mos-tró có-mo JPA con-vier-te au-to-má-ti-ca-men-te el mé-to-do \T1/LinuxLibertineMonoT-TLF/regular/n/10.95 findAll()|
 []

LaTeX Info: Redefining \. on input line 2015.
LaTeX Info: Redefining \% on input line 2015.
[46]
Overfull \hbox (12.41316pt too wide) in paragraph at lines 2027--2028
[]\T1/LinuxLibertineT-TLF/b/n/10.95 Reducción de có-di-go re-pe-ti-ti-vo\T1/LinuxLibertineT-TLF/m/n/10.95 : Al uti-li-zar mé-to-dos pre-de-fi-ni-dos de \T1/LinuxLibertineMonoT-TLF/regular/n/10.95 JpaRepository\T1/LinuxLibertineT-TLF/m/n/10.95 ,|
 []

LaTeX Info: Redefining \. on input line 2047.
LaTeX Info: Redefining \% on input line 2047.
[47]
LaTeX Info: Redefining \. on input line 2158.
LaTeX Info: Redefining \% on input line 2158.
 [48]
LaTeX Info: Redefining \. on input line 2271.
LaTeX Info: Redefining \% on input line 2271.
 [49]
LaTeX Info: Redefining \. on input line 2304.
LaTeX Info: Redefining \% on input line 2304.
 [50]
LaTeX Info: Redefining \. on input line 2341.
LaTeX Info: Redefining \% on input line 2341.
 [51]
Overfull \hbox (72.41258pt too wide) in paragraph at lines 2369--2370
[]\T1/LinuxLibertineT-TLF/b/n/10.95 Configuración del ci-fra-dor\T1/LinuxLibertineT-TLF/m/n/10.95 : Se ini-cia-li-za un ob-je-to \T1/LinuxLibertineT-TLF/b/n/10.95 Cipher \T1/LinuxLibertineT-TLF/m/n/10.95 con el al-go-rit-mo \T1/LinuxLibertineT-TLF/b/n/10.95 AES/ECB/PKCS5Padding|
 []

LaTeX Info: Redefining \. on input line 2396.
LaTeX Info: Redefining \% on input line 2396.
[52]
LaTeX Info: Redefining \. on input line 2472.
LaTeX Info: Redefining \% on input line 2472.
 [53]
LaTeX Info: Redefining \. on input line 2501.
LaTeX Info: Redefining \% on input line 2501.
 [54]
LaTeX Font Info:    Trying to load font information for TS1+LinuxLibertineT-TLF on input line 2546.
 (c:/texlive/2026/texmf-dist/tex/latex/libertine/TS1LinuxLibertineT-TLF.fd
File: TS1LinuxLibertineT-TLF.fd 2017/03/20 (autoinst) Font definitions for TS1/LinuxLibertineT-TLF.
)
LaTeX Font Info:    Font shape `TS1/LinuxLibertineT-TLF/m/n' will be
(Font)              scaled to size 10.95pt on input line 2546.
LaTeX Info: Redefining \. on input line 2548.
LaTeX Info: Redefining \% on input line 2548.
 [55] (c:/texlive/2026/texmf-dist/tex/latex/listings/lstlang1.sty
File: lstlang1.sty 2025/11/14 1.11b listings language file
) (c:/texlive/2026/texmf-dist/tex/latex/listings/lstmisc.sty
File: lstmisc.sty 2025/11/14 1.11b (Carsten Heinz)
)
Overfull \hbox (0.466pt too wide) in paragraph at lines 2591--2593
[]\T1/LinuxLibertineMonoT-TLF/bold/n/10.95 th:each="document : ${documents}"\T1/LinuxLibertineT-TLF/m/n/10.95 : Es-te atri-bu-to de Thy-me-leaf ite-ra so-|
 []


Overfull \hbox (3.68765pt too wide) in paragraph at lines 2597--2599
[]\T1/LinuxLibertineMonoT-TLF/bold/n/10.95 th:text="${document.receivedAt ?: 'Not received'}"\T1/LinuxLibertineT-TLF/m/n/10.95 : Es-te atri-|
 []

LaTeX Info: Redefining \. on input line 2616.
LaTeX Info: Redefining \% on input line 2616.
[56{c:/texlive/2026/texmf-dist/fonts/enc/dvips/libertine/lbtn_naooyc.enc}]
LaTeX Info: Redefining \. on input line 2669.
LaTeX Info: Redefining \% on input line 2669.
 [57]
Overfull \hbox (8.57526pt too wide) in paragraph at lines 2707--2709
[]\T1/LinuxLibertineMonoT-TLF/bold/n/10.95 th:style="${isAWarningMessage ? 'background-color:red;' :|
 []

LaTeX Info: Redefining \. on input line 2712.
LaTeX Info: Redefining \% on input line 2712.
[58]
Overfull \hbox (28.30708pt too wide) in paragraph at lines 2726--2727
[]\T1/LinuxLibertineMonoT-TLF/bold/n/10.95 responseMessage\T1/LinuxLibertineT-TLF/m/n/10.95 : Se ańa-de al mo-de-lo uti-li-zan-do mo-del.addAttribute(''responseMessage'',|
 []


Overfull \hbox (35.80109pt too wide) in paragraph at lines 2727--2728
[]\T1/LinuxLibertineT-TLF/b/n/10.95 isAWarningMessage\T1/LinuxLibertineT-TLF/m/n/10.95 : Se ańa-de al mo-de-lo uti-li-zan-do mo-del.addAttribute(''isAWarningMessage'',|
 []


Overfull \hbox (25.6163pt too wide) in paragraph at lines 2746--2747
\T1/LinuxLibertineT-TLF/m/n/10.95 to) se ob-tie-nen des-de un ar-chi-vo de con-fi-gu-ra-ción ex-terno (\T1/LinuxLibertineMonoT-TLF/regular/n/10.95 application.properties\T1/LinuxLibertineT-TLF/m/n/10.95 ),|
 []

LaTeX Info: Redefining \. on input line 2747.
LaTeX Info: Redefining \% on input line 2747.
[59]
LaTeX Info: Redefining \. on input line 2779.
LaTeX Info: Redefining \% on input line 2779.
 [60]
LaTeX Info: Redefining \. on input line 2810.
LaTeX Info: Redefining \% on input line 2810.
 [61]
LaTeX Info: Redefining \. on input line 2841.
LaTeX Info: Redefining \% on input line 2841.
 [62]
LaTeX Info: Redefining \. on input line 2876.
LaTeX Info: Redefining \% on input line 2876.
 [63]
Overfull \hbox (7.20035pt too wide) in paragraph at lines 2879--2880
[]\T1/LinuxLibertineT-TLF/m/n/10.95 Para cal-cu-lar fe-chas ba-sa-das en in-ter-va-los de tiem-po, \T1/LinuxLibertineMonoT-TLF/regular/n/10.95 DateRange \T1/LinuxLibertineT-TLF/m/n/10.95 se apo-ya en \T1/LinuxLibertineMonoT-TLF/regular/n/10.95 DateUtils\T1/LinuxLibertineT-TLF/m/n/10.95 ,|
 []

LaTeX Info: Redefining \. on input line 2907.
LaTeX Info: Redefining \% on input line 2907.
[64]
LaTeX Info: Redefining \. on input line 2965.
LaTeX Info: Redefining \% on input line 2965.
 [65]
LaTeX Info: Redefining \. on input line 3005.
LaTeX Info: Redefining \% on input line 3005.
 [66]
LaTeX Info: Redefining \. on input line 3082.
LaTeX Info: Redefining \% on input line 3082.
 [67] (c:/texlive/2026/texmf-dist/tex/latex/listings/lstlang1.sty
File: lstlang1.sty 2025/11/14 1.11b listings language file
) (c:/texlive/2026/texmf-dist/tex/latex/listings/lstlang1.sty
File: lstlang1.sty 2025/11/14 1.11b listings language file
)
LaTeX Info: Redefining \. on input line 3128.
LaTeX Info: Redefining \% on input line 3128.
 [68]
<javadoc-SIDManager.png, id=320, 1123.19624pt x 950.04938pt>
LaTeX Info: Redefining \. on input line 3152.
LaTeX Info: Redefining \% on input line 3152.
 [69]
LaTeX Info: Redefining \. on input line 3156.
LaTeX Info: Redefining \% on input line 3156.
 [70]
chapter 7.
[71


]
LaTeX Info: Redefining \. on input line 3180.
LaTeX Info: Redefining \% on input line 3180.
 [72]
chapter 8.
[73


] [74


]
chapter 9.
[75]
LaTeX Info: Redefining \. on input line 3250.
LaTeX Info: Redefining \% on input line 3250.
 [76]
LaTeX Info: Redefining \. on input line 3250.
LaTeX Info: Redefining \% on input line 3250.
 [77] [78


]
Overfull \hbox (120.7466pt too wide) in paragraph at lines 3252--3252
\T1/LinuxLibertineT-TLF/m/it/10.95 De-ve-lop-ment\T1/LinuxLibertineT-TLF/m/n/10.95 . Con-sul-ta-do el 20 de mar-zo de 2025, des-de $https : / / medium . com / @MakeComputerScienceGreatAgain /|
 []

[79]
LaTeX Info: Redefining \. on input line 3259.
LaTeX Info: Redefining \% on input line 3259.
 [80]
chapter A.
[81


] [82


]
chapter B.

Package glossaries Info: Preparing to sort glossary `acronym' (total number of
(glossaries)             referenced entries: 2)

[83] [84


] [85


] (./tfg-gim-v2.aux
LaTeX Info: Redefining \sptext on input line 17.
LaTeX Info: Redefining \. on input line 17.
LaTeX Info: Redefining \% on input line 17.
)
 ***********
LaTeX2e <2025-11-01>
L3 programming layer <2026-05-26>
 ***********
Package logreq Info: Writing requests to 'tfg-gim-v2.run.xml'.
\openout1 = `tfg-gim-v2.run.xml'.

 ) 
Here is how much of TeX's memory you used:
 47586 strings out of 467337
 950569 string characters out of 5419514
 2011325 words of memory out of 5000000
 75928 multiletter control sequences out of 15000+600000
 738397 words of font info for 106 fonts, out of 8000000 for 9000
 1141 hyphenation exceptions out of 8191
 125i,16n,121p,11294b,2907s stack positions out of 10000i,1000n,20000p,200000b,200000s

pdfTeX warning (dest): name{chapter.B} has been referenced but does not exist, replaced by a fixed one


pdfTeX warning (dest): name{chapter.A} has been referenced but does not exist, replaced by a fixed one


pdfTeX warning (dest): name{subsection.9.2.1} has been referenced but does not exist, replaced by a fixed one


pdfTeX warning (dest): name{section.9.2} has been referenced but does not exist, replaced by a fixed one


pdfTeX warning (dest): name{section.9.1} has been referenced but does not exist, replaced by a fixed one


pdfTeX warning (dest): name{chapter.9} has been referenced but does not exist, replaced by a fixed one


pdfTeX warning (dest): name{section.8.2} has been referenced but does not exist, replaced by a fixed one


pdfTeX warning (dest): name{section.8.1} has been referenced but does not exist, replaced by a fixed one


pdfTeX warning (dest): name{chapter.8} has been referenced but does not exist, replaced by a fixed one


pdfTeX warning (dest): name{section.7.3} has been referenced but does not exist, replaced by a fixed one


pdfTeX warning (dest): name{section.7.2} has been referenced but does not exist, replaced by a fixed one


pdfTeX warning (dest): name{section.7.1} has been referenced but does not exist, replaced by a fixed one


pdfTeX warning (dest): name{chapter.7} has been referenced but does not exist, replaced by a fixed one


pdfTeX warning (dest): name{subsection.6.8.5} has been referenced but does not exist, replaced by a fixed one


pdfTeX warning (dest): name{subsection.6.8.4} has been referenced but does not exist, replaced by a fixed one


pdfTeX warning (dest): name{subsection.6.8.3} has been referenced but does not exist, replaced by a fixed one


pdfTeX warning (dest): name{subsection.6.8.2} has been referenced but does not exist, replaced by a fixed one


pdfTeX warning (dest): name{subsection.6.8.1} has been referenced but does not exist, replaced by a fixed one


pdfTeX warning (dest): name{section.6.8} has been referenced but does not exist, replaced by a fixed one


pdfTeX warning (dest): name{subsection.6.7.5} has been referenced but does not exist, replaced by a fixed one


pdfTeX warning (dest): name{subsection.6.7.4} has been referenced but does not exist, replaced by a fixed one


pdfTeX warning (dest): name{subsection.6.7.3} has been referenced but does not exist, replaced by a fixed one


pdfTeX warning (dest): name{subsection.6.7.2} has been referenced but does not exist, replaced by a fixed one


pdfTeX warning (dest): name{subsection.6.7.1} has been referenced but does not exist, replaced by a fixed one


pdfTeX warning (dest): name{section.6.7} has been referenced but does not exist, replaced by a fixed one


pdfTeX warning (dest): name{subsection.6.6.3} has been referenced but does not exist, replaced by a fixed one


pdfTeX warning (dest): name{subsection.6.6.2} has been referenced but does not exist, replaced by a fixed one


pdfTeX warning (dest): name{subsection.6.6.1} has been referenced but does not exist, replaced by a fixed one


pdfTeX warning (dest): name{section.6.6} has been referenced but does not exist, replaced by a fixed one


pdfTeX warning (dest): name{subsection.6.5.2} has been referenced but does not exist, replaced by a fixed one


pdfTeX warning (dest): name{subsection.6.5.1} has been referenced but does not exist, replaced by a fixed one


pdfTeX warning (dest): name{section.6.5} has been referenced but does not exist, replaced by a fixed one


pdfTeX warning (dest): name{subsection.6.4.1} has been referenced but does not exist, replaced by a fixed one


pdfTeX warning (dest): name{section.6.4} has been referenced but does not exist, replaced by a fixed one


pdfTeX warning (dest): name{subsection.6.3.3} has been referenced but does not exist, replaced by a fixed one


pdfTeX warning (dest): name{subsection.6.3.2} has been referenced but does not exist, replaced by a fixed one


pdfTeX warning (dest): name{subsection.6.3.1} has been referenced but does not exist, replaced by a fixed one


pdfTeX warning (dest): name{section.6.3} has been referenced but does not exist, replaced by a fixed one


pdfTeX warning (dest): name{subsection.6.2.3} has been referenced but does not exist, replaced by a fixed one


pdfTeX warning (dest): name{subsection.6.2.2} has been referenced but does not exist, replaced by a fixed one


pdfTeX warning (dest): name{subsection.6.2.1} has been referenced but does not exist, replaced by a fixed one


pdfTeX warning (dest): name{section.6.2} has been referenced but does not exist, replaced by a fixed one


pdfTeX warning (dest): name{subsection.6.1.4} has been referenced but does not exist, replaced by a fixed one


pdfTeX warning (dest): name{subsection.6.1.3} has been referenced but does not exist, replaced by a fixed one


pdfTeX warning (dest): name{subsection.6.1.2} has been referenced but does not exist, replaced by a fixed one


pdfTeX warning (dest): name{subsection.6.1.1} has been referenced but does not exist, replaced by a fixed one


pdfTeX warning (dest): name{section.6.1} has been referenced but does not exist, replaced by a fixed one


pdfTeX warning (dest): name{chapter.6} has been referenced but does not exist, replaced by a fixed one


pdfTeX warning (dest): name{subsection.5.3.2} has been referenced but does not exist, replaced by a fixed one


pdfTeX warning (dest): name{subsection.5.3.1} has been referenced but does not exist, replaced by a fixed one


pdfTeX warning (dest): name{section.5.3} has been referenced but does not exist, replaced by a fixed one


pdfTeX warning (dest): name{section.5.2} has been referenced but does not exist, replaced by a fixed one


pdfTeX warning (dest): name{subsection.5.1.4} has been referenced but does not exist, replaced by a fixed one


pdfTeX warning (dest): name{subsection.5.1.3} has been referenced but does not exist, replaced by a fixed one


pdfTeX warning (dest): name{subsection.5.1.2} has been referenced but does not exist, replaced by a fixed one


pdfTeX warning (dest): name{subsection.5.1.1} has been referenced but does not exist, replaced by a fixed one


pdfTeX warning (dest): name{section.5.1} has been referenced but does not exist, replaced by a fixed one


pdfTeX warning (dest): name{chapter.5} has been referenced but does not exist, replaced by a fixed one


pdfTeX warning (dest): name{chapter.4} has been referenced but does not exist, replaced by a fixed one


pdfTeX warning (dest): name{subsection.3.2.4} has been referenced but does not exist, replaced by a fixed one


pdfTeX warning (dest): name{subsection.3.2.3} has been referenced but does not exist, replaced by a fixed one


pdfTeX warning (dest): name{subsection.3.2.2} has been referenced but does not exist, replaced by a fixed one


pdfTeX warning (dest): name{subsection.3.2.1} has been referenced but does not exist, replaced by a fixed one


pdfTeX warning (dest): name{section.3.2} has been referenced but does not exist, replaced by a fixed one


pdfTeX warning (dest): name{section.3.1} has been referenced but does not exist, replaced by a fixed one


pdfTeX warning (dest): name{chapter.3} has been referenced but does not exist, replaced by a fixed one


pdfTeX warning (dest): name{subsection.2.6.2} has been referenced but does not exist, replaced by a fixed one


pdfTeX warning (dest): name{subsection.2.6.1} has been referenced but does not exist, replaced by a fixed one


pdfTeX warning (dest): name{section.2.6} has been referenced but does not exist, replaced by a fixed one


pdfTeX warning (dest): name{subsection.2.5.2} has been referenced but does not exist, replaced by a fixed one


pdfTeX warning (dest): name{subsection.2.5.1} has been referenced but does not exist, replaced by a fixed one


pdfTeX warning (dest): name{section.2.5} has been referenced but does not exist, replaced by a fixed one


pdfTeX warning (dest): name{subsection.2.4.7} has been referenced but does not exist, replaced by a fixed one


pdfTeX warning (dest): name{subsection.2.4.6} has been referenced but does not exist, replaced by a fixed one


pdfTeX warning (dest): name{subsection.2.4.5} has been referenced but does not exist, replaced by a fixed one


pdfTeX warning (dest): name{subsection.2.4.4} has been referenced but does not exist, replaced by a fixed one


pdfTeX warning (dest): name{subsection.2.4.3} has been referenced but does not exist, replaced by a fixed one


pdfTeX warning (dest): name{subsection.2.4.2} has been referenced but does not exist, replaced by a fixed one


pdfTeX warning (dest): name{subsection.2.4.1} has been referenced but does not exist, replaced by a fixed one


pdfTeX warning (dest): name{section.2.4} has been referenced but does not exist, replaced by a fixed one


pdfTeX warning (dest): name{subsection.2.3.4} has been referenced but does not exist, replaced by a fixed one


pdfTeX warning (dest): name{subsection.2.3.3} has been referenced but does not exist, replaced by a fixed one


pdfTeX warning (dest): name{subsection.2.3.2} has been referenced but does not exist, replaced by a fixed one


pdfTeX warning (dest): name{subsection.2.3.1} has been referenced but does not exist, replaced by a fixed one


pdfTeX warning (dest): name{section.2.3} has been referenced but does not exist, replaced by a fixed one


pdfTeX warning (dest): name{section.2.2} has been referenced but does not exist, replaced by a fixed one


pdfTeX warning (dest): name{section.2.1} has been referenced but does not exist, replaced by a fixed one


pdfTeX warning (dest): name{chapter.2} has been referenced but does not exist, replaced by a fixed one


pdfTeX warning (dest): name{chapter.1} has been referenced but does not exist, replaced by a fixed one


pdfTeX warning (dest): name{chapter*.1} has been referenced but does not exist, replaced by a fixed one

<c:/texlive/2026/texmf-dist/fonts/type1/public/libertine/LinBiolinumTB.pfb><c:/texlive/2026/texmf-dist/fonts/type1/public/libertine/LinLibertineMT.pfb><c:/texlive/2026/texmf-dist/fonts/type1/public/libertine/LinLibertineMTB.pfb><c:/texlive/2026/texmf-dist/fonts/type1/public/libertine/LinLibertineT.pfb><c:/texlive/2026/texmf-dist/fonts/type1/public/libertine/LinLibertineTB.pfb><c:/texlive/2026/texmf-dist/fonts/type1/public/libertine/LinLibertineTI.pfb><c:/texlive/2026/texmf-dist/fonts/type1/public/amsfonts/cm/cmmi10.pfb><c:/texlive/2026/texmf-dist/fonts/type1/public/amsfonts/cm/cmr10.pfb><c:/texlive/2026/texmf-dist/fonts/type1/public/amsfonts/cm/cmr8.pfb><c:/texlive/2026/texmf-dist/fonts/type1/public/amsfonts/cm/cmsy10.pfb>
Output written on tfg-gim-v2.pdf (107 pages, 632540 bytes).
PDF statistics:
 827 PDF objects out of 1000 (max. 8388607)
 671 compressed objects within 7 object streams
 90 named destinations out of 1000 (max. 500000)
 816 words of extra memory for PDF output out of 10000 (max. 10000000)

