2025-11-25 17:07:27 - pdf_processor - INFO - Logging configurado. Archivo: logs\application_date_2025-11-25_time_17-07-27.log
2025-11-25 17:07:32 - pdf_processor - INFO - 🧠 Cargando datos de ejemplo (Few-Shot)...
2025-11-25 17:07:32 - pdf_processor - INFO - ✅ Datos Few-Shot cargados correctamente.
2025-11-25 17:07:32 - pdf_processor - INFO - --------------------------------------
2025-11-25 17:07:32 - pdf_processor - INFO - | PDF TEXT EXTRACTOR AND STRUCTURATOR |
2025-11-25 17:07:32 - pdf_processor - INFO - --------------------------------------
2025-11-25 17:07:32 - pdf_processor - INFO - 
2025-11-25 17:07:32 - pdf_processor - INFO - 📄 Procesando: data/Gramatica-Normativa-Kaqchikel.pdf
2025-11-25 17:07:32 - pdf_processor - INFO - 📖 Páginas a procesar: páginas 172-172
2025-11-25 17:07:32 - pdf_processor - INFO - 📦 Bloques de: 5 páginas
2025-11-25 17:07:32 - pdf_processor - INFO - 📝 Prompt usado: prompts/prompt_v3
2025-11-25 17:07:32 - pdf_processor - INFO - --------------------------------------
2025-11-25 17:07:32 - pdf_processor - INFO - 
2025-11-25 17:07:32 - pdf_processor - INFO - 🤖 Generando respuesta
2025-11-25 17:07:32 - pdf_processor - INFO - 📄 Procesando páginas 172-172
2025-11-25 17:07:32 - pdf_processor - INFO - 📖 Procesando páginas 172 a 172 (1 páginas)...
2025-11-25 17:08:38 - pdf_processor - INFO - ██████████ 100%
2025-11-25 17:08:38 - pdf_processor - INFO - ---------------------------------
2025-11-25 17:08:38 - pdf_processor - INFO - 🧹 Limpiando respuesta de la IA...
2025-11-25 17:08:38 - pdf_processor - INFO - 📊 Páginas procesadas encontradas: [170, 171]
2025-11-25 17:08:38 - pdf_processor - INFO - 
🤖 Fragmento de respuesta:
2025-11-25 17:08:38 - pdf_processor - INFO - <pagina num="170">
        <linea>plural) del objeto y sujeto. La palabra principal incluye primeramente el tiempo/aspecto</linea>
        <linea>o modo (excepto en el perfectivo que es la última), se...
2025-11-25 17:08:38 - pdf_processor - INFO - Archivo guardado como: Gramatica-Normativa-Kaqchikel_páginas_172-172_version_1.xml
2025-11-25 17:08:38 - pdf_processor - INFO - 
💾 XML guardado en: output\Gramatica-Normativa-Kaqchikel_páginas_172-172_version_1.xml
