2025-12-08 22:12:23 - pdf_processor - INFO - Logging configurado. Archivo: logs\application_date_2025-12-08_time_22-12-23.log
2025-12-08 22:12:26 - pdf_processor - INFO - 🧠 Cargando ejemplos Few-Shot...
2025-12-08 22:12:26 - pdf_processor - INFO - ✅ Ejemplo 1 (Kaqchikel) cargado correctamente.
2025-12-08 22:12:26 - pdf_processor - INFO - ✅ Ejemplo 2 (Mam) cargado correctamente.
2025-12-08 22:12:26 - pdf_processor - INFO - 🧠 Total ejemplos cargados: 2
2025-12-08 22:12:26 - pdf_processor - INFO - --------------------------------------
2025-12-08 22:12:26 - pdf_processor - INFO - | PDF TEXT EXTRACTOR AND STRUCTURATOR |
2025-12-08 22:12:26 - pdf_processor - INFO - --------------------------------------
2025-12-08 22:12:26 - pdf_processor - INFO - 
2025-12-08 22:12:26 - pdf_processor - INFO - 📄 Procesando: data/reducidos/Gramatica-Normativa-Kiche_pag_44.pdf
2025-12-08 22:12:26 - pdf_processor - INFO - 📖 Páginas a procesar: todas las páginas
2025-12-08 22:12:26 - pdf_processor - INFO - 📦 Bloques de: 5 páginas
2025-12-08 22:12:26 - pdf_processor - INFO - 📝 Prompt usado: prompts/prompt_v4
2025-12-08 22:12:26 - pdf_processor - INFO - --------------------------------------
2025-12-08 22:12:26 - pdf_processor - INFO - 
2025-12-08 22:12:26 - pdf_processor - INFO - 📜 Leyendo prompt...
2025-12-08 22:12:26 - pdf_processor - ERROR - ❌ Error durante el proceso: 'DocumentProcessor' object has no attribute 'temperature'
2025-12-08 22:12:27 - pdf_processor - INFO - 🧠 Cargando ejemplos Few-Shot...
2025-12-08 22:12:27 - pdf_processor - INFO - ✅ Ejemplo 1 (Kaqchikel) cargado correctamente.
2025-12-08 22:12:27 - pdf_processor - INFO - ✅ Ejemplo 2 (Mam) cargado correctamente.
2025-12-08 22:12:27 - pdf_processor - INFO - 🧠 Total ejemplos cargados: 2
2025-12-08 22:12:27 - pdf_processor - INFO - --------------------------------------
2025-12-08 22:12:27 - pdf_processor - INFO - | PDF TEXT EXTRACTOR AND STRUCTURATOR |
2025-12-08 22:12:27 - pdf_processor - INFO - --------------------------------------
2025-12-08 22:12:27 - pdf_processor - INFO - 
2025-12-08 22:12:27 - pdf_processor - INFO - 📄 Procesando: data/reducidos/Gramatica-Normativa-Kiche_pag_44.pdf
2025-12-08 22:12:27 - pdf_processor - INFO - 📖 Páginas a procesar: todas las páginas
2025-12-08 22:12:27 - pdf_processor - INFO - 📦 Bloques de: 5 páginas
2025-12-08 22:12:27 - pdf_processor - INFO - 📝 Prompt usado: prompts/prompt_v4
2025-12-08 22:12:27 - pdf_processor - INFO - --------------------------------------
2025-12-08 22:12:27 - pdf_processor - INFO - 
2025-12-08 22:12:27 - pdf_processor - INFO - 📜 Leyendo prompt...
2025-12-08 22:12:27 - pdf_processor - ERROR - ❌ Error durante el proceso: 'DocumentProcessor' object has no attribute 'temperature'
2025-12-08 22:12:27 - pdf_processor - INFO - 🧠 Cargando ejemplos Few-Shot...
2025-12-08 22:12:27 - pdf_processor - INFO - ✅ Ejemplo 1 (Kaqchikel) cargado correctamente.
2025-12-08 22:12:27 - pdf_processor - INFO - ✅ Ejemplo 2 (Mam) cargado correctamente.
2025-12-08 22:12:27 - pdf_processor - INFO - 🧠 Total ejemplos cargados: 2
2025-12-08 22:12:27 - pdf_processor - INFO - --------------------------------------
2025-12-08 22:12:27 - pdf_processor - INFO - | PDF TEXT EXTRACTOR AND STRUCTURATOR |
2025-12-08 22:12:27 - pdf_processor - INFO - --------------------------------------
2025-12-08 22:12:27 - pdf_processor - INFO - 
2025-12-08 22:12:27 - pdf_processor - INFO - 📄 Procesando: data/reducidos/Gramatica-Normativa-Kiche_pag_44.pdf
2025-12-08 22:12:27 - pdf_processor - INFO - 📖 Páginas a procesar: todas las páginas
2025-12-08 22:12:27 - pdf_processor - INFO - 📦 Bloques de: 5 páginas
2025-12-08 22:12:27 - pdf_processor - INFO - 📝 Prompt usado: prompts/prompt_v4
2025-12-08 22:12:27 - pdf_processor - INFO - --------------------------------------
2025-12-08 22:12:27 - pdf_processor - INFO - 
2025-12-08 22:12:27 - pdf_processor - INFO - 📜 Leyendo prompt...
2025-12-08 22:12:27 - pdf_processor - ERROR - ❌ Error durante el proceso: 'DocumentProcessor' object has no attribute 'temperature'
2025-12-08 22:12:28 - pdf_processor - INFO - 🧠 Cargando ejemplos Few-Shot...
2025-12-08 22:12:28 - pdf_processor - INFO - ✅ Ejemplo 1 (Kaqchikel) cargado correctamente.
2025-12-08 22:12:28 - pdf_processor - INFO - ✅ Ejemplo 2 (Mam) cargado correctamente.
2025-12-08 22:12:28 - pdf_processor - INFO - 🧠 Total ejemplos cargados: 2
2025-12-08 22:12:28 - pdf_processor - INFO - --------------------------------------
2025-12-08 22:12:28 - pdf_processor - INFO - | PDF TEXT EXTRACTOR AND STRUCTURATOR |
2025-12-08 22:12:28 - pdf_processor - INFO - --------------------------------------
2025-12-08 22:12:28 - pdf_processor - INFO - 
2025-12-08 22:12:28 - pdf_processor - INFO - 📄 Procesando: data/reducidos/Gramatica-Normativa-Kiche_pag_44.pdf
2025-12-08 22:12:28 - pdf_processor - INFO - 📖 Páginas a procesar: todas las páginas
2025-12-08 22:12:28 - pdf_processor - INFO - 📦 Bloques de: 5 páginas
2025-12-08 22:12:28 - pdf_processor - INFO - 📝 Prompt usado: prompts/prompt_v4
2025-12-08 22:12:28 - pdf_processor - INFO - --------------------------------------
2025-12-08 22:12:28 - pdf_processor - INFO - 
2025-12-08 22:12:28 - pdf_processor - INFO - 📜 Leyendo prompt...
2025-12-08 22:12:28 - pdf_processor - ERROR - ❌ Error durante el proceso: 'DocumentProcessor' object has no attribute 'temperature'
