2025-12-08 22:15:54 - pdf_processor - INFO - Logging configurado. Archivo: logs\application_date_2025-12-08_time_22-15-54.log
2025-12-08 22:15:57 - pdf_processor - INFO - 🧠 Cargando ejemplos Few-Shot...
2025-12-08 22:15:57 - pdf_processor - INFO - ✅ Ejemplo 1 (Kaqchikel) cargado correctamente.
2025-12-08 22:15:57 - pdf_processor - INFO - ✅ Ejemplo 2 (Mam) cargado correctamente.
2025-12-08 22:15:57 - pdf_processor - INFO - 🧠 Total ejemplos cargados: 2
2025-12-08 22:15:57 - pdf_processor - INFO - ----------------------------------------
2025-12-08 22:15:57 - pdf_processor - INFO - 📄 Procesando: Gramatica-Normativa-Kiche_pag_44.pdf
2025-12-08 22:15:57 - pdf_processor - INFO - 🌡️  Temp:      0.0
2025-12-08 22:15:57 - pdf_processor - INFO - 📂 Salida:    output
2025-12-08 22:15:57 - pdf_processor - INFO - 📖 Rango:     todas las páginas
2025-12-08 22:15:57 - pdf_processor - INFO - ----------------------------------------
2025-12-08 22:15:57 - pdf_processor - INFO - 📜 Leyendo prompt...
2025-12-08 22:15:57 - pdf_processor - INFO - 🤖 Iniciando generación con Temperatura 0.0...
2025-12-08 22:15:57 - pdf_processor - INFO - 📄 Procesando TODAS las páginas del PDF (1-1)
2025-12-08 22:15:57 - pdf_processor - INFO - 📖 Procesando páginas 1 a 1 (1 páginas)...
2025-12-08 22:16:18 - pdf_processor - INFO - ██████████ 100%
2025-12-08 22:16:18 - pdf_processor - INFO - ---------------------------------
2025-12-08 22:16:18 - pdf_processor - INFO - 🧹 Limpiando respuesta de la IA...
2025-12-08 22:16:18 - pdf_processor - INFO - Archivo guardado como: Gramatica-Normativa-Kiche_pag_44_páginas_1-1_version_3.xml
2025-12-08 22:16:18 - pdf_processor - INFO - ✅ Guardado correctamente en: output\Gramatica-Normativa-Kiche_pag_44_páginas_1-1_version_3.xml
