2026-01-20 18:13:58 - pdf_processor - INFO - Logging configurado. Archivo: logs\application_date_2026-01-20_time_18-13-58.log
2026-01-20 18:14:03 - pdf_processor - INFO - 🧠 Cargando ejemplos Few-Shot...
2026-01-20 18:14:03 - pdf_processor - INFO - ✅ Ejemplo 1 (Kaqchikel) cargado correctamente.
2026-01-20 18:14:03 - pdf_processor - INFO - ✅ Ejemplo 2 (Mam) cargado correctamente.
2026-01-20 18:14:03 - pdf_processor - INFO - 🧠 Total ejemplos cargados: 2
2026-01-20 18:14:03 - pdf_processor - INFO - ----------------------------------------
2026-01-20 18:14:03 - pdf_processor - INFO - 📄 Procesando: Gramatica-Normativa-Kaqchikel.pdf
2026-01-20 18:14:03 - pdf_processor - INFO - 🌡️ Temp:      0.25
2026-01-20 18:14:03 - pdf_processor - INFO - 📂 Salida:    output
2026-01-20 18:14:03 - pdf_processor - INFO - 📖 Rango:     todas las páginas
2026-01-20 18:14:03 - pdf_processor - INFO - ----------------------------------------
2026-01-20 18:14:03 - pdf_processor - INFO - 📜 Leyendo prompt...
2026-01-20 18:14:03 - pdf_processor - INFO - 🤖 Iniciando generación con Temperatura 0.25...
2026-01-20 18:14:03 - pdf_processor - INFO - 📄 Procesando TODAS las páginas del PDF (1-308)
2026-01-20 18:14:03 - pdf_processor - INFO - 📖 Procesando páginas 1 a 5 (5 páginas)...
2026-01-20 18:14:35 - pdf_processor - INFO - ✅ XML validado correctamente en el intento 1.
2026-01-20 18:14:35 - pdf_processor - INFO - ▒▒▒▒▒▒▒▒▒▒ 1%
2026-01-20 18:14:35 - pdf_processor - INFO - ---------------------------------
2026-01-20 18:14:35 - pdf_processor - INFO - 📖 Procesando páginas 6 a 10 (5 páginas)...
2026-01-20 18:16:05 - pdf_processor - WARNING - ⚠️ XML inválido (Código -1). Reintentando generación... (1/5)
2026-01-20 18:16:56 - pdf_processor - WARNING - ⚠️ XML inválido (Código -1). Reintentando generación... (2/5)
2026-01-20 18:18:09 - pdf_processor - INFO - ✅ XML validado correctamente en el intento 3.
2026-01-20 18:18:09 - pdf_processor - INFO - ▒▒▒▒▒▒▒▒▒▒ 3%
2026-01-20 18:18:09 - pdf_processor - INFO - ---------------------------------
2026-01-20 18:18:09 - pdf_processor - INFO - 📖 Procesando páginas 11 a 15 (5 páginas)...
2026-01-20 18:18:28 - pdf_processor - INFO - ✅ XML validado correctamente en el intento 1.
2026-01-20 18:18:28 - pdf_processor - INFO - ▒▒▒▒▒▒▒▒▒▒ 4%
2026-01-20 18:18:28 - pdf_processor - INFO - ---------------------------------
2026-01-20 18:18:28 - pdf_processor - INFO - 📖 Procesando páginas 16 a 20 (5 páginas)...
2026-01-20 18:19:09 - pdf_processor - INFO - ✅ XML validado correctamente en el intento 1.
2026-01-20 18:19:09 - pdf_processor - INFO - ▒▒▒▒▒▒▒▒▒▒ 6%
2026-01-20 18:19:09 - pdf_processor - INFO - ---------------------------------
2026-01-20 18:19:09 - pdf_processor - INFO - 📖 Procesando páginas 21 a 25 (5 páginas)...
2026-01-20 18:19:48 - pdf_processor - INFO - ✅ XML validado correctamente en el intento 1.
2026-01-20 18:19:48 - pdf_processor - INFO - ▒▒▒▒▒▒▒▒▒▒ 8%
2026-01-20 18:19:48 - pdf_processor - INFO - ---------------------------------
2026-01-20 18:19:48 - pdf_processor - INFO - 📖 Procesando páginas 26 a 30 (5 páginas)...
