2025-11-22 18:55:49 - pdf_processor - INFO - Logging configurado. Archivo: logs\application_date_2025-11-22_time_18-55-49.log
2025-11-22 18:55:55 - pdf_processor - INFO - 🧠 Cargando datos de ejemplo (Few-Shot)...
2025-11-22 18:55:55 - pdf_processor - INFO - ✅ Datos Few-Shot cargados correctamente.
2025-11-22 18:55:55 - pdf_processor - INFO - --------------------------------------
2025-11-22 18:55:55 - pdf_processor - INFO - | PDF TEXT EXTRACTOR AND STRUCTURATOR |
2025-11-22 18:55:55 - pdf_processor - INFO - --------------------------------------
2025-11-22 18:55:55 - pdf_processor - INFO - 
2025-11-22 18:55:55 - pdf_processor - INFO - 📄 Procesando: Gramatica-Normativa-Kaqchikel_pag_146.pdf
2025-11-22 18:55:55 - pdf_processor - INFO - 📖 Páginas a procesar: todas las páginas
2025-11-22 18:55:55 - pdf_processor - INFO - 📦 Bloques de: 5 páginas
2025-11-22 18:55:55 - pdf_processor - INFO - 📝 Prompt usado: prompts/prompt_v3
2025-11-22 18:55:55 - pdf_processor - INFO - --------------------------------------
2025-11-22 18:55:55 - pdf_processor - INFO - 
2025-11-22 18:55:55 - pdf_processor - INFO - 🤖 Generando respuesta
2025-11-22 18:55:55 - pdf_processor - ERROR - ❌ Error durante el procesamiento: [Errno 2] No such file or directory: 'Gramatica-Normativa-Kaqchikel_pag_146.pdf'
Traceback (most recent call last):
  File "C:\Users\elcar\OneDrive\Documentos\MASTER\TFM\main.py", line 45, in run
    response = self.ai_generator.generate_from_pdf(PDF_PATH, prompt)
  File "C:\Users\elcar\OneDrive\Documentos\MASTER\TFM\core\ai_generator.py", line 135, in generate_from_pdf
    start_page, end_page = self._determine_page_range(pdf_path)
  File "C:\Users\elcar\OneDrive\Documentos\MASTER\TFM\core\ai_generator.py", line 55, in _determine_page_range
    total_pdf_pages = self._get_total_pages(pdf_path)
  File "C:\Users\elcar\OneDrive\Documentos\MASTER\TFM\core\ai_generator.py", line 50, in _get_total_pages
    with open(pdf_path, 'rb') as f:
FileNotFoundError: [Errno 2] No such file or directory: 'Gramatica-Normativa-Kaqchikel_pag_146.pdf'
