2025-11-25 18:01:39 - pdf_processor - INFO - Logging configurado. Archivo: logs\application_date_2025-11-25_time_18-01-39.log
2025-11-25 18:01:44 - pdf_processor - INFO - 🧠 Cargando datos de ejemplo (Few-Shot)...
2025-11-25 18:01:44 - pdf_processor - INFO - ✅ Datos Few-Shot cargados correctamente.
2025-11-25 18:01:44 - pdf_processor - INFO - --------------------------------------
2025-11-25 18:01:44 - pdf_processor - INFO - | PDF TEXT EXTRACTOR AND STRUCTURATOR |
2025-11-25 18:01:44 - pdf_processor - INFO - --------------------------------------
2025-11-25 18:01:44 - pdf_processor - INFO - 
2025-11-25 18:01:44 - pdf_processor - INFO - 📄 Procesando: data/Gramatica-Normativa-Kiche.pdf
2025-11-25 18:01:44 - pdf_processor - INFO - 📖 Páginas a procesar: páginas 43-43
2025-11-25 18:01:44 - pdf_processor - INFO - 📦 Bloques de: 5 páginas
2025-11-25 18:01:44 - pdf_processor - INFO - 📝 Prompt usado: prompts/prompt_v4
2025-11-25 18:01:44 - pdf_processor - INFO - --------------------------------------
2025-11-25 18:01:44 - pdf_processor - INFO - 
2025-11-25 18:01:44 - pdf_processor - INFO - 🤖 Generando respuesta
2025-11-25 18:01:44 - pdf_processor - INFO - 📄 Procesando páginas 43-43
2025-11-25 18:01:44 - pdf_processor - INFO - 📖 Procesando páginas 43 a 43 (1 páginas)...
2025-11-25 18:01:48 - pdf_processor - WARNING - ⚠️  Servidor sobrecargado (503). Reintentando en 15 segundos... (Intento 1/5)
2025-11-25 18:02:08 - pdf_processor - WARNING - ⚠️  Servidor sobrecargado (503). Reintentando en 15 segundos... (Intento 2/5)
2025-11-25 18:02:45 - pdf_processor - WARNING - ⚠️  Servidor sobrecargado (503). Reintentando en 15 segundos... (Intento 3/5)
2025-11-25 18:03:21 - pdf_processor - INFO - ██████████ 100%
2025-11-25 18:03:21 - pdf_processor - INFO - ---------------------------------
2025-11-25 18:03:21 - pdf_processor - INFO - 🧹 Limpiando respuesta de la IA...
2025-11-25 18:03:21 - pdf_processor - INFO - 📊 Páginas procesadas encontradas: [43]
2025-11-25 18:03:21 - pdf_processor - INFO - 
🤖 Fragmento de respuesta:
2025-11-25 18:03:21 - pdf_processor - INFO - <pagina num="43">
        <linea>-ib' y -ab': Son pluralizadores que se refieren a personas, oficios o profesiones, funcionan</linea>
        <linea>como sufijos.</linea>
        <paralel_phrase>
    ...
2025-11-25 18:03:21 - pdf_processor - INFO - Archivo guardado como: Gramatica-Normativa-Kiche_páginas_43-43_version_2.xml
2025-11-25 18:03:21 - pdf_processor - INFO - 
💾 XML guardado en: output\Gramatica-Normativa-Kiche_páginas_43-43_version_2.xml
