2026-01-20 13:32:34 - pdf_processor - INFO - Logging configurado. Archivo: logs\application_date_2026-01-20_time_13-32-34.log
2026-01-20 13:32:37 - pdf_processor - INFO - 🧠 Cargando ejemplos Few-Shot...
2026-01-20 13:32:37 - pdf_processor - INFO - ✅ Ejemplo 1 (Kaqchikel) cargado correctamente.
2026-01-20 13:32:37 - pdf_processor - INFO - ✅ Ejemplo 2 (Mam) cargado correctamente.
2026-01-20 13:32:37 - pdf_processor - INFO - 🧠 Total ejemplos cargados: 2
2026-01-20 13:32:37 - pdf_processor - INFO - ----------------------------------------
2026-01-20 13:32:37 - pdf_processor - INFO - 📄 Procesando: Gramatica-Normativa-Kaqchikel_pag_172.pdf
2026-01-20 13:32:37 - pdf_processor - INFO - 🌡️  Temp:      0.25
2026-01-20 13:32:37 - pdf_processor - INFO - 📂 Salida:    output
2026-01-20 13:32:37 - pdf_processor - INFO - 📖 Rango:     todas las páginas
2026-01-20 13:32:37 - pdf_processor - INFO - ----------------------------------------
2026-01-20 13:32:37 - pdf_processor - INFO - 📜 Leyendo prompt...
2026-01-20 13:32:37 - pdf_processor - INFO - 🤖 Iniciando generación con Temperatura 0.25...
2026-01-20 13:32:37 - pdf_processor - INFO - 📄 Procesando TODAS las páginas del PDF (1-1)
2026-01-20 13:32:37 - pdf_processor - INFO - 📖 Procesando páginas 1 a 1 (1 páginas)...
2026-01-20 13:33:07 - pdf_processor - INFO - ✅ XML validado correctamente en el intento 1.
2026-01-20 13:33:07 - pdf_processor - INFO - ██████████ 100%
2026-01-20 13:33:07 - pdf_processor - INFO - ---------------------------------
2026-01-20 13:33:07 - pdf_processor - INFO - 🧹 Limpiando respuesta de la IA...
2026-01-20 13:33:07 - pdf_processor - INFO - Archivo guardado como: Gramatica-Normativa-Kaqchikel_pag_172_páginas_1-1_version_1.xml
2026-01-20 13:33:07 - pdf_processor - INFO - ✅ XML guardado correctamente en: output\Gramatica-Normativa-Kaqchikel_pag_172_páginas_1-1_version_1.xml
2026-01-20 13:33:07 - pdf_processor - INFO - 🎨 Generando archivo LaTeX a partir del XML...
2026-01-20 13:33:07 - pdf_processor - INFO - ✨ LaTeX generado correctamente en: output\Gramatica-Normativa-Kaqchikel_pag_172_páginas_1-1_version_1.tex
