2025-09-28 17:34:36 - pdf_processor - INFO - Logging configurado. Archivo: logs\application_date_2025-09-28_time_17-34-36.log
2025-09-28 17:34:42 - pdf_processor - INFO - --------------------------------------
2025-09-28 17:34:42 - pdf_processor - INFO - | PDF TEXT EXTRACTOR AND STRUCTURATOR |
2025-09-28 17:34:42 - pdf_processor - INFO - --------------------------------------
2025-09-28 17:34:42 - pdf_processor - INFO - 
2025-09-28 17:34:42 - pdf_processor - INFO - 📄 Procesando: data/Gramatica-Normativa-Mam.pdf
2025-09-28 17:34:42 - pdf_processor - INFO - 📖 Páginas a procesar: páginas 80-80
2025-09-28 17:34:42 - pdf_processor - INFO - 📦 Bloques de: 5 páginas
2025-09-28 17:34:42 - pdf_processor - INFO - 📝 Prompt usado: prompts/prompt_v3
2025-09-28 17:34:42 - pdf_processor - INFO - --------------------------------------
2025-09-28 17:34:42 - pdf_processor - INFO - 
2025-09-28 17:34:42 - pdf_processor - INFO - 🤖 Generando respuesta
2025-09-28 17:34:42 - pdf_processor - INFO - 📄 Procesando páginas 80-80
2025-09-28 17:34:42 - pdf_processor - INFO - 📖 Procesando páginas 80 a 80 (1 páginas)...
2025-09-28 17:34:53 - pdf_processor - INFO - ██████████ 100%
2025-09-28 17:34:53 - pdf_processor - INFO - ---------------------------------
2025-09-28 17:34:53 - pdf_processor - INFO - 📊 Páginas procesadas encontradas: [80]
2025-09-28 17:34:53 - pdf_processor - INFO - 
🤖 Fragmento de respuesta:
2025-09-28 17:34:53 - pdf_processor - INFO - <pagina num="80">
    <linea>Ejemplo:</linea>
    <paralel_phrase>
        <original>witzaja</original>
        <translation>mi hierba</translation>
    </paralel_phrase>
    <paralel_phrase>
        ...
2025-09-28 17:34:53 - pdf_processor - INFO - Archivo guardado como: Gramatica-Normativa-Mam_páginas_80-80_version_7.xml
2025-09-28 17:34:53 - pdf_processor - INFO - 
💾 XML guardado en: output\Gramatica-Normativa-Mam_páginas_80-80_version_7.xml
