2026-01-20 18:35:22 - pdf_processor - INFO - Logging configurado. Archivo: logs\application_date_2026-01-20_time_18-35-22.log
2026-01-20 18:35:26 - pdf_processor - INFO - 🧠 Cargando ejemplos Few-Shot...
2026-01-20 18:35:26 - pdf_processor - INFO - ✅ Ejemplo 1 (Kaqchikel) cargado correctamente.
2026-01-20 18:35:26 - pdf_processor - INFO - ✅ Ejemplo 2 (Mam) cargado correctamente.
2026-01-20 18:35:26 - pdf_processor - INFO - 🧠 Total ejemplos cargados: 2
2026-01-20 18:35:26 - pdf_processor - INFO - ----------------------------------------
2026-01-20 18:35:26 - pdf_processor - INFO - 📄 Procesando: Gramatica-Normativa-Kaqchikel.pdf
2026-01-20 18:35:26 - pdf_processor - INFO - 🌡️ Temp:      0.25
2026-01-20 18:35:26 - pdf_processor - INFO - 📂 Salida:    output
2026-01-20 18:35:26 - pdf_processor - INFO - 📖 Rango:     páginas 160-180
2026-01-20 18:35:26 - pdf_processor - INFO - ----------------------------------------
2026-01-20 18:35:26 - pdf_processor - INFO - 📜 Leyendo prompt...
2026-01-20 18:35:26 - pdf_processor - INFO - 🤖 Iniciando generación con Temperatura 0.25...
2026-01-20 18:35:27 - pdf_processor - INFO - 📄 Procesando páginas 160-180
2026-01-20 18:35:27 - pdf_processor - INFO - 📖 Procesando páginas 160 a 164 (5 páginas)...
2026-01-20 18:36:05 - pdf_processor - INFO - ✅ XML validado correctamente en el intento 1.
2026-01-20 18:36:05 - pdf_processor - INFO - ██▒▒▒▒▒▒▒▒ 23%
2026-01-20 18:36:05 - pdf_processor - INFO - ---------------------------------
2026-01-20 18:36:05 - pdf_processor - INFO - 📖 Procesando páginas 165 a 169 (5 páginas)...
2026-01-20 18:37:09 - pdf_processor - WARNING - ⚠️ XML inválido (Código 0). Reintentando generación... (1/5)
2026-01-20 18:38:04 - pdf_processor - INFO - ✅ XML validado correctamente en el intento 2.
2026-01-20 18:38:04 - pdf_processor - INFO - ████▒▒▒▒▒▒ 47%
2026-01-20 18:38:04 - pdf_processor - INFO - ---------------------------------
2026-01-20 18:38:04 - pdf_processor - INFO - 📖 Procesando páginas 170 a 174 (5 páginas)...
2026-01-20 18:38:33 - pdf_processor - WARNING - ⚠️ XML inválido (Código -1). Reintentando generación... (1/5)
2026-01-20 18:39:18 - pdf_processor - WARNING - ⚠️ XML inválido (Código 0). Reintentando generación... (2/5)
2026-01-20 18:40:10 - pdf_processor - WARNING - ⚠️ XML inválido (Código 0). Reintentando generación... (3/5)
2026-01-20 18:41:06 - pdf_processor - WARNING - ⚠️ XML inválido (Código -1). Reintentando generación... (4/5)
2026-01-20 18:42:04 - pdf_processor - WARNING - ⚠️ XML inválido (Código -1). Reintentando generación... (5/5)
2026-01-20 18:42:19 - pdf_processor - ERROR - ❌ Error inesperado: ❌ No se pudo obtener un XML válido después de 5 intentos.
2026-01-20 18:42:19 - pdf_processor - ERROR - ❌ Error durante el proceso: ❌ No se pudo obtener un XML válido después de 5 intentos.
