2026-01-20 17:55:29 - pdf_processor - INFO - Logging configurado. Archivo: logs\application_date_2026-01-20_time_17-55-28.log
2026-01-20 17:55:34 - pdf_processor - INFO - 🧠 Cargando ejemplos Few-Shot...
2026-01-20 17:55:34 - pdf_processor - INFO - ✅ Ejemplo 1 (Kaqchikel) cargado correctamente.
2026-01-20 17:55:34 - pdf_processor - INFO - ✅ Ejemplo 2 (Mam) cargado correctamente.
2026-01-20 17:55:34 - pdf_processor - INFO - 🧠 Total ejemplos cargados: 2
2026-01-20 17:55:34 - pdf_processor - INFO - ----------------------------------------
2026-01-20 17:55:34 - pdf_processor - INFO - 📄 Procesando: Gramatica-Normativa-Kaqchikel.pdf
2026-01-20 17:55:34 - pdf_processor - INFO - 🌡️ Temp:      0.25
2026-01-20 17:55:34 - pdf_processor - INFO - 📂 Salida:    output
2026-01-20 17:55:34 - pdf_processor - INFO - 📖 Rango:     todas las páginas
2026-01-20 17:55:34 - pdf_processor - INFO - ----------------------------------------
2026-01-20 17:55:34 - pdf_processor - INFO - 📜 Leyendo prompt...
2026-01-20 17:55:34 - pdf_processor - INFO - 🤖 Iniciando generación con Temperatura 0.25...
2026-01-20 17:55:35 - pdf_processor - INFO - 📄 Procesando TODAS las páginas del PDF (1-308)
2026-01-20 17:55:35 - pdf_processor - INFO - 📖 Procesando páginas 1 a 5 (5 páginas)...
2026-01-20 17:56:17 - pdf_processor - WARNING - ⚠️ XML inválido (Código 0). Reintentando generación... (1/5)
2026-01-20 17:56:36 - pdf_processor - WARNING - ⚠️ Servidor sobrecargado. Reintentando... (2/5)
2026-01-20 17:57:00 - pdf_processor - WARNING - ⚠️ Servidor sobrecargado. Reintentando... (3/5)
2026-01-20 17:57:40 - pdf_processor - WARNING - ⚠️ XML inválido (Código 0). Reintentando generación... (4/5)
2026-01-20 17:58:14 - pdf_processor - WARNING - ⚠️ XML inválido (Código -1). Reintentando generación... (5/5)
2026-01-20 17:58:29 - pdf_processor - ERROR - ❌ Error inesperado: ❌ No se pudo obtener un XML válido después de 5 intentos.
2026-01-20 17:58:29 - pdf_processor - ERROR - ❌ Error durante el proceso: ❌ No se pudo obtener un XML válido después de 5 intentos.
