2025-11-25 16:58:38 - pdf_processor - INFO - Logging configurado. Archivo: logs\application_date_2025-11-25_time_16-58-38.log
2025-11-25 16:58:42 - pdf_processor - INFO - 🧠 Cargando datos de ejemplo (Few-Shot)...
2025-11-25 16:58:42 - pdf_processor - INFO - ✅ Datos Few-Shot cargados correctamente.
2025-11-25 16:58:42 - pdf_processor - INFO - --------------------------------------
2025-11-25 16:58:42 - pdf_processor - INFO - | PDF TEXT EXTRACTOR AND STRUCTURATOR |
2025-11-25 16:58:42 - pdf_processor - INFO - --------------------------------------
2025-11-25 16:58:42 - pdf_processor - INFO - 
2025-11-25 16:58:42 - pdf_processor - INFO - 📄 Procesando: data/few-shot/Gramatica-Normativa-Kaqchikel_pag_146.pdf
2025-11-25 16:58:42 - pdf_processor - INFO - 📖 Páginas a procesar: todas las páginas
2025-11-25 16:58:42 - pdf_processor - INFO - 📦 Bloques de: 5 páginas
2025-11-25 16:58:42 - pdf_processor - INFO - 📝 Prompt usado: prompts/prompt_v3
2025-11-25 16:58:42 - pdf_processor - INFO - --------------------------------------
2025-11-25 16:58:42 - pdf_processor - INFO - 
2025-11-25 16:58:42 - pdf_processor - INFO - 🤖 Generando respuesta
2025-11-25 16:58:42 - pdf_processor - INFO - 📄 Procesando TODAS las páginas del PDF (1-1)
2025-11-25 16:58:42 - pdf_processor - INFO - 📖 Procesando páginas 1 a 1 (1 páginas)...
2025-11-25 16:59:00 - pdf_processor - INFO - ██████████ 100%
2025-11-25 16:59:00 - pdf_processor - INFO - ---------------------------------
2025-11-25 16:59:00 - pdf_processor - INFO - 🧹 Limpiando respuesta de la IA...
2025-11-25 16:59:00 - pdf_processor - INFO - 📊 Páginas procesadas encontradas: [145]
2025-11-25 16:59:00 - pdf_processor - INFO - 
🤖 Fragmento de respuesta:
2025-11-25 16:59:00 - pdf_processor - INFO - <pagina num="145">
        <seccion type="Demostrativo la">
            <linea>Demostrativo la.....la':</linea>
            <interlinear_gloss>
                <paralel_phrase>
                    <or...
2025-11-25 16:59:00 - pdf_processor - INFO - Archivo guardado como: Gramatica-Normativa-Kaqchikel_pag_146_páginas_1-1_version_1.xml
2025-11-25 16:59:00 - pdf_processor - INFO - 
💾 XML guardado en: output\Gramatica-Normativa-Kaqchikel_pag_146_páginas_1-1_version_1.xml
