2025-09-28 16:43:12 - pdf_processor - INFO - Logging configurado. Archivo: logs\application_date_2025-09-28_time_16-43-12.log
2025-09-28 16:43:18 - pdf_processor - INFO - --------------------------------------
2025-09-28 16:43:18 - pdf_processor - INFO - | PDF TEXT EXTRACTOR AND STRUCTURATOR |
2025-09-28 16:43:18 - pdf_processor - INFO - --------------------------------------
2025-09-28 16:43:18 - pdf_processor - INFO - 
2025-09-28 16:43:18 - pdf_processor - INFO - 📄 Procesando: data/Gramatica-Normativa-Kaqchikel.pdf
2025-09-28 16:43:18 - pdf_processor - INFO - 📖 Páginas a procesar: páginas 146-146
2025-09-28 16:43:18 - pdf_processor - INFO - 📦 Bloques de: 5 páginas
2025-09-28 16:43:18 - pdf_processor - INFO - 📝 Prompt usado: prompts/prompt_v3
2025-09-28 16:43:18 - pdf_processor - INFO - --------------------------------------
2025-09-28 16:43:18 - pdf_processor - INFO - 
2025-09-28 16:43:18 - pdf_processor - INFO - 🤖 Generando respuesta
2025-09-28 16:43:18 - pdf_processor - INFO - 📄 Procesando páginas 146-146
2025-09-28 16:43:18 - pdf_processor - INFO - 📖 Procesando páginas 146 a 146 (1 páginas)...
2025-09-28 16:44:39 - pdf_processor - INFO - ██████████ 100%
2025-09-28 16:44:39 - pdf_processor - INFO - ---------------------------------
2025-09-28 16:44:39 - pdf_processor - INFO - 📊 Páginas procesadas encontradas: [145]
2025-09-28 16:44:39 - pdf_processor - INFO - 
🤖 Fragmento de respuesta:
2025-09-28 16:44:39 - pdf_processor - INFO - <pagina num="145">
    <seccion type="demostrativo">
        <linea>Demostrativo la.....la':</linea>
    </seccion>
    <linea>SN</linea>
    <interlinear_gloss>
        <paralel_phrase>
            <...
2025-09-28 16:44:39 - pdf_processor - INFO - Archivo guardado como: Gramatica-Normativa-Kaqchikel_páginas_146-146_version_3.xml
2025-09-28 16:44:39 - pdf_processor - INFO - 
💾 XML guardado en: output\Gramatica-Normativa-Kaqchikel_páginas_146-146_version_3.xml
