2025-12-26 17:42:08 - pdf_processor - INFO - Logging configurado. Archivo: logs\application_date_2025-12-26_time_17-42-08.log
2025-12-26 17:42:17 - pdf_processor - INFO - 🧠 Cargando ejemplos Few-Shot...
2025-12-26 17:42:17 - pdf_processor - INFO - ✅ Ejemplo 1 (Kaqchikel) cargado correctamente.
2025-12-26 17:42:17 - pdf_processor - INFO - ✅ Ejemplo 2 (Mam) cargado correctamente.
2025-12-26 17:42:17 - pdf_processor - INFO - 🧠 Total ejemplos cargados: 2
2025-12-26 17:42:17 - pdf_processor - INFO - ----------------------------------------
2025-12-26 17:42:17 - pdf_processor - INFO - 📄 Procesando: Gramatica-Normativa-Kaqchikel_pag_172.pdf
2025-12-26 17:42:17 - pdf_processor - INFO - 🌡️  Temp:      0.25
2025-12-26 17:42:17 - pdf_processor - INFO - 📂 Salida:    output
2025-12-26 17:42:17 - pdf_processor - INFO - 📖 Rango:     todas las páginas
2025-12-26 17:42:17 - pdf_processor - INFO - ----------------------------------------
2025-12-26 17:42:17 - pdf_processor - INFO - 📜 Leyendo prompt...
2025-12-26 17:42:17 - pdf_processor - INFO - 🤖 Iniciando generación con Temperatura 0.25...
2025-12-26 17:42:17 - pdf_processor - INFO - 📄 Procesando TODAS las páginas del PDF (1-1)
2025-12-26 17:42:17 - pdf_processor - INFO - 📖 Procesando páginas 1 a 1 (1 páginas)...
2025-12-26 17:43:05 - pdf_processor - INFO - ██████████ 100%
2025-12-26 17:43:05 - pdf_processor - INFO - ---------------------------------
2025-12-26 17:43:05 - pdf_processor - INFO - 🧹 Limpiando respuesta de la IA...
2025-12-26 17:43:05 - pdf_processor - INFO - Archivo guardado como: Gramatica-Normativa-Kaqchikel_pag_172_páginas_1-1_version_1.xml
2025-12-26 17:43:05 - pdf_processor - INFO - ✅ Guardado correctamente en: output\Gramatica-Normativa-Kaqchikel_pag_172_páginas_1-1_version_1.xml
