2026-01-20 12:01:48 - pdf_processor - INFO - Logging configurado. Archivo: logs\application_date_2026-01-20_time_12-01-48.log
2026-01-20 12:01:57 - pdf_processor - INFO - 🧠 Cargando ejemplos Few-Shot...
2026-01-20 12:01:57 - pdf_processor - INFO - ✅ Ejemplo 1 (Kaqchikel) cargado correctamente.
2026-01-20 12:01:57 - pdf_processor - INFO - ✅ Ejemplo 2 (Mam) cargado correctamente.
2026-01-20 12:01:57 - pdf_processor - INFO - 🧠 Total ejemplos cargados: 2
2026-01-20 12:01:57 - pdf_processor - INFO - ----------------------------------------
2026-01-20 12:01:57 - pdf_processor - INFO - 📄 Procesando: Gramatica-Normativa-Kaqchikel_pag_172.pdf
2026-01-20 12:01:57 - pdf_processor - INFO - 🌡️  Temp:      0.25
2026-01-20 12:01:57 - pdf_processor - INFO - 📂 Salida:    output
2026-01-20 12:01:57 - pdf_processor - INFO - 📖 Rango:     todas las páginas
2026-01-20 12:01:57 - pdf_processor - INFO - ----------------------------------------
2026-01-20 12:01:57 - pdf_processor - INFO - 📜 Leyendo prompt...
2026-01-20 12:01:57 - pdf_processor - INFO - 🤖 Iniciando generación con Temperatura 0.25...
2026-01-20 12:01:57 - pdf_processor - INFO - 📄 Procesando TODAS las páginas del PDF (1-1)
2026-01-20 12:01:57 - pdf_processor - INFO - 📖 Procesando páginas 1 a 1 (1 páginas)...
2026-01-20 12:02:47 - pdf_processor - WARNING - ⚠️ XML inválido (Código 1). Reintentando generación... (1/5)
2026-01-20 12:03:54 - pdf_processor - WARNING - ⚠️ XML inválido (Código 1). Reintentando generación... (2/5)
2026-01-20 12:05:03 - pdf_processor - WARNING - ⚠️ XML inválido (Código 1). Reintentando generación... (3/5)
2026-01-20 12:06:09 - pdf_processor - WARNING - ⚠️ XML inválido (Código 1). Reintentando generación... (4/5)
2026-01-20 12:06:29 - pdf_processor - ERROR - ❌ Error crítico: Servidor sobrecargado después de 5 intentos.
2026-01-20 12:06:29 - pdf_processor - ERROR - ❌ Error durante el proceso: 503 UNAVAILABLE. {'error': {'code': 503, 'message': 'The model is overloaded. Please try again later.', 'status': 'UNAVAILABLE'}}
