2026-02-08 18:39:24 - pdf_processor - INFO - Logging configurado. Archivo: logs\application_date_2026-02-08_time_18-39-24.log
2026-02-08 18:39:28 - pdf_processor - INFO - 🧠 Cargando ejemplos Few-Shot...
2026-02-08 18:39:28 - pdf_processor - INFO - ✅ Ejemplo 1 (Kaqchikel) cargado correctamente.
2026-02-08 18:39:28 - pdf_processor - INFO - ✅ Ejemplo 2 (Mam) cargado correctamente.
2026-02-08 18:39:28 - pdf_processor - INFO - 🧠 Total ejemplos cargados: 2
2026-02-08 18:39:29 - pdf_processor - INFO - ----------------------------------------
2026-02-08 18:39:29 - pdf_processor - INFO - 📄 Procesando: Gramatica-Normativa-Kaqchikel.pdf
2026-02-08 18:39:29 - pdf_processor - INFO - 🌡️ Temp:      0.25
2026-02-08 18:39:29 - pdf_processor - INFO - 📂 Salida:    output
2026-02-08 18:39:29 - pdf_processor - INFO - 📖 Rango:     páginas 160-164
2026-02-08 18:39:29 - pdf_processor - INFO - ----------------------------------------
2026-02-08 18:39:29 - pdf_processor - INFO - 📜 Leyendo prompt...
2026-02-08 18:39:29 - pdf_processor - INFO - 🤖 Iniciando generación con Temperatura 0.25...
2026-02-08 18:39:29 - pdf_processor - INFO - 📄 Procesando páginas 160-164
2026-02-08 18:39:29 - pdf_processor - INFO - 📖 Procesando páginas 160 a 161 (2 páginas)...
2026-02-08 18:39:30 - pdf_processor - INFO - 📡 Generando XML inicial...
2026-02-08 18:40:19 - pdf_processor - ERROR - ❌ Validación fallida: Error en línea 236: Element interlinear_gloss content does not follow the DTD, expecting (paralel_phrase , morpheme_analysis? , syntactic_analysis?), got (morpheme_analysis )
2026-02-08 18:40:34 - pdf_processor - WARNING - 🔧 Intento 2: XML no válido. Llamando al Corrector...
2026-02-08 18:42:29 - pdf_processor - ERROR - ❌ Validación fallida: Error en línea 236: Element interlinear_gloss content does not follow the DTD, expecting (paralel_phrase , morpheme_analysis? , syntactic_analysis?), got (morpheme_analysis )
2026-02-08 18:42:44 - pdf_processor - WARNING - 🔧 Intento 3: XML no válido. Llamando al Corrector...
2026-02-08 18:44:37 - pdf_processor - ERROR - ❌ Validación fallida: Error en línea 236: Element interlinear_gloss content does not follow the DTD, expecting (paralel_phrase , morpheme_analysis? , syntactic_analysis?), got (morpheme_analysis )
2026-02-08 18:44:52 - pdf_processor - WARNING - 🔧 Intento 4: XML no válido. Llamando al Corrector...
2026-02-08 18:46:43 - pdf_processor - ERROR - ❌ Validación fallida: Error en línea 236: Element interlinear_gloss content does not follow the DTD, expecting (paralel_phrase , morpheme_analysis? , syntactic_analysis?), got (morpheme_analysis )
2026-02-08 18:46:58 - pdf_processor - WARNING - 🔧 Intento 5: XML no válido. Llamando al Corrector...
2026-02-08 18:48:50 - pdf_processor - ERROR - ❌ Validación fallida: Error en línea 236: Element interlinear_gloss content does not follow the DTD, expecting (paralel_phrase , morpheme_analysis? , syntactic_analysis?), got (morpheme_analysis )
2026-02-08 18:49:05 - pdf_processor - ERROR - ❌ Error inesperado: ❌ No se pudo obtener un XML válido después de 5 intentos.
2026-02-08 18:49:05 - pdf_processor - ERROR - ❌ Error durante el proceso: ❌ No se pudo obtener un XML válido después de 5 intentos.
