2026-02-08 18:56:26 - pdf_processor - INFO - Logging configurado. Archivo: logs\application_date_2026-02-08_time_18-56-26.log
2026-02-08 18:56:29 - pdf_processor - INFO - 🧠 Cargando ejemplos Few-Shot...
2026-02-08 18:56:29 - pdf_processor - INFO - ✅ Ejemplo 1 (Kaqchikel) cargado correctamente.
2026-02-08 18:56:30 - pdf_processor - INFO - ✅ Ejemplo 2 (Mam) cargado correctamente.
2026-02-08 18:56:30 - pdf_processor - INFO - 🧠 Total ejemplos cargados: 2
2026-02-08 18:56:30 - pdf_processor - INFO - ----------------------------------------
2026-02-08 18:56:30 - pdf_processor - INFO - 📄 Procesando: Gramatica-Normativa-Kaqchikel.pdf
2026-02-08 18:56:30 - pdf_processor - INFO - 🌡️ Temp:      0.25
2026-02-08 18:56:30 - pdf_processor - INFO - 📂 Salida:    output
2026-02-08 18:56:30 - pdf_processor - INFO - 📖 Rango:     páginas 160-164
2026-02-08 18:56:30 - pdf_processor - INFO - ----------------------------------------
2026-02-08 18:56:30 - pdf_processor - INFO - 📜 Leyendo prompt...
2026-02-08 18:56:30 - pdf_processor - INFO - 🤖 Iniciando generación con Temperatura 0.25...
2026-02-08 18:56:30 - pdf_processor - INFO - 📄 Procesando páginas 160-164
2026-02-08 18:56:30 - pdf_processor - INFO - 📖 Procesando páginas 160 a 161 (2 páginas)...
2026-02-08 18:56:30 - pdf_processor - INFO - 📡 Generando XML inicial...
2026-02-08 18:57:31 - pdf_processor - ERROR - ❌ Validación fallida: Error en línea 236: Element interlinear_gloss content does not follow the DTD, expecting (paralel_phrase , morpheme_analysis? , syntactic_analysis?), got (morpheme_analysis )
2026-02-08 18:57:46 - pdf_processor - WARNING - 🔧 Intento 2: XML no válido. Llamando al Corrector...
2026-02-08 18:59:39 - pdf_processor - ERROR - ❌ Validación fallida: Error en línea 236: Element interlinear_gloss content does not follow the DTD, expecting (paralel_phrase , morpheme_analysis? , syntactic_analysis?), got (morpheme_analysis )
2026-02-08 18:59:54 - pdf_processor - WARNING - 🔧 Intento 3: XML no válido. Llamando al Corrector...
2026-02-08 19:01:46 - pdf_processor - ERROR - ❌ Validación fallida: Error en línea 236: Element interlinear_gloss content does not follow the DTD, expecting (paralel_phrase , morpheme_analysis? , syntactic_analysis?), got (morpheme_analysis )
2026-02-08 19:02:01 - pdf_processor - WARNING - 🔧 Intento 4: XML no válido. Llamando al Corrector...
2026-02-08 19:04:00 - pdf_processor - ERROR - ❌ Validación fallida: Error en línea 236: Element interlinear_gloss content does not follow the DTD, expecting (paralel_phrase , morpheme_analysis? , syntactic_analysis?), got (morpheme_analysis )
2026-02-08 19:04:15 - pdf_processor - WARNING - 🔧 Intento 5: XML no válido. Llamando al Corrector...
2026-02-08 19:06:10 - pdf_processor - ERROR - ❌ Validación fallida: Error en línea 236: Element interlinear_gloss content does not follow the DTD, expecting (paralel_phrase , morpheme_analysis? , syntactic_analysis?), got (morpheme_analysis )
2026-02-08 19:06:25 - pdf_processor - WARNING - ⚠️ No se pudo obtener un XML válido tras 5 intentos.
2026-02-08 19:06:25 - pdf_processor - WARNING - 📄 Se devolverá el último XML generado para no detener el proceso.
2026-02-08 19:06:25 - pdf_processor - INFO - ████▒▒▒▒▒▒ 40%
2026-02-08 19:06:25 - pdf_processor - INFO - ---------------------------------
2026-02-08 19:06:25 - pdf_processor - INFO - 📖 Procesando páginas 162 a 163 (2 páginas)...
2026-02-08 19:06:25 - pdf_processor - INFO - 📡 Generando XML inicial...
2026-02-08 19:07:17 - pdf_processor - INFO - ✅ XML validado correctamente en el intento 1.
2026-02-08 19:07:17 - pdf_processor - INFO - ████████▒▒ 80%
2026-02-08 19:07:17 - pdf_processor - INFO - ---------------------------------
2026-02-08 19:07:17 - pdf_processor - INFO - 📖 Procesando páginas 164 a 164 (1 páginas)...
2026-02-08 19:07:18 - pdf_processor - INFO - 📡 Generando XML inicial...
2026-02-08 19:08:06 - pdf_processor - ERROR - ❌ Validación fallida: Error en línea 173: Element interlinear_gloss content does not follow the DTD, expecting (paralel_phrase , morpheme_analysis? , syntactic_analysis?), got (morpheme_analysis )
2026-02-08 19:08:21 - pdf_processor - WARNING - 🔧 Intento 2: XML no válido. Llamando al Corrector...
2026-02-08 19:09:38 - pdf_processor - INFO - ✅ XML validado correctamente en el intento 2.
2026-02-08 19:09:38 - pdf_processor - INFO - ██████████ 100%
2026-02-08 19:09:38 - pdf_processor - INFO - ---------------------------------
2026-02-08 19:09:38 - pdf_processor - INFO - 🧹 Limpiando respuesta de la IA...
2026-02-08 19:09:38 - pdf_processor - INFO - Archivo guardado como: Gramatica-Normativa-Kaqchikel_pag_160-164_version_1.xml
2026-02-08 19:09:38 - pdf_processor - INFO - ✅ XML guardado correctamente en: output\Gramatica-Normativa-Kaqchikel_pag_160-164_version_1.xml
2026-02-08 19:09:38 - pdf_processor - INFO - 🎨 Generando archivo LaTeX a partir del XML...
2026-02-08 19:09:38 - pdf_processor - ERROR - ❌ Error durante la generación de LaTeX: 'NoneType' object has no attribute 'strip'
