2025-11-25 19:50:54 - pdf_processor - INFO - Logging configurado. Archivo: logs\application_date_2025-11-25_time_19-50-54.log
2025-11-25 19:50:57 - pdf_processor - INFO - 🧠 Cargando ejemplos Few-Shot...
2025-11-25 19:50:57 - pdf_processor - INFO - ✅ Ejemplo 1 (Kaqchikel) cargado correctamente.
2025-11-25 19:50:57 - pdf_processor - INFO - ✅ Ejemplo 2 (Mam) cargado correctamente.
2025-11-25 19:50:57 - pdf_processor - INFO - 🧠 Total ejemplos cargados: 2
2025-11-25 19:50:57 - pdf_processor - INFO - --------------------------------------
2025-11-25 19:50:57 - pdf_processor - INFO - | PDF TEXT EXTRACTOR AND STRUCTURATOR |
2025-11-25 19:50:57 - pdf_processor - INFO - --------------------------------------
2025-11-25 19:50:57 - pdf_processor - INFO - 
2025-11-25 19:50:57 - pdf_processor - INFO - 📄 Procesando: data/reducidos/Gramatica-Normativa-Kaqchikel_pag_172.pdf
2025-11-25 19:50:57 - pdf_processor - INFO - 📖 Páginas a procesar: todas las páginas
2025-11-25 19:50:57 - pdf_processor - INFO - 📦 Bloques de: 5 páginas
2025-11-25 19:50:57 - pdf_processor - INFO - 📝 Prompt usado: prompts/prompt_v4
2025-11-25 19:50:57 - pdf_processor - INFO - --------------------------------------
2025-11-25 19:50:57 - pdf_processor - INFO - 
2025-11-25 19:50:57 - pdf_processor - INFO - 🤖 Generando respuesta
2025-11-25 19:50:57 - pdf_processor - INFO - 📄 Procesando TODAS las páginas del PDF (1-1)
2025-11-25 19:50:57 - pdf_processor - INFO - 📖 Procesando páginas 1 a 1 (1 páginas)...
2025-11-25 19:51:44 - pdf_processor - INFO - ██████████ 100%
2025-11-25 19:51:44 - pdf_processor - INFO - ---------------------------------
2025-11-25 19:51:44 - pdf_processor - INFO - 🧹 Limpiando respuesta de la IA...
2025-11-25 19:51:44 - pdf_processor - INFO - 📊 Páginas procesadas encontradas: [171]
2025-11-25 19:51:44 - pdf_processor - INFO - 
🤖 Fragmento de respuesta limpio:
2025-11-25 19:51:44 - pdf_processor - INFO - <pagina num="171">
        <linea>(plural) del objeto y sujeto. La palabra principal incluye primeramente el tiempo/aspecto</linea>
        <linea>o modo (excepto en el perfectivo que es la última), s...
2025-11-25 19:51:44 - pdf_processor - INFO - Archivo guardado como: Gramatica-Normativa-Kaqchikel_pag_172_páginas_1-1_version_4.xml
2025-11-25 19:51:44 - pdf_processor - INFO - 
💾 XML guardado en: output\Gramatica-Normativa-Kaqchikel_pag_172_páginas_1-1_version_4.xml
