2026-04-14 17:46:24 - pdf_processor - INFO - Logging configurado. Archivo: logs\application_date_2026-04-14_time_17-46-24.log
2026-04-14 17:46:28 - pdf_processor - INFO - 🧠 Cargando ejemplos Few-Shot...
2026-04-14 17:46:28 - pdf_processor - INFO - ✅ Ejemplo 1 (Kaqchikel) cargado correctamente.
2026-04-14 17:46:28 - pdf_processor - INFO - ✅ Ejemplo 2 (Mam) cargado correctamente.
2026-04-14 17:46:28 - pdf_processor - INFO - 🧠 Total ejemplos cargados: 2
2026-04-14 17:46:28 - pdf_processor - INFO - ----------------------------------------
2026-04-14 17:46:28 - pdf_processor - INFO - 📄 Procesando: Gramatica-Normativa-Mam_pag_90.pdf
2026-04-14 17:46:28 - pdf_processor - INFO - 🌡️ Temp:      0.25
2026-04-14 17:46:28 - pdf_processor - INFO - 📂 Salida:    output
2026-04-14 17:46:28 - pdf_processor - INFO - 📖 Rango:     todas las páginas
2026-04-14 17:46:28 - pdf_processor - INFO - ----------------------------------------
2026-04-14 17:46:28 - pdf_processor - INFO - 📜 Leyendo prompt...
2026-04-14 17:46:28 - pdf_processor - INFO - 🤖 Iniciando generación con Temperatura 0.25...
2026-04-14 17:46:28 - pdf_processor - INFO - 📄 Procesando TODAS las páginas del PDF (1-1)
2026-04-14 17:46:28 - pdf_processor - INFO - 📖 Procesando páginas 1 a 1 (1 páginas)...
2026-04-14 17:46:28 - pdf_processor - INFO - 📡 Generando XML inicial...
2026-04-14 17:46:40 - pdf_processor - ERROR - ❌ Validación fallida: Error en línea 3: Element page content does not follow the DTD, expecting (line | heading | title | interlinear_gloss | parallel_phrase)*, got (heading line line line line interlinear_gloss interlinear_gloss interlinear_gloss interlinear_gloss heading line line line line line line line line page_number )
2026-04-14 17:46:55 - pdf_processor - WARNING - 🔧 Intento 2: XML no válido. Llamando al Corrector...
2026-04-14 17:47:34 - pdf_processor - ERROR - ❌ Validación fallida: Error en línea 3: Element page content does not follow the DTD, expecting (line | heading | title | interlinear_gloss | parallel_phrase)*, got (heading line line line line interlinear_gloss interlinear_gloss interlinear_gloss interlinear_gloss heading line line line line line line line line page_number )
2026-04-14 17:47:49 - pdf_processor - WARNING - 🔧 Intento 3: XML no válido. Llamando al Corrector...
2026-04-14 17:48:25 - pdf_processor - INFO - ✅ XML validado correctamente en el intento 3.
2026-04-14 17:48:25 - pdf_processor - INFO - ██████████ 100%
2026-04-14 17:48:25 - pdf_processor - INFO - ---------------------------------
2026-04-14 17:48:25 - pdf_processor - INFO - 🧹 Limpiando respuesta de la IA...
2026-04-14 17:48:25 - pdf_processor - INFO - Archivo guardado como: Gramatica-Normativa-Mam_pag_90_pag_1-1_version_1.xml
2026-04-14 17:48:25 - pdf_processor - INFO - ✅ XML guardado correctamente en: output\Gramatica-Normativa-Mam_pag_90_pag_1-1_version_1.xml
2026-04-14 17:48:25 - pdf_processor - INFO - 🎨 Generando archivo LaTeX a partir del XML...
2026-04-14 17:48:25 - pdf_processor - INFO - 🌳 XML procesado correctamente: output\Gramatica-Normativa-Mam_pag_90_pag_1-1_version_1.xml
2026-04-14 17:48:25 - pdf_processor - INFO - ⏳ Compilando output\Gramatica-Normativa-Mam_pag_90_pag_1-1_version_1.tex a PDF...
2026-04-14 17:48:27 - pdf_processor - INFO - ✅ PDF generado con éxito en: output
2026-04-14 17:48:27 - pdf_processor - INFO - ✨ LaTeX generado correctamente en: output\Gramatica-Normativa-Mam_pag_90_pag_1-1_version_1.tex
