2026-02-08 19:42:37 - pdf_processor - INFO - Logging configurado. Archivo: logs\application_date_2026-02-08_time_19-42-37.log
2026-02-08 19:42:42 - pdf_processor - INFO - 🧠 Cargando ejemplos Few-Shot...
2026-02-08 19:42:42 - pdf_processor - INFO - ✅ Ejemplo 1 (Kaqchikel) cargado correctamente.
2026-02-08 19:42:42 - pdf_processor - INFO - ✅ Ejemplo 2 (Mam) cargado correctamente.
2026-02-08 19:42:42 - pdf_processor - INFO - 🧠 Total ejemplos cargados: 2
2026-02-08 19:42:44 - pdf_processor - INFO - ----------------------------------------
2026-02-08 19:42:44 - pdf_processor - INFO - 📄 Procesando: Gramatica-Normativa-Kaqchikel.pdf
2026-02-08 19:42:44 - pdf_processor - INFO - 🌡️ Temp:      0.25
2026-02-08 19:42:44 - pdf_processor - INFO - 📂 Salida:    output
2026-02-08 19:42:44 - pdf_processor - INFO - 📖 Rango:     páginas 160-161
2026-02-08 19:42:44 - pdf_processor - INFO - ----------------------------------------
2026-02-08 19:42:44 - pdf_processor - INFO - 📜 Leyendo prompt...
2026-02-08 19:42:44 - pdf_processor - INFO - 🤖 Iniciando generación con Temperatura 0.25...
2026-02-08 19:42:44 - pdf_processor - INFO - 📄 Procesando páginas 160-161
2026-02-08 19:42:44 - pdf_processor - INFO - 📖 Procesando páginas 160 a 161 (2 páginas)...
2026-02-08 19:42:44 - pdf_processor - INFO - 📡 Generando XML inicial...
2026-02-08 19:43:12 - pdf_processor - INFO - ✅ XML validado correctamente en el intento 1.
2026-02-08 19:43:12 - pdf_processor - INFO - ██████████ 100%
2026-02-08 19:43:12 - pdf_processor - INFO - ---------------------------------
2026-02-08 19:43:12 - pdf_processor - INFO - 🧹 Limpiando respuesta de la IA...
2026-02-08 19:43:12 - pdf_processor - INFO - Archivo guardado como: Gramatica-Normativa-Kaqchikel_pag_160-161_version_1.xml
2026-02-08 19:43:12 - pdf_processor - INFO - ✅ XML guardado correctamente en: output\Gramatica-Normativa-Kaqchikel_pag_160-161_version_1.xml
2026-02-08 19:43:12 - pdf_processor - INFO - 🎨 Generando archivo LaTeX a partir del XML...
2026-02-08 19:43:12 - pdf_processor - INFO - ⏳ Compilando output\Gramatica-Normativa-Kaqchikel_pag_160-161_version_1.tex a PDF...
